2023-05-22 09:31:13.964 +05:30 [INF] User profile is available. Using 'C:\Users\sargu\AppData\Local\ASP.NET\DataProtection-Keys' as key repository and Windows DPAPI to encrypt keys at rest.
2023-05-22 09:31:14.367 +05:30 [INF] Creating key {ce99128c-5cfd-4c2c-af76-fc04b54dac0d} with creation date 2023-05-22 04:01:14Z, activation date 2023-05-22 15:46:34Z, and expiration date 2023-08-20 04:01:14Z.
2023-05-22 09:31:14.413 +05:30 [INF] Writing data to file 'C:\Users\sargu\AppData\Local\ASP.NET\DataProtection-Keys\key-ce99128c-5cfd-4c2c-af76-fc04b54dac0d.xml'.
2023-05-22 09:31:14.900 +05:30 [INF] Now listening on: http://localhost:5211
2023-05-22 09:31:14.919 +05:30 [INF] Application started. Press Ctrl+C to shut down.
2023-05-22 09:31:14.919 +05:30 [INF] Hosting environment: Development
2023-05-22 09:31:14.919 +05:30 [INF] Content root path: C:\Users\sargu\Desktop\shanmugasundaram\IdentityManagement
2023-05-22 09:31:18.001 +05:30 [INF] Request starting HTTP/1.1 GET http://localhost:5211/ - -
2023-05-22 09:31:18.112 +05:30 [WRN] Failed to determine the https port for redirect.
2023-05-22 09:31:18.727 +05:30 [INF] Executing endpoint 'IdentityManagement.Controllers.HomeController.Index (IdentityManagement)'
2023-05-22 09:31:18.799 +05:30 [INF] Route matched with {action = "Index", controller = "Home"}. Executing controller action with signature Microsoft.AspNetCore.Mvc.IActionResult Index() on controller IdentityManagement.Controllers.HomeController (IdentityManagement).
2023-05-22 09:31:18.834 +05:30 [INF] Executing ViewResult, running view Index.
2023-05-22 09:31:19.577 +05:30 [INF] Executed ViewResult - view Index executed in 721.3166ms.
2023-05-22 09:31:19.595 +05:30 [INF] Executed action IdentityManagement.Controllers.HomeController.Index (IdentityManagement) in 794.6777ms
2023-05-22 09:31:19.596 +05:30 [INF] Executed endpoint 'IdentityManagement.Controllers.HomeController.Index (IdentityManagement)'
2023-05-22 09:31:19.767 +05:30 [INF] Request finished HTTP/1.1 GET http://localhost:5211/ - - - 200 - text/html;+charset=utf-8 1855.2901ms
2023-05-22 09:31:19.964 +05:30 [INF] Request starting HTTP/1.1 GET http://localhost:5211/lib/bootstrap/dist/css/bootstrap.min.css - -
2023-05-22 09:31:20.199 +05:30 [INF] The file /lib/bootstrap/dist/css/bootstrap.min.css was not modified
2023-05-22 09:31:20.201 +05:30 [INF] Request finished HTTP/1.1 GET http://localhost:5211/lib/bootstrap/dist/css/bootstrap.min.css - - - 304 - text/css 237.1640ms
2023-05-22 09:31:20.231 +05:30 [INF] Request starting HTTP/1.1 GET http://localhost:5211/_framework/aspnetcore-browser-refresh.js - -
2023-05-22 09:31:20.235 +05:30 [INF] Request finished HTTP/1.1 GET http://localhost:5211/_framework/aspnetcore-browser-refresh.js - - - 200 11963 application/javascript;+charset=utf-8 4.1828ms
2023-05-22 09:31:20.351 +05:30 [INF] Request starting HTTP/1.1 GET http://localhost:5211/images/Elogo.png - -
2023-05-22 09:31:20.357 +05:30 [INF] The file /images/Elogo.png was not modified
2023-05-22 09:31:20.358 +05:30 [INF] Request finished HTTP/1.1 GET http://localhost:5211/images/Elogo.png - - - 304 - image/png 6.6517ms
2023-05-22 09:31:20.358 +05:30 [INF] Request starting HTTP/1.1 GET http://localhost:5211/images/carosal3.jpg - -
2023-05-22 09:31:20.359 +05:30 [INF] The file /images/carosal3.jpg was not modified
2023-05-22 09:31:20.360 +05:30 [INF] Request finished HTTP/1.1 GET http://localhost:5211/images/carosal3.jpg - - - 304 - image/jpeg 1.3274ms
2023-05-22 09:31:20.384 +05:30 [INF] Request starting HTTP/1.1 GET http://localhost:5211/images/carosal2.jpg - -
2023-05-22 09:31:20.384 +05:30 [INF] The file /images/carosal2.jpg was not modified
2023-05-22 09:31:20.385 +05:30 [INF] Request finished HTTP/1.1 GET http://localhost:5211/images/carosal2.jpg - - - 304 - image/jpeg 1.0252ms
2023-05-22 09:31:20.401 +05:30 [INF] Request starting HTTP/1.1 GET http://localhost:5211/images/carosal1.jpg - -
2023-05-22 09:31:20.402 +05:30 [INF] The file /images/carosal1.jpg was not modified
2023-05-22 09:31:20.403 +05:30 [INF] Request finished HTTP/1.1 GET http://localhost:5211/images/carosal1.jpg - - - 304 - image/jpeg 1.9064ms
2023-05-22 09:31:20.405 +05:30 [INF] Request starting HTTP/1.1 GET http://localhost:5211/lib/jquery/dist/jquery.min.js - -
2023-05-22 09:31:20.405 +05:30 [INF] Request starting HTTP/1.1 GET http://localhost:5211/lib/bootstrap/dist/js/bootstrap.bundle.min.js - -
2023-05-22 09:31:20.405 +05:30 [INF] The file /lib/jquery/dist/jquery.min.js was not modified
2023-05-22 09:31:20.406 +05:30 [INF] Request finished HTTP/1.1 GET http://localhost:5211/lib/jquery/dist/jquery.min.js - - - 304 - text/javascript 1.0376ms
2023-05-22 09:31:20.406 +05:30 [INF] The file /lib/bootstrap/dist/js/bootstrap.bundle.min.js was not modified
2023-05-22 09:31:20.406 +05:30 [INF] Request finished HTTP/1.1 GET http://localhost:5211/lib/bootstrap/dist/js/bootstrap.bundle.min.js - - - 304 - text/javascript 1.3974ms
2023-05-22 09:31:20.678 +05:30 [INF] Request starting HTTP/1.1 GET http://localhost:5211/js/site.js?v=4q1jwFhaPaZgr8WAUSrux6hAuh0XDg9kPS3xIVq36I0 - -
2023-05-22 09:31:20.679 +05:30 [INF] The file /js/site.js was not modified
2023-05-22 09:31:20.679 +05:30 [INF] Request finished HTTP/1.1 GET http://localhost:5211/js/site.js?v=4q1jwFhaPaZgr8WAUSrux6hAuh0XDg9kPS3xIVq36I0 - - - 304 - text/javascript 0.8154ms
2023-05-22 09:36:25.498 +05:30 [INF] Application is shutting down...
2023-05-22 09:37:11.502 +05:30 [INF] User profile is available. Using 'C:\Users\sargu\AppData\Local\ASP.NET\DataProtection-Keys' as key repository and Windows DPAPI to encrypt keys at rest.
2023-05-22 09:37:11.931 +05:30 [INF] Now listening on: http://localhost:5211
2023-05-22 09:37:11.995 +05:30 [INF] Application started. Press Ctrl+C to shut down.
2023-05-22 09:37:11.995 +05:30 [INF] Hosting environment: Development
2023-05-22 09:37:11.996 +05:30 [INF] Content root path: C:\Users\sargu\Desktop\shanmugasundaram\IdentityManagement
2023-05-22 09:37:14.833 +05:30 [INF] Request starting HTTP/1.1 GET http://localhost:5211/ - -
2023-05-22 09:37:15.611 +05:30 [WRN] Failed to determine the https port for redirect.
2023-05-22 09:37:18.347 +05:30 [INF] Executing endpoint 'IdentityManagement.Controllers.HomeController.Index (IdentityManagement)'
2023-05-22 09:37:18.587 +05:30 [INF] Route matched with {action = "Index", controller = "Home"}. Executing controller action with signature Microsoft.AspNetCore.Mvc.IActionResult Index() on controller IdentityManagement.Controllers.HomeController (IdentityManagement).
2023-05-22 09:37:18.763 +05:30 [INF] Executing ViewResult, running view Index.
2023-05-22 09:37:19.835 +05:30 [INF] Executed ViewResult - view Index executed in 1206.9321ms.
2023-05-22 09:37:19.844 +05:30 [INF] Executed action IdentityManagement.Controllers.HomeController.Index (IdentityManagement) in 1256.3798ms
2023-05-22 09:37:19.845 +05:30 [INF] Executed endpoint 'IdentityManagement.Controllers.HomeController.Index (IdentityManagement)'
2023-05-22 09:37:19.957 +05:30 [INF] Request finished HTTP/1.1 GET http://localhost:5211/ - - - 200 - text/html;+charset=utf-8 5145.9343ms
2023-05-22 09:37:27.467 +05:30 [INF] Request starting HTTP/1.1 GET http://localhost:5211/_framework/aspnetcore-browser-refresh.js - -
2023-05-22 09:37:27.472 +05:30 [INF] Request finished HTTP/1.1 GET http://localhost:5211/_framework/aspnetcore-browser-refresh.js - - - 200 11963 application/javascript;+charset=utf-8 5.1723ms
2023-05-22 09:37:35.901 +05:30 [INF] Request starting HTTP/1.1 GET http://localhost:5211/Employee/EmployeeLogin - -
2023-05-22 09:37:35.919 +05:30 [INF] Executing endpoint 'IdentityManagement.Controllers.EmployeeController.EmployeeLogin (IdentityManagement)'
2023-05-22 09:37:35.926 +05:30 [INF] Route matched with {action = "EmployeeLogin", controller = "Employee"}. Executing controller action with signature Microsoft.AspNetCore.Mvc.IActionResult EmployeeLogin() on controller IdentityManagement.Controllers.EmployeeController (IdentityManagement).
2023-05-22 09:37:35.933 +05:30 [INF] Executing ViewResult, running view EmployeeLogin.
2023-05-22 09:37:36.098 +05:30 [INF] Executed ViewResult - view EmployeeLogin executed in 166.753ms.
2023-05-22 09:37:36.098 +05:30 [INF] Executed action IdentityManagement.Controllers.EmployeeController.EmployeeLogin (IdentityManagement) in 172.0874ms
2023-05-22 09:37:36.099 +05:30 [INF] Executed endpoint 'IdentityManagement.Controllers.EmployeeController.EmployeeLogin (IdentityManagement)'
2023-05-22 09:37:36.099 +05:30 [INF] Request finished HTTP/1.1 GET http://localhost:5211/Employee/EmployeeLogin - - - 200 - text/html;+charset=utf-8 198.4185ms
2023-05-22 09:37:36.270 +05:30 [INF] Request starting HTTP/1.1 GET http://localhost:5211/css/login.css?v=i6jE1K6FOEzzUP9vY7KX9e73WrgSAVVmNoBqIp33Ul8 - -
2023-05-22 09:37:36.280 +05:30 [INF] Request starting HTTP/1.1 GET http://localhost:5211/Employee/slide navbar style.css - -
2023-05-22 09:37:36.303 +05:30 [INF] Request finished HTTP/1.1 GET http://localhost:5211/Employee/slide navbar style.css - - - 404 0 - 22.2098ms
2023-05-22 09:37:36.320 +05:30 [INF] Request starting HTTP/1.1 GET http://localhost:5211/_framework/aspnetcore-browser-refresh.js - -
2023-05-22 09:37:36.320 +05:30 [INF] Request finished HTTP/1.1 GET http://localhost:5211/_framework/aspnetcore-browser-refresh.js - - - 200 11963 application/javascript;+charset=utf-8 0.6332ms
2023-05-22 09:37:36.342 +05:30 [INF] The file /css/login.css was not modified
2023-05-22 09:37:36.343 +05:30 [INF] Request finished HTTP/1.1 GET http://localhost:5211/css/login.css?v=i6jE1K6FOEzzUP9vY7KX9e73WrgSAVVmNoBqIp33Ul8 - - - 304 - text/css 72.9597ms
2023-05-22 09:37:40.802 +05:30 [INF] Request starting HTTP/1.1 POST http://localhost:5211/Employee/EmployeeLogin application/x-www-form-urlencoded 237
2023-05-22 09:37:40.803 +05:30 [INF] Executing endpoint 'IdentityManagement.Controllers.EmployeeController.EmployeeLoginAsync (IdentityManagement)'
2023-05-22 09:37:40.885 +05:30 [INF] Route matched with {action = "EmployeeLogin", controller = "Employee"}. Executing controller action with signature System.Threading.Tasks.Task`1[Microsoft.AspNetCore.Mvc.IActionResult] EmployeeLoginAsync(User, IdentityManagement.Models.Database) on controller IdentityManagement.Controllers.EmployeeController (IdentityManagement).
2023-05-22 09:37:42.140 +05:30 [INF] Executing ViewResult, running view EmployeeLogin.
2023-05-22 09:37:42.148 +05:30 [INF] Executed ViewResult - view EmployeeLogin executed in 7.7167ms.
2023-05-22 09:37:42.148 +05:30 [INF] Executed action IdentityManagement.Controllers.EmployeeController.EmployeeLoginAsync (IdentityManagement) in 1263.3585ms
2023-05-22 09:37:42.148 +05:30 [INF] Executed endpoint 'IdentityManagement.Controllers.EmployeeController.EmployeeLoginAsync (IdentityManagement)'
2023-05-22 09:37:42.148 +05:30 [INF] Request finished HTTP/1.1 POST http://localhost:5211/Employee/EmployeeLogin application/x-www-form-urlencoded 237 - 200 - text/html;+charset=utf-8 1346.2552ms
2023-05-22 09:37:42.257 +05:30 [INF] Request starting HTTP/1.1 GET http://localhost:5211/_framework/aspnetcore-browser-refresh.js - -
2023-05-22 09:37:42.257 +05:30 [INF] Request finished HTTP/1.1 GET http://localhost:5211/_framework/aspnetcore-browser-refresh.js - - - 200 11963 application/javascript;+charset=utf-8 0.2697ms
2023-05-22 09:37:42.257 +05:30 [INF] Request starting HTTP/1.1 GET http://localhost:5211/Employee/slide navbar style.css - -
2023-05-22 09:37:42.261 +05:30 [INF] Request finished HTTP/1.1 GET http://localhost:5211/Employee/slide navbar style.css - - - 404 0 - 3.7041ms
2023-05-22 09:37:45.641 +05:30 [INF] Request starting HTTP/1.1 POST http://localhost:5211/Employee/EmployeeLogin application/x-www-form-urlencoded 237
2023-05-22 09:37:45.642 +05:30 [INF] Executing endpoint 'IdentityManagement.Controllers.EmployeeController.EmployeeLoginAsync (IdentityManagement)'
2023-05-22 09:37:45.642 +05:30 [INF] Route matched with {action = "EmployeeLogin", controller = "Employee"}. Executing controller action with signature System.Threading.Tasks.Task`1[Microsoft.AspNetCore.Mvc.IActionResult] EmployeeLoginAsync(User, IdentityManagement.Models.Database) on controller IdentityManagement.Controllers.EmployeeController (IdentityManagement).
2023-05-22 09:37:45.667 +05:30 [INF] Executing ViewResult, running view EmployeeLogin.
2023-05-22 09:37:45.672 +05:30 [INF] Executed ViewResult - view EmployeeLogin executed in 5.0437ms.
2023-05-22 09:37:45.672 +05:30 [INF] Executed action IdentityManagement.Controllers.EmployeeController.EmployeeLoginAsync (IdentityManagement) in 27.0652ms
2023-05-22 09:37:45.672 +05:30 [INF] Executed endpoint 'IdentityManagement.Controllers.EmployeeController.EmployeeLoginAsync (IdentityManagement)'
2023-05-22 09:37:45.672 +05:30 [INF] Request finished HTTP/1.1 POST http://localhost:5211/Employee/EmployeeLogin application/x-www-form-urlencoded 237 - 200 - text/html;+charset=utf-8 30.9234ms
2023-05-22 09:37:45.843 +05:30 [INF] Request starting HTTP/1.1 GET http://localhost:5211/Employee/slide navbar style.css - -
2023-05-22 09:37:45.846 +05:30 [INF] Request finished HTTP/1.1 GET http://localhost:5211/Employee/slide navbar style.css - - - 404 0 - 3.8098ms
2023-05-22 09:37:45.847 +05:30 [INF] Request starting HTTP/1.1 GET http://localhost:5211/_framework/aspnetcore-browser-refresh.js - -
2023-05-22 09:37:45.847 +05:30 [INF] Request finished HTTP/1.1 GET http://localhost:5211/_framework/aspnetcore-browser-refresh.js - - - 200 11963 application/javascript;+charset=utf-8 0.2042ms
2023-05-22 09:38:26.504 +05:30 [INF] Request starting HTTP/1.1 POST http://localhost:5211/Employee/EmployeeLogin application/x-www-form-urlencoded 237
2023-05-22 09:38:26.504 +05:30 [INF] Executing endpoint 'IdentityManagement.Controllers.EmployeeController.EmployeeLoginAsync (IdentityManagement)'
2023-05-22 09:38:26.530 +05:30 [INF] Route matched with {action = "EmployeeLogin", controller = "Employee"}. Executing controller action with signature System.Threading.Tasks.Task`1[Microsoft.AspNetCore.Mvc.IActionResult] EmployeeLoginAsync(User, IdentityManagement.Models.Database) on controller IdentityManagement.Controllers.EmployeeController (IdentityManagement).
2023-05-22 09:38:26.570 +05:30 [INF] Executing ViewResult, running view EmployeeLogin.
2023-05-22 09:38:26.589 +05:30 [INF] Executed ViewResult - view EmployeeLogin executed in 20.966ms.
2023-05-22 09:38:26.589 +05:30 [INF] Executed action IdentityManagement.Controllers.EmployeeController.EmployeeLoginAsync (IdentityManagement) in 58.6137ms
2023-05-22 09:38:26.589 +05:30 [INF] Executed endpoint 'IdentityManagement.Controllers.EmployeeController.EmployeeLoginAsync (IdentityManagement)'
2023-05-22 09:38:26.589 +05:30 [INF] Request finished HTTP/1.1 POST http://localhost:5211/Employee/EmployeeLogin application/x-www-form-urlencoded 237 - 200 - text/html;+charset=utf-8 85.6824ms
2023-05-22 09:38:27.793 +05:30 [INF] Request starting HTTP/1.1 GET http://localhost:5211/Employee/slide navbar style.css - -
2023-05-22 09:38:27.825 +05:30 [INF] Request finished HTTP/1.1 GET http://localhost:5211/Employee/slide navbar style.css - - - 404 0 - 31.8998ms
2023-05-22 09:38:27.878 +05:30 [INF] Request starting HTTP/1.1 GET http://localhost:5211/_framework/aspnetcore-browser-refresh.js - -
2023-05-22 09:38:27.878 +05:30 [INF] Request finished HTTP/1.1 GET http://localhost:5211/_framework/aspnetcore-browser-refresh.js - - - 200 11963 application/javascript;+charset=utf-8 0.3263ms
2023-05-22 09:38:32.704 +05:30 [INF] Request starting HTTP/1.1 POST http://localhost:5211/Employee/EmployeeLogin application/x-www-form-urlencoded 237
2023-05-22 09:38:32.705 +05:30 [INF] Executing endpoint 'IdentityManagement.Controllers.EmployeeController.EmployeeLoginAsync (IdentityManagement)'
2023-05-22 09:38:32.720 +05:30 [INF] Route matched with {action = "EmployeeLogin", controller = "Employee"}. Executing controller action with signature System.Threading.Tasks.Task`1[Microsoft.AspNetCore.Mvc.IActionResult] EmployeeLoginAsync(User, IdentityManagement.Models.Database) on controller IdentityManagement.Controllers.EmployeeController (IdentityManagement).
2023-05-22 09:38:32.727 +05:30 [INF] Executing ViewResult, running view EmployeeLogin.
2023-05-22 09:38:32.739 +05:30 [INF] Executed ViewResult - view EmployeeLogin executed in 14.0917ms.
2023-05-22 09:38:32.740 +05:30 [INF] Executed action IdentityManagement.Controllers.EmployeeController.EmployeeLoginAsync (IdentityManagement) in 19.5227ms
2023-05-22 09:38:32.740 +05:30 [INF] Executed endpoint 'IdentityManagement.Controllers.EmployeeController.EmployeeLoginAsync (IdentityManagement)'
2023-05-22 09:38:32.740 +05:30 [INF] Request finished HTTP/1.1 POST http://localhost:5211/Employee/EmployeeLogin application/x-www-form-urlencoded 237 - 200 - text/html;+charset=utf-8 35.5860ms
2023-05-22 09:38:33.209 +05:30 [INF] Request starting HTTP/1.1 GET http://localhost:5211/Employee/slide navbar style.css - -
2023-05-22 09:38:33.220 +05:30 [INF] Request finished HTTP/1.1 GET http://localhost:5211/Employee/slide navbar style.css - - - 404 0 - 11.3868ms
2023-05-22 09:38:33.280 +05:30 [INF] Request starting HTTP/1.1 GET http://localhost:5211/_framework/aspnetcore-browser-refresh.js - -
2023-05-22 09:38:33.280 +05:30 [INF] Request finished HTTP/1.1 GET http://localhost:5211/_framework/aspnetcore-browser-refresh.js - - - 200 11963 application/javascript;+charset=utf-8 0.3038ms
2023-05-22 10:00:38.709 +05:30 [INF] Application is shutting down...
