2023-05-31 09:20:30.673 +05:30 [INF] User profile is available. Using 'C:\Users\sargu\AppData\Local\ASP.NET\DataProtection-Keys' as key repository and Windows DPAPI to encrypt keys at rest.
2023-05-31 09:20:31.261 +05:30 [INF] Now listening on: http://localhost:5211
2023-05-31 09:20:31.276 +05:30 [INF] Application started. Press Ctrl+C to shut down.
2023-05-31 09:20:31.277 +05:30 [INF] Hosting environment: Development
2023-05-31 09:20:31.277 +05:30 [INF] Content root path: C:\Users\sargu\Desktop\FinalProject\IdentityManagement
2023-05-31 09:20:34.579 +05:30 [INF] Request starting HTTP/1.1 GET http://localhost:5211/ - -
2023-05-31 09:20:34.973 +05:30 [WRN] Failed to determine the https port for redirect.
2023-05-31 09:20:35.813 +05:30 [INF] Request finished HTTP/1.1 GET http://localhost:5211/ - - - 404 0 - 1562.9867ms
2023-05-31 09:29:29.499 +05:30 [INF] Request starting HTTP/1.1 GET http://localhost:5211/ - -
2023-05-31 09:29:29.511 +05:30 [INF] Request finished HTTP/1.1 GET http://localhost:5211/ - - - 404 0 - 12.1467ms
2023-05-31 09:29:34.622 +05:30 [INF] Application is shutting down...
2023-05-31 09:30:23.532 +05:30 [INF] User profile is available. Using 'C:\Users\sargu\AppData\Local\ASP.NET\DataProtection-Keys' as key repository and Windows DPAPI to encrypt keys at rest.
2023-05-31 09:30:23.842 +05:30 [INF] Now listening on: http://localhost:5211
2023-05-31 09:30:23.856 +05:30 [INF] Application started. Press Ctrl+C to shut down.
2023-05-31 09:30:23.857 +05:30 [INF] Hosting environment: Development
2023-05-31 09:30:23.857 +05:30 [INF] Content root path: C:\Users\sargu\Desktop\FinalProject\IdentityManagement
2023-05-31 09:30:26.027 +05:30 [INF] Request starting HTTP/1.1 GET http://localhost:5211/ - -
2023-05-31 09:30:26.659 +05:30 [WRN] Failed to determine the https port for redirect.
2023-05-31 09:30:27.924 +05:30 [INF] Executing endpoint 'IdentityManagement.Controllers.HomeController.Index (IdentityManagement)'
2023-05-31 09:30:28.156 +05:30 [INF] Route matched with {action = "Index", controller = "Home"}. Executing controller action with signature Microsoft.AspNetCore.Mvc.IActionResult Index() on controller IdentityManagement.Controllers.HomeController (IdentityManagement).
2023-05-31 09:30:28.286 +05:30 [INF] Executing ViewResult, running view Index.
2023-05-31 09:30:29.935 +05:30 [INF] Executed ViewResult - view Index executed in 1642.1182ms.
2023-05-31 09:30:29.942 +05:30 [INF] Executed action IdentityManagement.Controllers.HomeController.Index (IdentityManagement) in 1781.2849ms
2023-05-31 09:30:29.942 +05:30 [INF] Executed endpoint 'IdentityManagement.Controllers.HomeController.Index (IdentityManagement)'
2023-05-31 09:30:29.978 +05:30 [INF] Request finished HTTP/1.1 GET http://localhost:5211/ - - - 200 - text/html;+charset=utf-8 4104.3533ms
2023-05-31 09:30:30.704 +05:30 [INF] Request starting HTTP/1.1 GET http://localhost:5211/_framework/aspnetcore-browser-refresh.js - -
2023-05-31 09:30:30.709 +05:30 [INF] Request finished HTTP/1.1 GET http://localhost:5211/_framework/aspnetcore-browser-refresh.js - - - 200 11963 application/javascript;+charset=utf-8 4.6921ms
2023-05-31 09:30:38.211 +05:30 [INF] Request starting HTTP/1.1 GET http://localhost:5211/Admin/AdminLogin - -
2023-05-31 09:30:38.226 +05:30 [INF] Executing endpoint 'IdentityManagement.Controllers.AdminController.AdminLogin (IdentityManagement)'
2023-05-31 09:30:38.229 +05:30 [INF] Route matched with {action = "AdminLogin", controller = "Admin"}. Executing controller action with signature Microsoft.AspNetCore.Mvc.IActionResult AdminLogin() on controller IdentityManagement.Controllers.AdminController (IdentityManagement).
2023-05-31 09:30:38.238 +05:30 [INF] Executing ViewResult, running view AdminLogin.
2023-05-31 09:30:38.630 +05:30 [INF] Executed ViewResult - view AdminLogin executed in 395.8636ms.
2023-05-31 09:30:38.630 +05:30 [INF] Executed action IdentityManagement.Controllers.AdminController.AdminLogin (IdentityManagement) in 400.802ms
2023-05-31 09:30:38.631 +05:30 [INF] Executed endpoint 'IdentityManagement.Controllers.AdminController.AdminLogin (IdentityManagement)'
2023-05-31 09:30:38.631 +05:30 [INF] Request finished HTTP/1.1 GET http://localhost:5211/Admin/AdminLogin - - - 200 - text/html;+charset=utf-8 420.5479ms
2023-05-31 09:30:38.839 +05:30 [INF] Request starting HTTP/1.1 GET http://localhost:5211/Admin/slide navbar style.css - -
2023-05-31 09:30:38.868 +05:30 [INF] Request finished HTTP/1.1 GET http://localhost:5211/Admin/slide navbar style.css - - - 404 0 - 28.8733ms
2023-05-31 09:30:38.997 +05:30 [INF] Request starting HTTP/1.1 GET http://localhost:5211/_framework/aspnetcore-browser-refresh.js - -
2023-05-31 09:30:38.998 +05:30 [INF] Request finished HTTP/1.1 GET http://localhost:5211/_framework/aspnetcore-browser-refresh.js - - - 200 11963 application/javascript;+charset=utf-8 0.6264ms
2023-05-31 09:30:39.002 +05:30 [INF] Request starting HTTP/1.1 GET http://localhost:5211/Admin/js/main.js - -
2023-05-31 09:30:39.007 +05:30 [INF] Request finished HTTP/1.1 GET http://localhost:5211/Admin/js/main.js - - - 404 0 - 5.1975ms
2023-05-31 09:30:39.047 +05:30 [INF] Request starting HTTP/1.1 GET http://localhost:5211/Admin/js/jquery.min.js - -
2023-05-31 09:30:39.059 +05:30 [INF] Request finished HTTP/1.1 GET http://localhost:5211/Admin/js/jquery.min.js - - - 404 0 - 11.6217ms
2023-05-31 09:30:39.059 +05:30 [INF] Request starting HTTP/1.1 GET http://localhost:5211/Admin/js/popper.js - -
2023-05-31 09:30:39.060 +05:30 [INF] Request finished HTTP/1.1 GET http://localhost:5211/Admin/js/popper.js - - - 404 0 - 0.9627ms
2023-05-31 09:30:39.060 +05:30 [INF] Request starting HTTP/1.1 GET http://localhost:5211/Admin/js/bootstrap.min.js - -
2023-05-31 09:30:39.061 +05:30 [INF] Request finished HTTP/1.1 GET http://localhost:5211/Admin/js/bootstrap.min.js - - - 404 0 - 1.0766ms
2023-05-31 09:30:42.152 +05:30 [INF] Request starting HTTP/1.1 POST http://localhost:5211/Admin/AdminLogin application/x-www-form-urlencoded 239
2023-05-31 09:30:42.153 +05:30 [INF] Executing endpoint 'IdentityManagement.Controllers.AdminController.AdminLoginAsync (IdentityManagement)'
2023-05-31 09:30:42.247 +05:30 [INF] Route matched with {action = "AdminLogin", controller = "Admin"}. Executing controller action with signature System.Threading.Tasks.Task`1[Microsoft.AspNetCore.Mvc.IActionResult] AdminLoginAsync(User, IdentityManagement.Models.Database) on controller IdentityManagement.Controllers.AdminController (IdentityManagement).
2023-05-31 09:30:45.229 +05:30 [INF] AuthenticationScheme: Cookies signed in.
2023-05-31 09:30:45.492 +05:30 [INF] Executing ViewResult, running view Profile.
2023-05-31 09:30:45.543 +05:30 [INF] Executed ViewResult - view Profile executed in 54.54ms.
2023-05-31 09:30:45.543 +05:30 [INF] Executed action IdentityManagement.Controllers.AdminController.AdminLoginAsync (IdentityManagement) in 3295.9761ms
2023-05-31 09:30:45.543 +05:30 [INF] Executed endpoint 'IdentityManagement.Controllers.AdminController.AdminLoginAsync (IdentityManagement)'
2023-05-31 09:30:45.660 +05:30 [INF] Session started; Key:36ce5a9f-e820-06bd-1172-d0870631c913, Id:d655916c-3151-5753-ef6e-41800cc088bc
2023-05-31 09:30:45.660 +05:30 [INF] Request finished HTTP/1.1 POST http://localhost:5211/Admin/AdminLogin application/x-www-form-urlencoded 239 - 200 - text/html;+charset=utf-8 3508.2083ms
2023-05-31 09:30:45.693 +05:30 [INF] Request starting HTTP/1.1 GET http://localhost:5211/_framework/aspnetcore-browser-refresh.js - -
2023-05-31 09:30:45.694 +05:30 [INF] Request finished HTTP/1.1 GET http://localhost:5211/_framework/aspnetcore-browser-refresh.js - - - 200 11963 application/javascript;+charset=utf-8 0.2588ms
2023-05-31 09:30:47.535 +05:30 [INF] Request starting HTTP/1.1 GET http://localhost:5211/EmployeeData/Index - -
2023-05-31 09:30:47.550 +05:30 [INF] Executing endpoint 'EmployeeDataController.Controllers.EmployeeDataController.Index (IdentityManagement)'
2023-05-31 09:30:47.563 +05:30 [INF] Route matched with {action = "Index", controller = "EmployeeData"}. Executing controller action with signature System.Threading.Tasks.Task`1[Microsoft.AspNetCore.Mvc.IActionResult] Index(System.String, System.String, System.String, System.Nullable`1[System.Int32]) on controller EmployeeDataController.Controllers.EmployeeDataController (IdentityManagement).
2023-05-31 09:30:54.236 +05:30 [INF] Executed DbCommand (206ms) [Parameters=[], CommandType='"Text"', CommandTimeout='30']
SELECT COUNT(*)
FROM [Employeess] AS [e]
2023-05-31 09:30:55.635 +05:30 [INF] Executed DbCommand (993ms) [Parameters=[@__p_0='?' (DbType = Int32), @__p_1='?' (DbType = Int32)], CommandType='"Text"', CommandTimeout='30']
SELECT [e].[ID], [e].[Aadhaar], [e].[Address], [e].[DateofBirth], [e].[EmployeePackage], [e].[Experience], [e].[Gender], [e].[MobileNumber], [e].[Name], [e].[Password], [e].[ProfilePicture], [e].[TeamName], [e].[UserID]
FROM [Employeess] AS [e]
ORDER BY [e].[DateofBirth]
OFFSET @__p_0 ROWS FETCH NEXT @__p_1 ROWS ONLY
2023-05-31 09:30:55.726 +05:30 [INF] Executing ViewResult, running view Index.
2023-05-31 09:30:55.848 +05:30 [INF] Executed ViewResult - view Index executed in 123.5015ms.
2023-05-31 09:30:55.850 +05:30 [INF] Executed action EmployeeDataController.Controllers.EmployeeDataController.Index (IdentityManagement) in 8286.0428ms
2023-05-31 09:30:55.850 +05:30 [INF] Executed endpoint 'EmployeeDataController.Controllers.EmployeeDataController.Index (IdentityManagement)'
2023-05-31 09:30:55.870 +05:30 [INF] Request finished HTTP/1.1 GET http://localhost:5211/EmployeeData/Index - - - 200 - text/html;+charset=utf-8 8335.3446ms
2023-05-31 09:30:56.101 +05:30 [INF] Request starting HTTP/1.1 GET http://localhost:5211/images/75ec4ff5-c8fd-4f5d-a812-32c0ae4d70b5 .jpg - -
2023-05-31 09:30:56.122 +05:30 [INF] The file /images/75ec4ff5-c8fd-4f5d-a812-32c0ae4d70b5 .jpg was not modified
2023-05-31 09:30:56.122 +05:30 [INF] Request finished HTTP/1.1 GET http://localhost:5211/images/75ec4ff5-c8fd-4f5d-a812-32c0ae4d70b5 .jpg - - - 304 - image/jpeg 21.2017ms
2023-05-31 09:30:56.127 +05:30 [INF] Request starting HTTP/1.1 GET http://localhost:5211/_framework/aspnetcore-browser-refresh.js - -
2023-05-31 09:30:56.127 +05:30 [INF] Request finished HTTP/1.1 GET http://localhost:5211/_framework/aspnetcore-browser-refresh.js - - - 200 11963 application/javascript;+charset=utf-8 0.5341ms
2023-05-31 09:30:56.165 +05:30 [INF] Request starting HTTP/1.1 GET http://localhost:5211/images/4883f677-a3da-40bf-9988-a0593032f463 .jpg - -
2023-05-31 09:30:56.167 +05:30 [INF] The file /images/4883f677-a3da-40bf-9988-a0593032f463 .jpg was not modified
2023-05-31 09:30:56.167 +05:30 [INF] Request finished HTTP/1.1 GET http://localhost:5211/images/4883f677-a3da-40bf-9988-a0593032f463 .jpg - - - 304 - image/jpeg 1.8590ms
2023-05-31 09:30:56.167 +05:30 [INF] Request starting HTTP/1.1 GET http://localhost:5211/images/8f4a4507-b829-443c-88f7-dce2454c2b9f .jpg - -
2023-05-31 09:30:56.168 +05:30 [INF] The file /images/8f4a4507-b829-443c-88f7-dce2454c2b9f .jpg was not modified
2023-05-31 09:30:56.168 +05:30 [INF] Request finished HTTP/1.1 GET http://localhost:5211/images/8f4a4507-b829-443c-88f7-dce2454c2b9f .jpg - - - 304 - image/jpeg 1.0434ms
2023-05-31 09:30:59.269 +05:30 [INF] Request starting HTTP/1.1 GET http://localhost:5211/EmployeeData/Index - -
2023-05-31 09:30:59.277 +05:30 [INF] Executing endpoint 'EmployeeDataController.Controllers.EmployeeDataController.Index (IdentityManagement)'
2023-05-31 09:30:59.295 +05:30 [INF] Route matched with {action = "Index", controller = "EmployeeData"}. Executing controller action with signature System.Threading.Tasks.Task`1[Microsoft.AspNetCore.Mvc.IActionResult] Index(System.String, System.String, System.String, System.Nullable`1[System.Int32]) on controller EmployeeDataController.Controllers.EmployeeDataController (IdentityManagement).
2023-05-31 09:30:59.652 +05:30 [INF] Executed DbCommand (128ms) [Parameters=[], CommandType='"Text"', CommandTimeout='30']
SELECT COUNT(*)
FROM [Employeess] AS [e]
2023-05-31 09:31:00.004 +05:30 [INF] Executed DbCommand (314ms) [Parameters=[@__p_0='?' (DbType = Int32), @__p_1='?' (DbType = Int32)], CommandType='"Text"', CommandTimeout='30']
SELECT [e].[ID], [e].[Aadhaar], [e].[Address], [e].[DateofBirth], [e].[EmployeePackage], [e].[Experience], [e].[Gender], [e].[MobileNumber], [e].[Name], [e].[Password], [e].[ProfilePicture], [e].[TeamName], [e].[UserID]
FROM [Employeess] AS [e]
ORDER BY [e].[DateofBirth]
OFFSET @__p_0 ROWS FETCH NEXT @__p_1 ROWS ONLY
2023-05-31 09:31:00.006 +05:30 [INF] Executing ViewResult, running view Index.
2023-05-31 09:31:00.021 +05:30 [INF] Executed ViewResult - view Index executed in 17.1135ms.
2023-05-31 09:31:00.022 +05:30 [INF] Executed action EmployeeDataController.Controllers.EmployeeDataController.Index (IdentityManagement) in 726.835ms
2023-05-31 09:31:00.022 +05:30 [INF] Executed endpoint 'EmployeeDataController.Controllers.EmployeeDataController.Index (IdentityManagement)'
2023-05-31 09:31:00.022 +05:30 [INF] Request finished HTTP/1.1 GET http://localhost:5211/EmployeeData/Index - - - 200 - text/html;+charset=utf-8 753.7924ms
2023-05-31 09:31:00.564 +05:30 [INF] Request starting HTTP/1.1 GET http://localhost:5211/EmployeeData/Detail/9 - -
2023-05-31 09:31:00.591 +05:30 [INF] Request finished HTTP/1.1 GET http://localhost:5211/EmployeeData/Detail/9 - - - 404 0 - 26.8041ms
2023-05-31 09:31:04.964 +05:30 [INF] Request starting HTTP/1.1 GET http://localhost:5211/EmployeeData/Index - -
2023-05-31 09:31:04.978 +05:30 [INF] Executing endpoint 'EmployeeDataController.Controllers.EmployeeDataController.Index (IdentityManagement)'
2023-05-31 09:31:04.978 +05:30 [INF] Route matched with {action = "Index", controller = "EmployeeData"}. Executing controller action with signature System.Threading.Tasks.Task`1[Microsoft.AspNetCore.Mvc.IActionResult] Index(System.String, System.String, System.String, System.Nullable`1[System.Int32]) on controller EmployeeDataController.Controllers.EmployeeDataController (IdentityManagement).
2023-05-31 09:31:05.304 +05:30 [INF] Executed DbCommand (63ms) [Parameters=[], CommandType='"Text"', CommandTimeout='30']
SELECT COUNT(*)
FROM [Employeess] AS [e]
2023-05-31 09:31:05.691 +05:30 [INF] Executed DbCommand (360ms) [Parameters=[@__p_0='?' (DbType = Int32), @__p_1='?' (DbType = Int32)], CommandType='"Text"', CommandTimeout='30']
SELECT [e].[ID], [e].[Aadhaar], [e].[Address], [e].[DateofBirth], [e].[EmployeePackage], [e].[Experience], [e].[Gender], [e].[MobileNumber], [e].[Name], [e].[Password], [e].[ProfilePicture], [e].[TeamName], [e].[UserID]
FROM [Employeess] AS [e]
ORDER BY [e].[DateofBirth]
OFFSET @__p_0 ROWS FETCH NEXT @__p_1 ROWS ONLY
2023-05-31 09:31:05.692 +05:30 [INF] Executing ViewResult, running view Index.
2023-05-31 09:31:05.695 +05:30 [INF] Executed ViewResult - view Index executed in 4.0427ms.
2023-05-31 09:31:05.695 +05:30 [INF] Executed action EmployeeDataController.Controllers.EmployeeDataController.Index (IdentityManagement) in 717.1876ms
2023-05-31 09:31:05.696 +05:30 [INF] Executed endpoint 'EmployeeDataController.Controllers.EmployeeDataController.Index (IdentityManagement)'
2023-05-31 09:31:05.696 +05:30 [INF] Request finished HTTP/1.1 GET http://localhost:5211/EmployeeData/Index - - - 200 - text/html;+charset=utf-8 731.6477ms
2023-05-31 09:31:06.064 +05:30 [INF] Request starting HTTP/1.1 GET http://localhost:5211/_framework/aspnetcore-browser-refresh.js - -
2023-05-31 09:31:06.064 +05:30 [INF] Request finished HTTP/1.1 GET http://localhost:5211/_framework/aspnetcore-browser-refresh.js - - - 200 11963 application/javascript;+charset=utf-8 0.2401ms
2023-05-31 09:31:30.274 +05:30 [INF] Request starting HTTP/1.1 GET http://localhost:5211/EmployeeData/Index - -
2023-05-31 09:31:30.275 +05:30 [INF] Executing endpoint 'EmployeeDataController.Controllers.EmployeeDataController.Index (IdentityManagement)'
2023-05-31 09:31:30.322 +05:30 [INF] Route matched with {action = "Index", controller = "EmployeeData"}. Executing controller action with signature System.Threading.Tasks.Task`1[Microsoft.AspNetCore.Mvc.IActionResult] Index(System.String, System.String, System.String, System.Nullable`1[System.Int32]) on controller EmployeeDataController.Controllers.EmployeeDataController (IdentityManagement).
2023-05-31 09:31:30.390 +05:30 [INF] Executed DbCommand (52ms) [Parameters=[], CommandType='"Text"', CommandTimeout='30']
SELECT COUNT(*)
FROM [Employeess] AS [e]
2023-05-31 09:31:30.458 +05:30 [INF] Executed DbCommand (67ms) [Parameters=[@__p_0='?' (DbType = Int32), @__p_1='?' (DbType = Int32)], CommandType='"Text"', CommandTimeout='30']
SELECT [e].[ID], [e].[Aadhaar], [e].[Address], [e].[DateofBirth], [e].[EmployeePackage], [e].[Experience], [e].[Gender], [e].[MobileNumber], [e].[Name], [e].[Password], [e].[ProfilePicture], [e].[TeamName], [e].[UserID]
FROM [Employeess] AS [e]
ORDER BY [e].[DateofBirth]
OFFSET @__p_0 ROWS FETCH NEXT @__p_1 ROWS ONLY
2023-05-31 09:31:30.466 +05:30 [INF] Executing ViewResult, running view Index.
2023-05-31 09:31:30.489 +05:30 [INF] Executed ViewResult - view Index executed in 31.2906ms.
2023-05-31 09:31:30.490 +05:30 [INF] Executed action EmployeeDataController.Controllers.EmployeeDataController.Index (IdentityManagement) in 167.5607ms
2023-05-31 09:31:30.490 +05:30 [INF] Executed endpoint 'EmployeeDataController.Controllers.EmployeeDataController.Index (IdentityManagement)'
2023-05-31 09:31:30.490 +05:30 [INF] Request finished HTTP/1.1 GET http://localhost:5211/EmployeeData/Index - - - 200 - text/html;+charset=utf-8 215.9350ms
2023-05-31 09:31:34.770 +05:30 [INF] Request starting HTTP/1.1 GET http://localhost:5211/_framework/aspnetcore-browser-refresh.js - -
2023-05-31 09:31:34.770 +05:30 [INF] Request finished HTTP/1.1 GET http://localhost:5211/_framework/aspnetcore-browser-refresh.js - - - 200 11963 application/javascript;+charset=utf-8 0.1838ms
2023-05-31 09:31:37.727 +05:30 [INF] Request starting HTTP/1.1 GET http://localhost:5211/Edit/9 - -
2023-05-31 09:31:37.728 +05:30 [INF] Executing endpoint 'EmployeeDataController.Controllers.EmployeeDataController.Edit (IdentityManagement)'
2023-05-31 09:31:37.741 +05:30 [INF] Route matched with {action = "Edit", controller = "EmployeeData"}. Executing controller action with signature System.Threading.Tasks.Task`1[Microsoft.AspNetCore.Mvc.IActionResult] Edit(System.Nullable`1[System.Int32]) on controller EmployeeDataController.Controllers.EmployeeDataController (IdentityManagement).
2023-05-31 09:31:38.575 +05:30 [INF] Executed DbCommand (466ms) [Parameters=[@__id_0='?' (DbType = Int32)], CommandType='"Text"', CommandTimeout='30']
SELECT TOP(1) [e].[ID], [e].[Aadhaar], [e].[Address], [e].[DateofBirth], [e].[EmployeePackage], [e].[Experience], [e].[Gender], [e].[MobileNumber], [e].[Name], [e].[Password], [e].[ProfilePicture], [e].[TeamName], [e].[UserID]
FROM [Employeess] AS [e]
WHERE [e].[ID] = @__id_0
2023-05-31 09:31:39.121 +05:30 [INF] Executing ViewResult, running view Edit.
2023-05-31 09:31:39.268 +05:30 [INF] Request starting HTTP/1.1 GET http://localhost:5211/EmployeeData/Index - -
2023-05-31 09:31:39.269 +05:30 [INF] Executing endpoint 'EmployeeDataController.Controllers.EmployeeDataController.Index (IdentityManagement)'
2023-05-31 09:31:39.278 +05:30 [INF] Route matched with {action = "Index", controller = "EmployeeData"}. Executing controller action with signature System.Threading.Tasks.Task`1[Microsoft.AspNetCore.Mvc.IActionResult] Index(System.String, System.String, System.String, System.Nullable`1[System.Int32]) on controller EmployeeDataController.Controllers.EmployeeDataController (IdentityManagement).
2023-05-31 09:31:39.392 +05:30 [INF] Executed DbCommand (111ms) [Parameters=[], CommandType='"Text"', CommandTimeout='30']
SELECT COUNT(*)
FROM [Employeess] AS [e]
2023-05-31 09:31:39.462 +05:30 [INF] Executed DbCommand (69ms) [Parameters=[@__p_0='?' (DbType = Int32), @__p_1='?' (DbType = Int32)], CommandType='"Text"', CommandTimeout='30']
SELECT [e].[ID], [e].[Aadhaar], [e].[Address], [e].[DateofBirth], [e].[EmployeePackage], [e].[Experience], [e].[Gender], [e].[MobileNumber], [e].[Name], [e].[Password], [e].[ProfilePicture], [e].[TeamName], [e].[UserID]
FROM [Employeess] AS [e]
ORDER BY [e].[DateofBirth]
OFFSET @__p_0 ROWS FETCH NEXT @__p_1 ROWS ONLY
2023-05-31 09:31:39.473 +05:30 [INF] Executing ViewResult, running view Index.
2023-05-31 09:31:39.491 +05:30 [INF] Executed ViewResult - view Index executed in 27.9405ms.
2023-05-31 09:31:39.491 +05:30 [INF] Executed action EmployeeDataController.Controllers.EmployeeDataController.Index (IdentityManagement) in 213.0249ms
2023-05-31 09:31:39.491 +05:30 [INF] Executed endpoint 'EmployeeDataController.Controllers.EmployeeDataController.Index (IdentityManagement)'
2023-05-31 09:31:39.491 +05:30 [INF] Request finished HTTP/1.1 GET http://localhost:5211/EmployeeData/Index - - - 200 - text/html;+charset=utf-8 223.0387ms
2023-05-31 09:31:39.602 +05:30 [INF] Executed ViewResult - view Edit executed in 482.8487ms.
2023-05-31 09:31:39.602 +05:30 [INF] Executed action EmployeeDataController.Controllers.EmployeeDataController.Edit (IdentityManagement) in 1861.223ms
2023-05-31 09:31:39.602 +05:30 [INF] Executed endpoint 'EmployeeDataController.Controllers.EmployeeDataController.Edit (IdentityManagement)'
2023-05-31 09:31:39.602 +05:30 [INF] Request finished HTTP/1.1 GET http://localhost:5211/Edit/9 - - - 200 - text/html;+charset=utf-8 1875.0230ms
2023-05-31 09:31:39.863 +05:30 [INF] Request starting HTTP/1.1 GET http://localhost:5211/_framework/aspnetcore-browser-refresh.js - -
2023-05-31 09:31:39.874 +05:30 [INF] Request finished HTTP/1.1 GET http://localhost:5211/_framework/aspnetcore-browser-refresh.js - - - 200 11963 application/javascript;+charset=utf-8 10.2641ms
2023-05-31 09:31:42.559 +05:30 [INF] Request starting HTTP/1.1 GET http://localhost:5211/EmployeeData/Detail/9 - -
2023-05-31 09:31:42.573 +05:30 [INF] Request finished HTTP/1.1 GET http://localhost:5211/EmployeeData/Detail/9 - - - 404 0 - 14.4220ms
2023-05-31 09:32:10.290 +05:30 [INF] Request starting HTTP/1.1 GET http://localhost:5211/EmployeeData/Detail/9 - -
2023-05-31 09:32:10.291 +05:30 [INF] Request finished HTTP/1.1 GET http://localhost:5211/EmployeeData/Detail/9 - - - 404 0 - 0.9279ms
2023-05-31 09:32:11.456 +05:30 [INF] Request starting HTTP/1.1 GET http://localhost:5211/_framework/aspnetcore-browser-refresh.js - -
2023-05-31 09:32:11.457 +05:30 [INF] Request finished HTTP/1.1 GET http://localhost:5211/_framework/aspnetcore-browser-refresh.js - - - 200 11963 application/javascript;+charset=utf-8 1.7961ms
2023-05-31 09:32:15.955 +05:30 [INF] Application is shutting down...
2023-05-31 09:33:22.964 +05:30 [INF] User profile is available. Using 'C:\Users\sargu\AppData\Local\ASP.NET\DataProtection-Keys' as key repository and Windows DPAPI to encrypt keys at rest.
2023-05-31 09:33:23.866 +05:30 [INF] Now listening on: http://localhost:5211
2023-05-31 09:33:24.008 +05:30 [INF] Application started. Press Ctrl+C to shut down.
2023-05-31 09:33:24.008 +05:30 [INF] Hosting environment: Development
2023-05-31 09:33:24.009 +05:30 [INF] Content root path: C:\Users\sargu\Desktop\FinalProject\IdentityManagement
2023-05-31 09:33:26.368 +05:30 [INF] Request starting HTTP/1.1 GET http://localhost:5211/ - -
2023-05-31 09:33:26.652 +05:30 [WRN] Failed to determine the https port for redirect.
2023-05-31 09:33:26.986 +05:30 [ERR] An unhandled exception has occurred while executing the request.
System.InvalidOperationException: The constraint reference '9' could not be resolved to a type. Register the constraint type with 'Microsoft.AspNetCore.Routing.RouteOptions.ConstraintMap'.
   at Microsoft.AspNetCore.Routing.DefaultParameterPolicyFactory.Create(RoutePatternParameterPart parameter, String inlineText)
   at Microsoft.AspNetCore.Routing.ParameterPolicyFactory.Create(RoutePatternParameterPart parameter, RoutePatternParameterPolicyReference reference)
   at Microsoft.AspNetCore.Routing.Matching.DfaMatcherBuilder.CreateCandidate(Endpoint endpoint, Int32 score)
   at Microsoft.AspNetCore.Routing.Matching.DfaMatcherBuilder.CreateCandidates(IReadOnlyList`1 endpoints)
   at Microsoft.AspNetCore.Routing.Matching.DfaMatcherBuilder.AddNode(DfaNode node, DfaState[] states, Int32 exitDestination)
   at Microsoft.AspNetCore.Routing.Matching.DfaMatcherBuilder.AddNode(DfaNode node, DfaState[] states, Int32 exitDestination)
   at Microsoft.AspNetCore.Routing.Matching.DfaMatcherBuilder.AddNode(DfaNode node, DfaState[] states, Int32 exitDestination)
   at Microsoft.AspNetCore.Routing.Matching.DfaMatcherBuilder.AddNode(DfaNode node, DfaState[] states, Int32 exitDestination)
   at Microsoft.AspNetCore.Routing.Matching.DfaMatcherBuilder.Build()
   at Microsoft.AspNetCore.Routing.Matching.DataSourceDependentMatcher.CreateMatcher(IReadOnlyList`1 endpoints)
   at Microsoft.AspNetCore.Routing.DataSourceDependentCache`1.Initialize()
   at System.Threading.LazyInitializer.EnsureInitializedCore[T](T& target, Boolean& initialized, Object& syncLock, Func`1 valueFactory)
   at System.Threading.LazyInitializer.EnsureInitialized[T](T& target, Boolean& initialized, Object& syncLock, Func`1 valueFactory)
   at Microsoft.AspNetCore.Routing.Matching.DataSourceDependentMatcher..ctor(EndpointDataSource dataSource, Lifetime lifetime, Func`1 matcherBuilderFactory)
   at Microsoft.AspNetCore.Routing.Matching.DfaMatcherFactory.CreateMatcher(EndpointDataSource dataSource)
   at Microsoft.AspNetCore.Routing.EndpointRoutingMiddleware.InitializeCoreAsync()
--- End of stack trace from previous location ---
   at Microsoft.AspNetCore.Routing.EndpointRoutingMiddleware.<Invoke>g__AwaitMatcher|8_0(EndpointRoutingMiddleware middleware, HttpContext httpContext, Task`1 matcherTask)
   at Microsoft.AspNetCore.Diagnostics.DeveloperExceptionPageMiddlewareImpl.Invoke(HttpContext context)
2023-05-31 09:33:27.309 +05:30 [INF] Request finished HTTP/1.1 GET http://localhost:5211/ - - - 500 - text/html;+charset=utf-8 956.8357ms
2023-05-31 09:33:28.438 +05:30 [INF] Request starting HTTP/1.1 GET http://localhost:5211/_framework/aspnetcore-browser-refresh.js - -
2023-05-31 09:33:28.443 +05:30 [INF] Request finished HTTP/1.1 GET http://localhost:5211/_framework/aspnetcore-browser-refresh.js - - - 200 11963 application/javascript;+charset=utf-8 4.9718ms
2023-05-31 09:33:38.839 +05:30 [INF] Request starting HTTP/1.1 GET http://localhost:5211/EmployeeData/Detail/9 - -
2023-05-31 09:33:38.848 +05:30 [ERR] An unhandled exception has occurred while executing the request.
System.InvalidOperationException: The constraint reference '9' could not be resolved to a type. Register the constraint type with 'Microsoft.AspNetCore.Routing.RouteOptions.ConstraintMap'.
   at Microsoft.AspNetCore.Routing.DefaultParameterPolicyFactory.Create(RoutePatternParameterPart parameter, String inlineText)
   at Microsoft.AspNetCore.Routing.ParameterPolicyFactory.Create(RoutePatternParameterPart parameter, RoutePatternParameterPolicyReference reference)
   at Microsoft.AspNetCore.Routing.Matching.DfaMatcherBuilder.CreateCandidate(Endpoint endpoint, Int32 score)
   at Microsoft.AspNetCore.Routing.Matching.DfaMatcherBuilder.CreateCandidates(IReadOnlyList`1 endpoints)
   at Microsoft.AspNetCore.Routing.Matching.DfaMatcherBuilder.AddNode(DfaNode node, DfaState[] states, Int32 exitDestination)
   at Microsoft.AspNetCore.Routing.Matching.DfaMatcherBuilder.AddNode(DfaNode node, DfaState[] states, Int32 exitDestination)
   at Microsoft.AspNetCore.Routing.Matching.DfaMatcherBuilder.AddNode(DfaNode node, DfaState[] states, Int32 exitDestination)
   at Microsoft.AspNetCore.Routing.Matching.DfaMatcherBuilder.AddNode(DfaNode node, DfaState[] states, Int32 exitDestination)
   at Microsoft.AspNetCore.Routing.Matching.DfaMatcherBuilder.Build()
   at Microsoft.AspNetCore.Routing.Matching.DataSourceDependentMatcher.CreateMatcher(IReadOnlyList`1 endpoints)
   at Microsoft.AspNetCore.Routing.DataSourceDependentCache`1.Initialize()
   at System.Threading.LazyInitializer.EnsureInitializedCore[T](T& target, Boolean& initialized, Object& syncLock, Func`1 valueFactory)
   at System.Threading.LazyInitializer.EnsureInitialized[T](T& target, Boolean& initialized, Object& syncLock, Func`1 valueFactory)
   at Microsoft.AspNetCore.Routing.Matching.DataSourceDependentMatcher..ctor(EndpointDataSource dataSource, Lifetime lifetime, Func`1 matcherBuilderFactory)
   at Microsoft.AspNetCore.Routing.Matching.DfaMatcherFactory.CreateMatcher(EndpointDataSource dataSource)
   at Microsoft.AspNetCore.Routing.EndpointRoutingMiddleware.InitializeCoreAsync()
--- End of stack trace from previous location ---
   at Microsoft.AspNetCore.Routing.EndpointRoutingMiddleware.<Invoke>g__AwaitMatcher|8_0(EndpointRoutingMiddleware middleware, HttpContext httpContext, Task`1 matcherTask)
   at Microsoft.AspNetCore.Diagnostics.DeveloperExceptionPageMiddlewareImpl.Invoke(HttpContext context)
2023-05-31 09:33:38.858 +05:30 [INF] Request finished HTTP/1.1 GET http://localhost:5211/EmployeeData/Detail/9 - - - 500 - text/html;+charset=utf-8 19.1531ms
2023-05-31 09:33:39.312 +05:30 [INF] Request starting HTTP/1.1 GET http://localhost:5211/_framework/aspnetcore-browser-refresh.js - -
2023-05-31 09:33:39.316 +05:30 [INF] Request finished HTTP/1.1 GET http://localhost:5211/_framework/aspnetcore-browser-refresh.js - - - 200 11963 application/javascript;+charset=utf-8 4.3192ms
2023-05-31 09:33:42.160 +05:30 [INF] Request starting HTTP/1.1 GET http://localhost:5211/_framework/aspnetcore-browser-refresh.js - -
2023-05-31 09:33:42.161 +05:30 [INF] Request finished HTTP/1.1 GET http://localhost:5211/_framework/aspnetcore-browser-refresh.js - - - 200 11963 application/javascript;+charset=utf-8 0.2858ms
2023-05-31 09:33:44.835 +05:30 [INF] Request starting HTTP/1.1 GET http://localhost:5211/Detail/4 - -
2023-05-31 09:33:44.846 +05:30 [ERR] An unhandled exception has occurred while executing the request.
System.InvalidOperationException: The constraint reference '9' could not be resolved to a type. Register the constraint type with 'Microsoft.AspNetCore.Routing.RouteOptions.ConstraintMap'.
   at Microsoft.AspNetCore.Routing.DefaultParameterPolicyFactory.Create(RoutePatternParameterPart parameter, String inlineText)
   at Microsoft.AspNetCore.Routing.ParameterPolicyFactory.Create(RoutePatternParameterPart parameter, RoutePatternParameterPolicyReference reference)
   at Microsoft.AspNetCore.Routing.Matching.DfaMatcherBuilder.CreateCandidate(Endpoint endpoint, Int32 score)
   at Microsoft.AspNetCore.Routing.Matching.DfaMatcherBuilder.CreateCandidates(IReadOnlyList`1 endpoints)
   at Microsoft.AspNetCore.Routing.Matching.DfaMatcherBuilder.AddNode(DfaNode node, DfaState[] states, Int32 exitDestination)
   at Microsoft.AspNetCore.Routing.Matching.DfaMatcherBuilder.AddNode(DfaNode node, DfaState[] states, Int32 exitDestination)
   at Microsoft.AspNetCore.Routing.Matching.DfaMatcherBuilder.AddNode(DfaNode node, DfaState[] states, Int32 exitDestination)
   at Microsoft.AspNetCore.Routing.Matching.DfaMatcherBuilder.AddNode(DfaNode node, DfaState[] states, Int32 exitDestination)
   at Microsoft.AspNetCore.Routing.Matching.DfaMatcherBuilder.Build()
   at Microsoft.AspNetCore.Routing.Matching.DataSourceDependentMatcher.CreateMatcher(IReadOnlyList`1 endpoints)
   at Microsoft.AspNetCore.Routing.DataSourceDependentCache`1.Initialize()
   at System.Threading.LazyInitializer.EnsureInitializedCore[T](T& target, Boolean& initialized, Object& syncLock, Func`1 valueFactory)
   at System.Threading.LazyInitializer.EnsureInitialized[T](T& target, Boolean& initialized, Object& syncLock, Func`1 valueFactory)
   at Microsoft.AspNetCore.Routing.Matching.DataSourceDependentMatcher..ctor(EndpointDataSource dataSource, Lifetime lifetime, Func`1 matcherBuilderFactory)
   at Microsoft.AspNetCore.Routing.Matching.DfaMatcherFactory.CreateMatcher(EndpointDataSource dataSource)
   at Microsoft.AspNetCore.Routing.EndpointRoutingMiddleware.InitializeCoreAsync()
--- End of stack trace from previous location ---
   at Microsoft.AspNetCore.Routing.EndpointRoutingMiddleware.<Invoke>g__AwaitMatcher|8_0(EndpointRoutingMiddleware middleware, HttpContext httpContext, Task`1 matcherTask)
   at Microsoft.AspNetCore.Diagnostics.DeveloperExceptionPageMiddlewareImpl.Invoke(HttpContext context)
2023-05-31 09:33:44.851 +05:30 [INF] Request finished HTTP/1.1 GET http://localhost:5211/Detail/4 - - - 500 - text/html;+charset=utf-8 16.4412ms
2023-05-31 09:33:45.285 +05:30 [INF] Request starting HTTP/1.1 GET http://localhost:5211/_framework/aspnetcore-browser-refresh.js - -
2023-05-31 09:33:45.311 +05:30 [INF] Request finished HTTP/1.1 GET http://localhost:5211/_framework/aspnetcore-browser-refresh.js - - - 200 11963 application/javascript;+charset=utf-8 25.4251ms
2023-05-31 09:33:59.158 +05:30 [INF] Request starting HTTP/1.1 GET http://localhost:5211/_framework/aspnetcore-browser-refresh.js - -
2023-05-31 09:33:59.158 +05:30 [INF] Request finished HTTP/1.1 GET http://localhost:5211/_framework/aspnetcore-browser-refresh.js - - - 200 11963 application/javascript;+charset=utf-8 0.3266ms
2023-05-31 09:34:01.474 +05:30 [INF] Request starting HTTP/1.1 GET http://localhost:5211/Admin/AdminLogin - -
2023-05-31 09:34:01.479 +05:30 [ERR] An unhandled exception has occurred while executing the request.
System.InvalidOperationException: The constraint reference '9' could not be resolved to a type. Register the constraint type with 'Microsoft.AspNetCore.Routing.RouteOptions.ConstraintMap'.
   at Microsoft.AspNetCore.Routing.DefaultParameterPolicyFactory.Create(RoutePatternParameterPart parameter, String inlineText)
   at Microsoft.AspNetCore.Routing.ParameterPolicyFactory.Create(RoutePatternParameterPart parameter, RoutePatternParameterPolicyReference reference)
   at Microsoft.AspNetCore.Routing.Matching.DfaMatcherBuilder.CreateCandidate(Endpoint endpoint, Int32 score)
   at Microsoft.AspNetCore.Routing.Matching.DfaMatcherBuilder.CreateCandidates(IReadOnlyList`1 endpoints)
   at Microsoft.AspNetCore.Routing.Matching.DfaMatcherBuilder.AddNode(DfaNode node, DfaState[] states, Int32 exitDestination)
   at Microsoft.AspNetCore.Routing.Matching.DfaMatcherBuilder.AddNode(DfaNode node, DfaState[] states, Int32 exitDestination)
   at Microsoft.AspNetCore.Routing.Matching.DfaMatcherBuilder.AddNode(DfaNode node, DfaState[] states, Int32 exitDestination)
   at Microsoft.AspNetCore.Routing.Matching.DfaMatcherBuilder.AddNode(DfaNode node, DfaState[] states, Int32 exitDestination)
   at Microsoft.AspNetCore.Routing.Matching.DfaMatcherBuilder.Build()
   at Microsoft.AspNetCore.Routing.Matching.DataSourceDependentMatcher.CreateMatcher(IReadOnlyList`1 endpoints)
   at Microsoft.AspNetCore.Routing.DataSourceDependentCache`1.Initialize()
   at System.Threading.LazyInitializer.EnsureInitializedCore[T](T& target, Boolean& initialized, Object& syncLock, Func`1 valueFactory)
   at System.Threading.LazyInitializer.EnsureInitialized[T](T& target, Boolean& initialized, Object& syncLock, Func`1 valueFactory)
   at Microsoft.AspNetCore.Routing.Matching.DataSourceDependentMatcher..ctor(EndpointDataSource dataSource, Lifetime lifetime, Func`1 matcherBuilderFactory)
   at Microsoft.AspNetCore.Routing.Matching.DfaMatcherFactory.CreateMatcher(EndpointDataSource dataSource)
   at Microsoft.AspNetCore.Routing.EndpointRoutingMiddleware.InitializeCoreAsync()
--- End of stack trace from previous location ---
   at Microsoft.AspNetCore.Routing.EndpointRoutingMiddleware.<Invoke>g__AwaitMatcher|8_0(EndpointRoutingMiddleware middleware, HttpContext httpContext, Task`1 matcherTask)
   at Microsoft.AspNetCore.Diagnostics.DeveloperExceptionPageMiddlewareImpl.Invoke(HttpContext context)
2023-05-31 09:34:01.483 +05:30 [INF] Request finished HTTP/1.1 GET http://localhost:5211/Admin/AdminLogin - - - 500 - text/html;+charset=utf-8 9.3122ms
2023-05-31 09:34:02.763 +05:30 [INF] Request starting HTTP/1.1 GET http://localhost:5211/_framework/aspnetcore-browser-refresh.js - -
2023-05-31 09:34:02.763 +05:30 [INF] Request finished HTTP/1.1 GET http://localhost:5211/_framework/aspnetcore-browser-refresh.js - - - 200 11963 application/javascript;+charset=utf-8 0.3005ms
2023-05-31 09:34:04.383 +05:30 [INF] Request starting HTTP/1.1 GET http://localhost:5211/Admin/AdminLogin - -
2023-05-31 09:34:04.387 +05:30 [ERR] An unhandled exception has occurred while executing the request.
System.InvalidOperationException: The constraint reference '9' could not be resolved to a type. Register the constraint type with 'Microsoft.AspNetCore.Routing.RouteOptions.ConstraintMap'.
   at Microsoft.AspNetCore.Routing.DefaultParameterPolicyFactory.Create(RoutePatternParameterPart parameter, String inlineText)
   at Microsoft.AspNetCore.Routing.ParameterPolicyFactory.Create(RoutePatternParameterPart parameter, RoutePatternParameterPolicyReference reference)
   at Microsoft.AspNetCore.Routing.Matching.DfaMatcherBuilder.CreateCandidate(Endpoint endpoint, Int32 score)
   at Microsoft.AspNetCore.Routing.Matching.DfaMatcherBuilder.CreateCandidates(IReadOnlyList`1 endpoints)
   at Microsoft.AspNetCore.Routing.Matching.DfaMatcherBuilder.AddNode(DfaNode node, DfaState[] states, Int32 exitDestination)
   at Microsoft.AspNetCore.Routing.Matching.DfaMatcherBuilder.AddNode(DfaNode node, DfaState[] states, Int32 exitDestination)
   at Microsoft.AspNetCore.Routing.Matching.DfaMatcherBuilder.AddNode(DfaNode node, DfaState[] states, Int32 exitDestination)
   at Microsoft.AspNetCore.Routing.Matching.DfaMatcherBuilder.AddNode(DfaNode node, DfaState[] states, Int32 exitDestination)
   at Microsoft.AspNetCore.Routing.Matching.DfaMatcherBuilder.Build()
   at Microsoft.AspNetCore.Routing.Matching.DataSourceDependentMatcher.CreateMatcher(IReadOnlyList`1 endpoints)
   at Microsoft.AspNetCore.Routing.DataSourceDependentCache`1.Initialize()
   at System.Threading.LazyInitializer.EnsureInitializedCore[T](T& target, Boolean& initialized, Object& syncLock, Func`1 valueFactory)
   at System.Threading.LazyInitializer.EnsureInitialized[T](T& target, Boolean& initialized, Object& syncLock, Func`1 valueFactory)
   at Microsoft.AspNetCore.Routing.Matching.DataSourceDependentMatcher..ctor(EndpointDataSource dataSource, Lifetime lifetime, Func`1 matcherBuilderFactory)
   at Microsoft.AspNetCore.Routing.Matching.DfaMatcherFactory.CreateMatcher(EndpointDataSource dataSource)
   at Microsoft.AspNetCore.Routing.EndpointRoutingMiddleware.InitializeCoreAsync()
--- End of stack trace from previous location ---
   at Microsoft.AspNetCore.Routing.EndpointRoutingMiddleware.<Invoke>g__AwaitMatcher|8_0(EndpointRoutingMiddleware middleware, HttpContext httpContext, Task`1 matcherTask)
   at Microsoft.AspNetCore.Diagnostics.DeveloperExceptionPageMiddlewareImpl.Invoke(HttpContext context)
2023-05-31 09:34:04.391 +05:30 [INF] Request finished HTTP/1.1 GET http://localhost:5211/Admin/AdminLogin - - - 500 - text/html;+charset=utf-8 7.7834ms
2023-05-31 09:34:04.535 +05:30 [INF] Request starting HTTP/1.1 GET http://localhost:5211/_framework/aspnetcore-browser-refresh.js - -
2023-05-31 09:34:04.536 +05:30 [INF] Request finished HTTP/1.1 GET http://localhost:5211/_framework/aspnetcore-browser-refresh.js - - - 200 11963 application/javascript;+charset=utf-8 0.2358ms
2023-05-31 09:34:05.436 +05:30 [INF] Request starting HTTP/1.1 GET http://localhost:5211/_framework/aspnetcore-browser-refresh.js - -
2023-05-31 09:34:05.436 +05:30 [INF] Request finished HTTP/1.1 GET http://localhost:5211/_framework/aspnetcore-browser-refresh.js - - - 200 11963 application/javascript;+charset=utf-8 0.3007ms
2023-05-31 09:34:07.271 +05:30 [INF] Request starting HTTP/1.1 GET http://localhost:5211/_framework/aspnetcore-browser-refresh.js - -
2023-05-31 09:34:07.271 +05:30 [INF] Request finished HTTP/1.1 GET http://localhost:5211/_framework/aspnetcore-browser-refresh.js - - - 200 11963 application/javascript;+charset=utf-8 0.2880ms
2023-05-31 09:34:13.447 +05:30 [INF] Application is shutting down...
2023-05-31 09:34:48.936 +05:30 [INF] User profile is available. Using 'C:\Users\sargu\AppData\Local\ASP.NET\DataProtection-Keys' as key repository and Windows DPAPI to encrypt keys at rest.
2023-05-31 09:34:49.263 +05:30 [INF] Now listening on: http://localhost:5211
2023-05-31 09:34:49.277 +05:30 [INF] Application started. Press Ctrl+C to shut down.
2023-05-31 09:34:49.278 +05:30 [INF] Hosting environment: Development
2023-05-31 09:34:49.278 +05:30 [INF] Content root path: C:\Users\sargu\Desktop\FinalProject\IdentityManagement
2023-05-31 09:34:51.096 +05:30 [INF] Request starting HTTP/1.1 GET http://localhost:5211/ - -
2023-05-31 09:34:51.544 +05:30 [WRN] Failed to determine the https port for redirect.
2023-05-31 09:34:51.942 +05:30 [ERR] An unhandled exception has occurred while executing the request.
System.InvalidOperationException: The constraint reference '9' could not be resolved to a type. Register the constraint type with 'Microsoft.AspNetCore.Routing.RouteOptions.ConstraintMap'.
   at Microsoft.AspNetCore.Routing.DefaultParameterPolicyFactory.Create(RoutePatternParameterPart parameter, String inlineText)
   at Microsoft.AspNetCore.Routing.ParameterPolicyFactory.Create(RoutePatternParameterPart parameter, RoutePatternParameterPolicyReference reference)
   at Microsoft.AspNetCore.Routing.Matching.DfaMatcherBuilder.CreateCandidate(Endpoint endpoint, Int32 score)
   at Microsoft.AspNetCore.Routing.Matching.DfaMatcherBuilder.CreateCandidates(IReadOnlyList`1 endpoints)
   at Microsoft.AspNetCore.Routing.Matching.DfaMatcherBuilder.AddNode(DfaNode node, DfaState[] states, Int32 exitDestination)
   at Microsoft.AspNetCore.Routing.Matching.DfaMatcherBuilder.AddNode(DfaNode node, DfaState[] states, Int32 exitDestination)
   at Microsoft.AspNetCore.Routing.Matching.DfaMatcherBuilder.AddNode(DfaNode node, DfaState[] states, Int32 exitDestination)
   at Microsoft.AspNetCore.Routing.Matching.DfaMatcherBuilder.AddNode(DfaNode node, DfaState[] states, Int32 exitDestination)
   at Microsoft.AspNetCore.Routing.Matching.DfaMatcherBuilder.Build()
   at Microsoft.AspNetCore.Routing.Matching.DataSourceDependentMatcher.CreateMatcher(IReadOnlyList`1 endpoints)
   at Microsoft.AspNetCore.Routing.DataSourceDependentCache`1.Initialize()
   at System.Threading.LazyInitializer.EnsureInitializedCore[T](T& target, Boolean& initialized, Object& syncLock, Func`1 valueFactory)
   at System.Threading.LazyInitializer.EnsureInitialized[T](T& target, Boolean& initialized, Object& syncLock, Func`1 valueFactory)
   at Microsoft.AspNetCore.Routing.Matching.DataSourceDependentMatcher..ctor(EndpointDataSource dataSource, Lifetime lifetime, Func`1 matcherBuilderFactory)
   at Microsoft.AspNetCore.Routing.Matching.DfaMatcherFactory.CreateMatcher(EndpointDataSource dataSource)
   at Microsoft.AspNetCore.Routing.EndpointRoutingMiddleware.InitializeCoreAsync()
--- End of stack trace from previous location ---
   at Microsoft.AspNetCore.Routing.EndpointRoutingMiddleware.<Invoke>g__AwaitMatcher|8_0(EndpointRoutingMiddleware middleware, HttpContext httpContext, Task`1 matcherTask)
   at Microsoft.AspNetCore.Diagnostics.DeveloperExceptionPageMiddlewareImpl.Invoke(HttpContext context)
2023-05-31 09:34:52.213 +05:30 [INF] Request finished HTTP/1.1 GET http://localhost:5211/ - - - 500 - text/html;+charset=utf-8 1058.0710ms
2023-05-31 09:34:52.890 +05:30 [INF] Request starting HTTP/1.1 GET http://localhost:5211/_framework/aspnetcore-browser-refresh.js - -
2023-05-31 09:34:52.895 +05:30 [INF] Request finished HTTP/1.1 GET http://localhost:5211/_framework/aspnetcore-browser-refresh.js - - - 200 11963 application/javascript;+charset=utf-8 4.2566ms
2023-05-31 09:35:20.831 +05:30 [INF] Request starting HTTP/1.1 GET http://localhost:5211/ - -
2023-05-31 09:35:20.840 +05:30 [ERR] An unhandled exception has occurred while executing the request.
System.InvalidOperationException: The constraint reference '9' could not be resolved to a type. Register the constraint type with 'Microsoft.AspNetCore.Routing.RouteOptions.ConstraintMap'.
   at Microsoft.AspNetCore.Routing.DefaultParameterPolicyFactory.Create(RoutePatternParameterPart parameter, String inlineText)
   at Microsoft.AspNetCore.Routing.ParameterPolicyFactory.Create(RoutePatternParameterPart parameter, RoutePatternParameterPolicyReference reference)
   at Microsoft.AspNetCore.Routing.Matching.DfaMatcherBuilder.CreateCandidate(Endpoint endpoint, Int32 score)
   at Microsoft.AspNetCore.Routing.Matching.DfaMatcherBuilder.CreateCandidates(IReadOnlyList`1 endpoints)
   at Microsoft.AspNetCore.Routing.Matching.DfaMatcherBuilder.AddNode(DfaNode node, DfaState[] states, Int32 exitDestination)
   at Microsoft.AspNetCore.Routing.Matching.DfaMatcherBuilder.AddNode(DfaNode node, DfaState[] states, Int32 exitDestination)
   at Microsoft.AspNetCore.Routing.Matching.DfaMatcherBuilder.AddNode(DfaNode node, DfaState[] states, Int32 exitDestination)
   at Microsoft.AspNetCore.Routing.Matching.DfaMatcherBuilder.AddNode(DfaNode node, DfaState[] states, Int32 exitDestination)
   at Microsoft.AspNetCore.Routing.Matching.DfaMatcherBuilder.Build()
   at Microsoft.AspNetCore.Routing.Matching.DataSourceDependentMatcher.CreateMatcher(IReadOnlyList`1 endpoints)
   at Microsoft.AspNetCore.Routing.DataSourceDependentCache`1.Initialize()
   at System.Threading.LazyInitializer.EnsureInitializedCore[T](T& target, Boolean& initialized, Object& syncLock, Func`1 valueFactory)
   at System.Threading.LazyInitializer.EnsureInitialized[T](T& target, Boolean& initialized, Object& syncLock, Func`1 valueFactory)
   at Microsoft.AspNetCore.Routing.Matching.DataSourceDependentMatcher..ctor(EndpointDataSource dataSource, Lifetime lifetime, Func`1 matcherBuilderFactory)
   at Microsoft.AspNetCore.Routing.Matching.DfaMatcherFactory.CreateMatcher(EndpointDataSource dataSource)
   at Microsoft.AspNetCore.Routing.EndpointRoutingMiddleware.InitializeCoreAsync()
--- End of stack trace from previous location ---
   at Microsoft.AspNetCore.Routing.EndpointRoutingMiddleware.<Invoke>g__AwaitMatcher|8_0(EndpointRoutingMiddleware middleware, HttpContext httpContext, Task`1 matcherTask)
   at Microsoft.AspNetCore.Diagnostics.DeveloperExceptionPageMiddlewareImpl.Invoke(HttpContext context)
2023-05-31 09:35:20.845 +05:30 [INF] Request finished HTTP/1.1 GET http://localhost:5211/ - - - 500 - text/html;+charset=utf-8 13.6898ms
2023-05-31 09:35:21.371 +05:30 [INF] Request starting HTTP/1.1 GET http://localhost:5211/_framework/aspnetcore-browser-refresh.js - -
2023-05-31 09:35:21.372 +05:30 [INF] Request finished HTTP/1.1 GET http://localhost:5211/_framework/aspnetcore-browser-refresh.js - - - 200 11963 application/javascript;+charset=utf-8 0.6485ms
2023-05-31 09:35:27.068 +05:30 [INF] Request starting HTTP/1.1 GET http://localhost:5211/ - -
2023-05-31 09:35:27.112 +05:30 [ERR] An unhandled exception has occurred while executing the request.
System.InvalidOperationException: The constraint reference 'int)' could not be resolved to a type. Register the constraint type with 'Microsoft.AspNetCore.Routing.RouteOptions.ConstraintMap'.
   at Microsoft.AspNetCore.Routing.DefaultParameterPolicyFactory.Create(RoutePatternParameterPart parameter, String inlineText)
   at Microsoft.AspNetCore.Routing.ParameterPolicyFactory.Create(RoutePatternParameterPart parameter, RoutePatternParameterPolicyReference reference)
   at Microsoft.AspNetCore.Routing.Matching.DfaMatcherBuilder.CreateCandidate(Endpoint endpoint, Int32 score)
   at Microsoft.AspNetCore.Routing.Matching.DfaMatcherBuilder.CreateCandidates(IReadOnlyList`1 endpoints)
   at Microsoft.AspNetCore.Routing.Matching.DfaMatcherBuilder.AddNode(DfaNode node, DfaState[] states, Int32 exitDestination)
   at Microsoft.AspNetCore.Routing.Matching.DfaMatcherBuilder.AddNode(DfaNode node, DfaState[] states, Int32 exitDestination)
   at Microsoft.AspNetCore.Routing.Matching.DfaMatcherBuilder.AddNode(DfaNode node, DfaState[] states, Int32 exitDestination)
   at Microsoft.AspNetCore.Routing.Matching.DfaMatcherBuilder.AddNode(DfaNode node, DfaState[] states, Int32 exitDestination)
   at Microsoft.AspNetCore.Routing.Matching.DfaMatcherBuilder.Build()
   at Microsoft.AspNetCore.Routing.Matching.DataSourceDependentMatcher.CreateMatcher(IReadOnlyList`1 endpoints)
   at Microsoft.AspNetCore.Routing.DataSourceDependentCache`1.Initialize()
   at System.Threading.LazyInitializer.EnsureInitializedCore[T](T& target, Boolean& initialized, Object& syncLock, Func`1 valueFactory)
   at System.Threading.LazyInitializer.EnsureInitialized[T](T& target, Boolean& initialized, Object& syncLock, Func`1 valueFactory)
   at Microsoft.AspNetCore.Routing.Matching.DataSourceDependentMatcher..ctor(EndpointDataSource dataSource, Lifetime lifetime, Func`1 matcherBuilderFactory)
   at Microsoft.AspNetCore.Routing.Matching.DfaMatcherFactory.CreateMatcher(EndpointDataSource dataSource)
   at Microsoft.AspNetCore.Routing.EndpointRoutingMiddleware.InitializeCoreAsync()
--- End of stack trace from previous location ---
   at Microsoft.AspNetCore.Routing.EndpointRoutingMiddleware.<Invoke>g__AwaitMatcher|8_0(EndpointRoutingMiddleware middleware, HttpContext httpContext, Task`1 matcherTask)
   at Microsoft.AspNetCore.Diagnostics.DeveloperExceptionPageMiddlewareImpl.Invoke(HttpContext context)
2023-05-31 09:35:27.120 +05:30 [INF] Request finished HTTP/1.1 GET http://localhost:5211/ - - - 500 - text/html;+charset=utf-8 51.8242ms
2023-05-31 09:35:28.064 +05:30 [INF] Request starting HTTP/1.1 GET http://localhost:5211/ - -
2023-05-31 09:35:28.070 +05:30 [ERR] An unhandled exception has occurred while executing the request.
System.InvalidOperationException: The constraint reference 'in' could not be resolved to a type. Register the constraint type with 'Microsoft.AspNetCore.Routing.RouteOptions.ConstraintMap'.
   at Microsoft.AspNetCore.Routing.DefaultParameterPolicyFactory.Create(RoutePatternParameterPart parameter, String inlineText)
   at Microsoft.AspNetCore.Routing.ParameterPolicyFactory.Create(RoutePatternParameterPart parameter, RoutePatternParameterPolicyReference reference)
   at Microsoft.AspNetCore.Routing.Matching.DfaMatcherBuilder.CreateCandidate(Endpoint endpoint, Int32 score)
   at Microsoft.AspNetCore.Routing.Matching.DfaMatcherBuilder.CreateCandidates(IReadOnlyList`1 endpoints)
   at Microsoft.AspNetCore.Routing.Matching.DfaMatcherBuilder.AddNode(DfaNode node, DfaState[] states, Int32 exitDestination)
   at Microsoft.AspNetCore.Routing.Matching.DfaMatcherBuilder.AddNode(DfaNode node, DfaState[] states, Int32 exitDestination)
   at Microsoft.AspNetCore.Routing.Matching.DfaMatcherBuilder.AddNode(DfaNode node, DfaState[] states, Int32 exitDestination)
   at Microsoft.AspNetCore.Routing.Matching.DfaMatcherBuilder.AddNode(DfaNode node, DfaState[] states, Int32 exitDestination)
   at Microsoft.AspNetCore.Routing.Matching.DfaMatcherBuilder.Build()
   at Microsoft.AspNetCore.Routing.Matching.DataSourceDependentMatcher.CreateMatcher(IReadOnlyList`1 endpoints)
   at Microsoft.AspNetCore.Routing.DataSourceDependentCache`1.Initialize()
   at System.Threading.LazyInitializer.EnsureInitializedCore[T](T& target, Boolean& initialized, Object& syncLock, Func`1 valueFactory)
   at System.Threading.LazyInitializer.EnsureInitialized[T](T& target, Boolean& initialized, Object& syncLock, Func`1 valueFactory)
   at Microsoft.AspNetCore.Routing.Matching.DataSourceDependentMatcher..ctor(EndpointDataSource dataSource, Lifetime lifetime, Func`1 matcherBuilderFactory)
   at Microsoft.AspNetCore.Routing.Matching.DfaMatcherFactory.CreateMatcher(EndpointDataSource dataSource)
   at Microsoft.AspNetCore.Routing.EndpointRoutingMiddleware.InitializeCoreAsync()
--- End of stack trace from previous location ---
   at Microsoft.AspNetCore.Routing.EndpointRoutingMiddleware.<Invoke>g__AwaitMatcher|8_0(EndpointRoutingMiddleware middleware, HttpContext httpContext, Task`1 matcherTask)
   at Microsoft.AspNetCore.Diagnostics.DeveloperExceptionPageMiddlewareImpl.Invoke(HttpContext context)
2023-05-31 09:35:28.073 +05:30 [INF] Request finished HTTP/1.1 GET http://localhost:5211/ - - - 500 - text/html;+charset=utf-8 9.1492ms
2023-05-31 09:35:29.292 +05:30 [INF] Request starting HTTP/1.1 GET http://localhost:5211/ - -
2023-05-31 09:35:29.322 +05:30 [ERR] An unhandled exception has occurred while executing the request.
System.InvalidOperationException: The constraint reference 'inr' could not be resolved to a type. Register the constraint type with 'Microsoft.AspNetCore.Routing.RouteOptions.ConstraintMap'.
   at Microsoft.AspNetCore.Routing.DefaultParameterPolicyFactory.Create(RoutePatternParameterPart parameter, String inlineText)
   at Microsoft.AspNetCore.Routing.ParameterPolicyFactory.Create(RoutePatternParameterPart parameter, RoutePatternParameterPolicyReference reference)
   at Microsoft.AspNetCore.Routing.Matching.DfaMatcherBuilder.CreateCandidate(Endpoint endpoint, Int32 score)
   at Microsoft.AspNetCore.Routing.Matching.DfaMatcherBuilder.CreateCandidates(IReadOnlyList`1 endpoints)
   at Microsoft.AspNetCore.Routing.Matching.DfaMatcherBuilder.AddNode(DfaNode node, DfaState[] states, Int32 exitDestination)
   at Microsoft.AspNetCore.Routing.Matching.DfaMatcherBuilder.AddNode(DfaNode node, DfaState[] states, Int32 exitDestination)
   at Microsoft.AspNetCore.Routing.Matching.DfaMatcherBuilder.AddNode(DfaNode node, DfaState[] states, Int32 exitDestination)
   at Microsoft.AspNetCore.Routing.Matching.DfaMatcherBuilder.AddNode(DfaNode node, DfaState[] states, Int32 exitDestination)
   at Microsoft.AspNetCore.Routing.Matching.DfaMatcherBuilder.Build()
   at Microsoft.AspNetCore.Routing.Matching.DataSourceDependentMatcher.CreateMatcher(IReadOnlyList`1 endpoints)
   at Microsoft.AspNetCore.Routing.DataSourceDependentCache`1.Initialize()
   at System.Threading.LazyInitializer.EnsureInitializedCore[T](T& target, Boolean& initialized, Object& syncLock, Func`1 valueFactory)
   at System.Threading.LazyInitializer.EnsureInitialized[T](T& target, Boolean& initialized, Object& syncLock, Func`1 valueFactory)
   at Microsoft.AspNetCore.Routing.Matching.DataSourceDependentMatcher..ctor(EndpointDataSource dataSource, Lifetime lifetime, Func`1 matcherBuilderFactory)
   at Microsoft.AspNetCore.Routing.Matching.DfaMatcherFactory.CreateMatcher(EndpointDataSource dataSource)
   at Microsoft.AspNetCore.Routing.EndpointRoutingMiddleware.InitializeCoreAsync()
--- End of stack trace from previous location ---
   at Microsoft.AspNetCore.Routing.EndpointRoutingMiddleware.<Invoke>g__AwaitMatcher|8_0(EndpointRoutingMiddleware middleware, HttpContext httpContext, Task`1 matcherTask)
   at Microsoft.AspNetCore.Diagnostics.DeveloperExceptionPageMiddlewareImpl.Invoke(HttpContext context)
2023-05-31 09:35:29.325 +05:30 [INF] Request finished HTTP/1.1 GET http://localhost:5211/ - - - 500 - text/html;+charset=utf-8 33.3106ms
2023-05-31 09:35:30.398 +05:30 [INF] Request starting HTTP/1.1 GET http://localhost:5211/_framework/aspnetcore-browser-refresh.js - -
2023-05-31 09:35:30.398 +05:30 [INF] Request finished HTTP/1.1 GET http://localhost:5211/_framework/aspnetcore-browser-refresh.js - - - 200 11963 application/javascript;+charset=utf-8 0.3101ms
2023-05-31 09:35:51.492 +05:30 [INF] Request starting HTTP/1.1 GET http://localhost:5211/ - -
2023-05-31 09:35:51.498 +05:30 [ERR] An unhandled exception has occurred while executing the request.
System.InvalidOperationException: The constraint reference 'int)' could not be resolved to a type. Register the constraint type with 'Microsoft.AspNetCore.Routing.RouteOptions.ConstraintMap'.
   at Microsoft.AspNetCore.Routing.DefaultParameterPolicyFactory.Create(RoutePatternParameterPart parameter, String inlineText)
   at Microsoft.AspNetCore.Routing.ParameterPolicyFactory.Create(RoutePatternParameterPart parameter, RoutePatternParameterPolicyReference reference)
   at Microsoft.AspNetCore.Routing.Matching.DfaMatcherBuilder.CreateCandidate(Endpoint endpoint, Int32 score)
   at Microsoft.AspNetCore.Routing.Matching.DfaMatcherBuilder.CreateCandidates(IReadOnlyList`1 endpoints)
   at Microsoft.AspNetCore.Routing.Matching.DfaMatcherBuilder.AddNode(DfaNode node, DfaState[] states, Int32 exitDestination)
   at Microsoft.AspNetCore.Routing.Matching.DfaMatcherBuilder.AddNode(DfaNode node, DfaState[] states, Int32 exitDestination)
   at Microsoft.AspNetCore.Routing.Matching.DfaMatcherBuilder.AddNode(DfaNode node, DfaState[] states, Int32 exitDestination)
   at Microsoft.AspNetCore.Routing.Matching.DfaMatcherBuilder.AddNode(DfaNode node, DfaState[] states, Int32 exitDestination)
   at Microsoft.AspNetCore.Routing.Matching.DfaMatcherBuilder.Build()
   at Microsoft.AspNetCore.Routing.Matching.DataSourceDependentMatcher.CreateMatcher(IReadOnlyList`1 endpoints)
   at Microsoft.AspNetCore.Routing.DataSourceDependentCache`1.Initialize()
   at System.Threading.LazyInitializer.EnsureInitializedCore[T](T& target, Boolean& initialized, Object& syncLock, Func`1 valueFactory)
   at System.Threading.LazyInitializer.EnsureInitialized[T](T& target, Boolean& initialized, Object& syncLock, Func`1 valueFactory)
   at Microsoft.AspNetCore.Routing.Matching.DataSourceDependentMatcher..ctor(EndpointDataSource dataSource, Lifetime lifetime, Func`1 matcherBuilderFactory)
   at Microsoft.AspNetCore.Routing.Matching.DfaMatcherFactory.CreateMatcher(EndpointDataSource dataSource)
   at Microsoft.AspNetCore.Routing.EndpointRoutingMiddleware.InitializeCoreAsync()
--- End of stack trace from previous location ---
   at Microsoft.AspNetCore.Routing.EndpointRoutingMiddleware.<Invoke>g__AwaitMatcher|8_0(EndpointRoutingMiddleware middleware, HttpContext httpContext, Task`1 matcherTask)
   at Microsoft.AspNetCore.Diagnostics.DeveloperExceptionPageMiddlewareImpl.Invoke(HttpContext context)
2023-05-31 09:35:51.502 +05:30 [INF] Request finished HTTP/1.1 GET http://localhost:5211/ - - - 500 - text/html;+charset=utf-8 9.6727ms
2023-05-31 09:35:51.922 +05:30 [INF] Request starting HTTP/1.1 GET http://localhost:5211/_framework/aspnetcore-browser-refresh.js - -
2023-05-31 09:35:51.922 +05:30 [INF] Request finished HTTP/1.1 GET http://localhost:5211/_framework/aspnetcore-browser-refresh.js - - - 200 11963 application/javascript;+charset=utf-8 0.2763ms
2023-05-31 09:35:56.765 +05:30 [INF] Application is shutting down...
2023-05-31 09:36:28.140 +05:30 [INF] User profile is available. Using 'C:\Users\sargu\AppData\Local\ASP.NET\DataProtection-Keys' as key repository and Windows DPAPI to encrypt keys at rest.
2023-05-31 09:36:28.435 +05:30 [INF] Now listening on: http://localhost:5211
2023-05-31 09:36:28.449 +05:30 [INF] Application started. Press Ctrl+C to shut down.
2023-05-31 09:36:28.449 +05:30 [INF] Hosting environment: Development
2023-05-31 09:36:28.450 +05:30 [INF] Content root path: C:\Users\sargu\Desktop\FinalProject\IdentityManagement
2023-05-31 09:36:30.674 +05:30 [INF] Request starting HTTP/1.1 GET http://localhost:5211/ - -
2023-05-31 09:36:30.958 +05:30 [WRN] Failed to determine the https port for redirect.
2023-05-31 09:36:31.305 +05:30 [ERR] An unhandled exception has occurred while executing the request.
System.InvalidOperationException: The constraint reference 'int)' could not be resolved to a type. Register the constraint type with 'Microsoft.AspNetCore.Routing.RouteOptions.ConstraintMap'.
   at Microsoft.AspNetCore.Routing.DefaultParameterPolicyFactory.Create(RoutePatternParameterPart parameter, String inlineText)
   at Microsoft.AspNetCore.Routing.ParameterPolicyFactory.Create(RoutePatternParameterPart parameter, RoutePatternParameterPolicyReference reference)
   at Microsoft.AspNetCore.Routing.Matching.DfaMatcherBuilder.CreateCandidate(Endpoint endpoint, Int32 score)
   at Microsoft.AspNetCore.Routing.Matching.DfaMatcherBuilder.CreateCandidates(IReadOnlyList`1 endpoints)
   at Microsoft.AspNetCore.Routing.Matching.DfaMatcherBuilder.AddNode(DfaNode node, DfaState[] states, Int32 exitDestination)
   at Microsoft.AspNetCore.Routing.Matching.DfaMatcherBuilder.AddNode(DfaNode node, DfaState[] states, Int32 exitDestination)
   at Microsoft.AspNetCore.Routing.Matching.DfaMatcherBuilder.AddNode(DfaNode node, DfaState[] states, Int32 exitDestination)
   at Microsoft.AspNetCore.Routing.Matching.DfaMatcherBuilder.AddNode(DfaNode node, DfaState[] states, Int32 exitDestination)
   at Microsoft.AspNetCore.Routing.Matching.DfaMatcherBuilder.Build()
   at Microsoft.AspNetCore.Routing.Matching.DataSourceDependentMatcher.CreateMatcher(IReadOnlyList`1 endpoints)
   at Microsoft.AspNetCore.Routing.DataSourceDependentCache`1.Initialize()
   at System.Threading.LazyInitializer.EnsureInitializedCore[T](T& target, Boolean& initialized, Object& syncLock, Func`1 valueFactory)
   at System.Threading.LazyInitializer.EnsureInitialized[T](T& target, Boolean& initialized, Object& syncLock, Func`1 valueFactory)
   at Microsoft.AspNetCore.Routing.Matching.DataSourceDependentMatcher..ctor(EndpointDataSource dataSource, Lifetime lifetime, Func`1 matcherBuilderFactory)
   at Microsoft.AspNetCore.Routing.Matching.DfaMatcherFactory.CreateMatcher(EndpointDataSource dataSource)
   at Microsoft.AspNetCore.Routing.EndpointRoutingMiddleware.InitializeCoreAsync()
--- End of stack trace from previous location ---
   at Microsoft.AspNetCore.Routing.EndpointRoutingMiddleware.<Invoke>g__AwaitMatcher|8_0(EndpointRoutingMiddleware middleware, HttpContext httpContext, Task`1 matcherTask)
   at Microsoft.AspNetCore.Diagnostics.DeveloperExceptionPageMiddlewareImpl.Invoke(HttpContext context)
2023-05-31 09:36:31.492 +05:30 [INF] Request finished HTTP/1.1 GET http://localhost:5211/ - - - 500 - text/html;+charset=utf-8 1003.6307ms
2023-05-31 09:36:31.871 +05:30 [INF] Request starting HTTP/1.1 GET http://localhost:5211/_framework/aspnetcore-browser-refresh.js - -
2023-05-31 09:36:31.876 +05:30 [INF] Request finished HTTP/1.1 GET http://localhost:5211/_framework/aspnetcore-browser-refresh.js - - - 200 11963 application/javascript;+charset=utf-8 4.7929ms
2023-05-31 09:37:45.383 +05:30 [INF] Request starting HTTP/1.1 GET http://localhost:5211/ - -
2023-05-31 09:37:45.392 +05:30 [ERR] An unhandled exception has occurred while executing the request.
System.InvalidOperationException: The constraint reference 'int)' could not be resolved to a type. Register the constraint type with 'Microsoft.AspNetCore.Routing.RouteOptions.ConstraintMap'.
   at Microsoft.AspNetCore.Routing.DefaultParameterPolicyFactory.Create(RoutePatternParameterPart parameter, String inlineText)
   at Microsoft.AspNetCore.Routing.ParameterPolicyFactory.Create(RoutePatternParameterPart parameter, RoutePatternParameterPolicyReference reference)
   at Microsoft.AspNetCore.Routing.Matching.DfaMatcherBuilder.CreateCandidate(Endpoint endpoint, Int32 score)
   at Microsoft.AspNetCore.Routing.Matching.DfaMatcherBuilder.CreateCandidates(IReadOnlyList`1 endpoints)
   at Microsoft.AspNetCore.Routing.Matching.DfaMatcherBuilder.AddNode(DfaNode node, DfaState[] states, Int32 exitDestination)
   at Microsoft.AspNetCore.Routing.Matching.DfaMatcherBuilder.AddNode(DfaNode node, DfaState[] states, Int32 exitDestination)
   at Microsoft.AspNetCore.Routing.Matching.DfaMatcherBuilder.AddNode(DfaNode node, DfaState[] states, Int32 exitDestination)
   at Microsoft.AspNetCore.Routing.Matching.DfaMatcherBuilder.AddNode(DfaNode node, DfaState[] states, Int32 exitDestination)
   at Microsoft.AspNetCore.Routing.Matching.DfaMatcherBuilder.Build()
   at Microsoft.AspNetCore.Routing.Matching.DataSourceDependentMatcher.CreateMatcher(IReadOnlyList`1 endpoints)
   at Microsoft.AspNetCore.Routing.DataSourceDependentCache`1.Initialize()
   at System.Threading.LazyInitializer.EnsureInitializedCore[T](T& target, Boolean& initialized, Object& syncLock, Func`1 valueFactory)
   at System.Threading.LazyInitializer.EnsureInitialized[T](T& target, Boolean& initialized, Object& syncLock, Func`1 valueFactory)
   at Microsoft.AspNetCore.Routing.Matching.DataSourceDependentMatcher..ctor(EndpointDataSource dataSource, Lifetime lifetime, Func`1 matcherBuilderFactory)
   at Microsoft.AspNetCore.Routing.Matching.DfaMatcherFactory.CreateMatcher(EndpointDataSource dataSource)
   at Microsoft.AspNetCore.Routing.EndpointRoutingMiddleware.InitializeCoreAsync()
--- End of stack trace from previous location ---
   at Microsoft.AspNetCore.Routing.EndpointRoutingMiddleware.<Invoke>g__AwaitMatcher|8_0(EndpointRoutingMiddleware middleware, HttpContext httpContext, Task`1 matcherTask)
   at Microsoft.AspNetCore.Diagnostics.DeveloperExceptionPageMiddlewareImpl.Invoke(HttpContext context)
2023-05-31 09:37:45.403 +05:30 [INF] Request finished HTTP/1.1 GET http://localhost:5211/ - - - 500 - text/html;+charset=utf-8 19.9169ms
2023-05-31 09:37:45.517 +05:30 [INF] Request starting HTTP/1.1 GET http://localhost:5211/_framework/aspnetcore-browser-refresh.js - -
2023-05-31 09:37:45.517 +05:30 [INF] Request finished HTTP/1.1 GET http://localhost:5211/_framework/aspnetcore-browser-refresh.js - - - 200 11963 application/javascript;+charset=utf-8 0.6216ms
2023-05-31 09:38:00.371 +05:30 [INF] Application is shutting down...
2023-05-31 09:38:52.462 +05:30 [INF] User profile is available. Using 'C:\Users\sargu\AppData\Local\ASP.NET\DataProtection-Keys' as key repository and Windows DPAPI to encrypt keys at rest.
2023-05-31 09:38:52.954 +05:30 [INF] Now listening on: http://localhost:5211
2023-05-31 09:38:53.009 +05:30 [INF] Application started. Press Ctrl+C to shut down.
2023-05-31 09:38:53.009 +05:30 [INF] Hosting environment: Development
2023-05-31 09:38:53.009 +05:30 [INF] Content root path: C:\Users\sargu\Desktop\FinalProject\IdentityManagement
2023-05-31 09:38:54.861 +05:30 [INF] Request starting HTTP/1.1 GET http://localhost:5211/ - -
2023-05-31 09:38:55.116 +05:30 [WRN] Failed to determine the https port for redirect.
2023-05-31 09:38:55.316 +05:30 [ERR] An unhandled exception has occurred while executing the request.
Microsoft.AspNetCore.Routing.Patterns.RoutePatternException: There is an incomplete parameter in the route template. Check that each '{' character has a matching '}' character.
   at Microsoft.AspNetCore.Routing.Patterns.RoutePatternParser.Parse(String pattern)
   at Microsoft.AspNetCore.Routing.Patterns.RoutePatternFactory.Parse(String pattern)
   at Microsoft.AspNetCore.Mvc.Routing.ActionEndpointFactory.AddEndpoints(List`1 endpoints, HashSet`1 routeNames, ActionDescriptor action, IReadOnlyList`1 routes, IReadOnlyList`1 conventions, IReadOnlyList`1 groupConventions, IReadOnlyList`1 finallyConventions, IReadOnlyList`1 groupFinallyConventions, Boolean createInertEndpoints, RoutePattern groupPrefix)
   at Microsoft.AspNetCore.Mvc.Routing.ControllerActionEndpointDataSource.CreateEndpoints(RoutePattern groupPrefix, IReadOnlyList`1 actions, IReadOnlyList`1 conventions, IReadOnlyList`1 groupConventions, IReadOnlyList`1 finallyConventions, IReadOnlyList`1 groupFinallyConventions)
   at Microsoft.AspNetCore.Mvc.Routing.ActionEndpointDataSourceBase.UpdateEndpoints()
   at Microsoft.AspNetCore.Mvc.Routing.ActionEndpointDataSourceBase.Initialize()
   at Microsoft.AspNetCore.Mvc.Routing.ActionEndpointDataSourceBase.GetChangeToken()
   at Microsoft.Extensions.Primitives.ChangeToken.OnChange(Func`1 changeTokenProducer, Action changeTokenConsumer)
   at Microsoft.AspNetCore.Routing.CompositeEndpointDataSource.CreateChangeTokenUnsynchronized(Boolean collectionChanged)
   at Microsoft.AspNetCore.Routing.CompositeEndpointDataSource.EnsureChangeTokenInitialized()
   at Microsoft.AspNetCore.Routing.DataSourceDependentCache`1.Initialize()
   at System.Threading.LazyInitializer.EnsureInitializedCore[T](T& target, Boolean& initialized, Object& syncLock, Func`1 valueFactory)
   at System.Threading.LazyInitializer.EnsureInitialized[T](T& target, Boolean& initialized, Object& syncLock, Func`1 valueFactory)
   at Microsoft.AspNetCore.Routing.Matching.DataSourceDependentMatcher..ctor(EndpointDataSource dataSource, Lifetime lifetime, Func`1 matcherBuilderFactory)
   at Microsoft.AspNetCore.Routing.Matching.DfaMatcherFactory.CreateMatcher(EndpointDataSource dataSource)
   at Microsoft.AspNetCore.Routing.EndpointRoutingMiddleware.InitializeCoreAsync()
--- End of stack trace from previous location ---
   at Microsoft.AspNetCore.Routing.EndpointRoutingMiddleware.<Invoke>g__AwaitMatcher|8_0(EndpointRoutingMiddleware middleware, HttpContext httpContext, Task`1 matcherTask)
   at Microsoft.AspNetCore.Diagnostics.DeveloperExceptionPageMiddlewareImpl.Invoke(HttpContext context)
2023-05-31 09:38:55.561 +05:30 [INF] Request finished HTTP/1.1 GET http://localhost:5211/ - - - 500 - text/html;+charset=utf-8 750.6853ms
2023-05-31 09:39:16.917 +05:30 [INF] Request starting HTTP/1.1 GET http://localhost:5211/_framework/aspnetcore-browser-refresh.js - -
2023-05-31 09:39:16.927 +05:30 [INF] Request finished HTTP/1.1 GET http://localhost:5211/_framework/aspnetcore-browser-refresh.js - - - 200 11963 application/javascript;+charset=utf-8 10.7784ms
2023-05-31 09:39:45.361 +05:30 [INF] Request starting HTTP/1.1 GET http://localhost:5211/ - -
2023-05-31 09:39:45.412 +05:30 [ERR] An unhandled exception has occurred while executing the request.
Microsoft.AspNetCore.Routing.Patterns.RoutePatternException: There is an incomplete parameter in the route template. Check that each '{' character has a matching '}' character.
   at Microsoft.AspNetCore.Routing.Patterns.RoutePatternParser.Parse(String pattern)
   at Microsoft.AspNetCore.Routing.Patterns.RoutePatternFactory.Parse(String pattern)
   at Microsoft.AspNetCore.Mvc.Routing.ActionEndpointFactory.AddEndpoints(List`1 endpoints, HashSet`1 routeNames, ActionDescriptor action, IReadOnlyList`1 routes, IReadOnlyList`1 conventions, IReadOnlyList`1 groupConventions, IReadOnlyList`1 finallyConventions, IReadOnlyList`1 groupFinallyConventions, Boolean createInertEndpoints, RoutePattern groupPrefix)
   at Microsoft.AspNetCore.Mvc.Routing.ControllerActionEndpointDataSource.CreateEndpoints(RoutePattern groupPrefix, IReadOnlyList`1 actions, IReadOnlyList`1 conventions, IReadOnlyList`1 groupConventions, IReadOnlyList`1 finallyConventions, IReadOnlyList`1 groupFinallyConventions)
   at Microsoft.AspNetCore.Mvc.Routing.ActionEndpointDataSourceBase.UpdateEndpoints()
   at Microsoft.AspNetCore.Mvc.Routing.ActionEndpointDataSourceBase.Initialize()
   at Microsoft.AspNetCore.Mvc.Routing.ActionEndpointDataSourceBase.GetChangeToken()
   at Microsoft.Extensions.Primitives.ChangeToken.OnChange(Func`1 changeTokenProducer, Action changeTokenConsumer)
   at Microsoft.AspNetCore.Routing.CompositeEndpointDataSource.CreateChangeTokenUnsynchronized(Boolean collectionChanged)
   at Microsoft.AspNetCore.Routing.CompositeEndpointDataSource.EnsureChangeTokenInitialized()
   at Microsoft.AspNetCore.Routing.DataSourceDependentCache`1.Initialize()
   at System.Threading.LazyInitializer.EnsureInitializedCore[T](T& target, Boolean& initialized, Object& syncLock, Func`1 valueFactory)
   at System.Threading.LazyInitializer.EnsureInitialized[T](T& target, Boolean& initialized, Object& syncLock, Func`1 valueFactory)
   at Microsoft.AspNetCore.Routing.Matching.DataSourceDependentMatcher..ctor(EndpointDataSource dataSource, Lifetime lifetime, Func`1 matcherBuilderFactory)
   at Microsoft.AspNetCore.Routing.Matching.DfaMatcherFactory.CreateMatcher(EndpointDataSource dataSource)
   at Microsoft.AspNetCore.Routing.EndpointRoutingMiddleware.InitializeCoreAsync()
--- End of stack trace from previous location ---
   at Microsoft.AspNetCore.Routing.EndpointRoutingMiddleware.<Invoke>g__AwaitMatcher|8_0(EndpointRoutingMiddleware middleware, HttpContext httpContext, Task`1 matcherTask)
   at Microsoft.AspNetCore.Diagnostics.DeveloperExceptionPageMiddlewareImpl.Invoke(HttpContext context)
2023-05-31 09:39:45.425 +05:30 [INF] Request finished HTTP/1.1 GET http://localhost:5211/ - - - 500 - text/html;+charset=utf-8 64.3789ms
2023-05-31 09:39:45.546 +05:30 [INF] Request starting HTTP/1.1 GET http://localhost:5211/_framework/aspnetcore-browser-refresh.js - -
2023-05-31 09:39:45.553 +05:30 [INF] Request finished HTTP/1.1 GET http://localhost:5211/_framework/aspnetcore-browser-refresh.js - - - 200 11963 application/javascript;+charset=utf-8 0.5786ms
2023-05-31 09:40:05.533 +05:30 [INF] Application is shutting down...
2023-05-31 09:41:05.575 +05:30 [INF] User profile is available. Using 'C:\Users\sargu\AppData\Local\ASP.NET\DataProtection-Keys' as key repository and Windows DPAPI to encrypt keys at rest.
2023-05-31 09:41:06.341 +05:30 [INF] Now listening on: http://localhost:5211
2023-05-31 09:41:06.375 +05:30 [INF] Application started. Press Ctrl+C to shut down.
2023-05-31 09:41:06.375 +05:30 [INF] Hosting environment: Development
2023-05-31 09:41:06.376 +05:30 [INF] Content root path: C:\Users\sargu\Desktop\FinalProject\IdentityManagement
2023-05-31 09:41:10.251 +05:30 [INF] Request starting HTTP/1.1 GET http://localhost:5211/ - -
2023-05-31 09:41:10.725 +05:30 [WRN] Failed to determine the https port for redirect.
2023-05-31 09:41:11.246 +05:30 [ERR] An unhandled exception has occurred while executing the request.
System.InvalidOperationException: The constraint reference 'int)' could not be resolved to a type. Register the constraint type with 'Microsoft.AspNetCore.Routing.RouteOptions.ConstraintMap'.
   at Microsoft.AspNetCore.Routing.DefaultParameterPolicyFactory.Create(RoutePatternParameterPart parameter, String inlineText)
   at Microsoft.AspNetCore.Routing.ParameterPolicyFactory.Create(RoutePatternParameterPart parameter, RoutePatternParameterPolicyReference reference)
   at Microsoft.AspNetCore.Routing.Matching.DfaMatcherBuilder.CreateCandidate(Endpoint endpoint, Int32 score)
   at Microsoft.AspNetCore.Routing.Matching.DfaMatcherBuilder.CreateCandidates(IReadOnlyList`1 endpoints)
   at Microsoft.AspNetCore.Routing.Matching.DfaMatcherBuilder.AddNode(DfaNode node, DfaState[] states, Int32 exitDestination)
   at Microsoft.AspNetCore.Routing.Matching.DfaMatcherBuilder.AddNode(DfaNode node, DfaState[] states, Int32 exitDestination)
   at Microsoft.AspNetCore.Routing.Matching.DfaMatcherBuilder.AddNode(DfaNode node, DfaState[] states, Int32 exitDestination)
   at Microsoft.AspNetCore.Routing.Matching.DfaMatcherBuilder.AddNode(DfaNode node, DfaState[] states, Int32 exitDestination)
   at Microsoft.AspNetCore.Routing.Matching.DfaMatcherBuilder.Build()
   at Microsoft.AspNetCore.Routing.Matching.DataSourceDependentMatcher.CreateMatcher(IReadOnlyList`1 endpoints)
   at Microsoft.AspNetCore.Routing.DataSourceDependentCache`1.Initialize()
   at System.Threading.LazyInitializer.EnsureInitializedCore[T](T& target, Boolean& initialized, Object& syncLock, Func`1 valueFactory)
   at System.Threading.LazyInitializer.EnsureInitialized[T](T& target, Boolean& initialized, Object& syncLock, Func`1 valueFactory)
   at Microsoft.AspNetCore.Routing.Matching.DataSourceDependentMatcher..ctor(EndpointDataSource dataSource, Lifetime lifetime, Func`1 matcherBuilderFactory)
   at Microsoft.AspNetCore.Routing.Matching.DfaMatcherFactory.CreateMatcher(EndpointDataSource dataSource)
   at Microsoft.AspNetCore.Routing.EndpointRoutingMiddleware.InitializeCoreAsync()
--- End of stack trace from previous location ---
   at Microsoft.AspNetCore.Routing.EndpointRoutingMiddleware.<Invoke>g__AwaitMatcher|8_0(EndpointRoutingMiddleware middleware, HttpContext httpContext, Task`1 matcherTask)
   at Microsoft.AspNetCore.Diagnostics.DeveloperExceptionPageMiddlewareImpl.Invoke(HttpContext context)
2023-05-31 09:41:11.809 +05:30 [INF] Request finished HTTP/1.1 GET http://localhost:5211/ - - - 500 - text/html;+charset=utf-8 1678.1320ms
2023-05-31 09:41:13.829 +05:30 [INF] Request starting HTTP/1.1 GET http://localhost:5211/_framework/aspnetcore-browser-refresh.js - -
2023-05-31 09:41:13.834 +05:30 [INF] Request finished HTTP/1.1 GET http://localhost:5211/_framework/aspnetcore-browser-refresh.js - - - 200 11963 application/javascript;+charset=utf-8 5.2706ms
2023-05-31 09:41:29.786 +05:30 [INF] Request starting HTTP/1.1 GET http://localhost:5211/ - -
2023-05-31 09:41:29.802 +05:30 [ERR] An unhandled exception has occurred while executing the request.
System.InvalidOperationException: The constraint reference 'int)' could not be resolved to a type. Register the constraint type with 'Microsoft.AspNetCore.Routing.RouteOptions.ConstraintMap'.
   at Microsoft.AspNetCore.Routing.DefaultParameterPolicyFactory.Create(RoutePatternParameterPart parameter, String inlineText)
   at Microsoft.AspNetCore.Routing.ParameterPolicyFactory.Create(RoutePatternParameterPart parameter, RoutePatternParameterPolicyReference reference)
   at Microsoft.AspNetCore.Routing.Matching.DfaMatcherBuilder.CreateCandidate(Endpoint endpoint, Int32 score)
   at Microsoft.AspNetCore.Routing.Matching.DfaMatcherBuilder.CreateCandidates(IReadOnlyList`1 endpoints)
   at Microsoft.AspNetCore.Routing.Matching.DfaMatcherBuilder.AddNode(DfaNode node, DfaState[] states, Int32 exitDestination)
   at Microsoft.AspNetCore.Routing.Matching.DfaMatcherBuilder.AddNode(DfaNode node, DfaState[] states, Int32 exitDestination)
   at Microsoft.AspNetCore.Routing.Matching.DfaMatcherBuilder.AddNode(DfaNode node, DfaState[] states, Int32 exitDestination)
   at Microsoft.AspNetCore.Routing.Matching.DfaMatcherBuilder.AddNode(DfaNode node, DfaState[] states, Int32 exitDestination)
   at Microsoft.AspNetCore.Routing.Matching.DfaMatcherBuilder.Build()
   at Microsoft.AspNetCore.Routing.Matching.DataSourceDependentMatcher.CreateMatcher(IReadOnlyList`1 endpoints)
   at Microsoft.AspNetCore.Routing.DataSourceDependentCache`1.Initialize()
   at System.Threading.LazyInitializer.EnsureInitializedCore[T](T& target, Boolean& initialized, Object& syncLock, Func`1 valueFactory)
   at System.Threading.LazyInitializer.EnsureInitialized[T](T& target, Boolean& initialized, Object& syncLock, Func`1 valueFactory)
   at Microsoft.AspNetCore.Routing.Matching.DataSourceDependentMatcher..ctor(EndpointDataSource dataSource, Lifetime lifetime, Func`1 matcherBuilderFactory)
   at Microsoft.AspNetCore.Routing.Matching.DfaMatcherFactory.CreateMatcher(EndpointDataSource dataSource)
   at Microsoft.AspNetCore.Routing.EndpointRoutingMiddleware.InitializeCoreAsync()
--- End of stack trace from previous location ---
   at Microsoft.AspNetCore.Routing.EndpointRoutingMiddleware.<Invoke>g__AwaitMatcher|8_0(EndpointRoutingMiddleware middleware, HttpContext httpContext, Task`1 matcherTask)
   at Microsoft.AspNetCore.Diagnostics.DeveloperExceptionPageMiddlewareImpl.Invoke(HttpContext context)
2023-05-31 09:41:29.810 +05:30 [INF] Request finished HTTP/1.1 GET http://localhost:5211/ - - - 500 - text/html;+charset=utf-8 24.0728ms
2023-05-31 09:41:30.568 +05:30 [INF] Request starting HTTP/1.1 GET http://localhost:5211/_framework/aspnetcore-browser-refresh.js - -
2023-05-31 09:41:30.569 +05:30 [INF] Request finished HTTP/1.1 GET http://localhost:5211/_framework/aspnetcore-browser-refresh.js - - - 200 11963 application/javascript;+charset=utf-8 0.6609ms
2023-05-31 09:41:41.020 +05:30 [INF] Application is shutting down...
2023-05-31 09:43:52.683 +05:30 [INF] User profile is available. Using 'C:\Users\sargu\AppData\Local\ASP.NET\DataProtection-Keys' as key repository and Windows DPAPI to encrypt keys at rest.
2023-05-31 09:43:53.600 +05:30 [INF] Now listening on: http://localhost:5211
2023-05-31 09:43:53.636 +05:30 [INF] Application started. Press Ctrl+C to shut down.
2023-05-31 09:43:53.637 +05:30 [INF] Hosting environment: Development
2023-05-31 09:43:53.637 +05:30 [INF] Content root path: C:\Users\sargu\Desktop\FinalProject\IdentityManagement
2023-05-31 09:43:55.949 +05:30 [INF] Request starting HTTP/1.1 GET http://localhost:5211/ - -
2023-05-31 09:43:56.335 +05:30 [WRN] Failed to determine the https port for redirect.
2023-05-31 09:43:56.734 +05:30 [INF] Executing endpoint 'IdentityManagement.Controllers.HomeController.Index (IdentityManagement)'
2023-05-31 09:43:56.837 +05:30 [INF] Route matched with {action = "Index", controller = "Home"}. Executing controller action with signature Microsoft.AspNetCore.Mvc.IActionResult Index() on controller IdentityManagement.Controllers.HomeController (IdentityManagement).
2023-05-31 09:43:56.907 +05:30 [INF] Executing ViewResult, running view Index.
2023-05-31 09:43:58.090 +05:30 [INF] Executed ViewResult - view Index executed in 1184.1738ms.
2023-05-31 09:43:58.098 +05:30 [INF] Executed action IdentityManagement.Controllers.HomeController.Index (IdentityManagement) in 1259.3829ms
2023-05-31 09:43:58.099 +05:30 [INF] Executed endpoint 'IdentityManagement.Controllers.HomeController.Index (IdentityManagement)'
2023-05-31 09:43:58.425 +05:30 [INF] Request finished HTTP/1.1 GET http://localhost:5211/ - - - 200 - text/html;+charset=utf-8 2501.4429ms
2023-05-31 09:43:58.942 +05:30 [INF] Request starting HTTP/1.1 GET http://localhost:5211/_framework/aspnetcore-browser-refresh.js - -
2023-05-31 09:43:58.957 +05:30 [INF] Request finished HTTP/1.1 GET http://localhost:5211/_framework/aspnetcore-browser-refresh.js - - - 200 11963 application/javascript;+charset=utf-8 15.6343ms
2023-05-31 10:00:40.413 +05:30 [INF] Application is shutting down...
