2023-05-25 09:38:58.770 +05:30 [INF] User profile is available. Using 'C:\Users\sargu\AppData\Local\ASP.NET\DataProtection-Keys' as key repository and Windows DPAPI to encrypt keys at rest.
2023-05-25 09:38:59.240 +05:30 [INF] Now listening on: http://localhost:5211
2023-05-25 09:38:59.274 +05:30 [INF] Application started. Press Ctrl+C to shut down.
2023-05-25 09:38:59.274 +05:30 [INF] Hosting environment: Development
2023-05-25 09:38:59.274 +05:30 [INF] Content root path: C:\Users\sargu\Desktop\FinalProject\IdentityManagement
2023-05-25 09:39:02.560 +05:30 [INF] Request starting HTTP/1.1 GET http://localhost:5211/ - -
2023-05-25 09:39:02.825 +05:30 [WRN] Failed to determine the https port for redirect.
2023-05-25 09:39:03.190 +05:30 [INF] Executing endpoint 'IdentityManagement.Controllers.HomeController.Index (IdentityManagement)'
2023-05-25 09:39:03.267 +05:30 [INF] Route matched with {action = "Index", controller = "Home"}. Executing controller action with signature Microsoft.AspNetCore.Mvc.IActionResult Index() on controller IdentityManagement.Controllers.HomeController (IdentityManagement).
2023-05-25 09:39:03.327 +05:30 [INF] Executing ViewResult, running view Index.
2023-05-25 09:39:04.031 +05:30 [INF] Executed ViewResult - view Index executed in 707.7427ms.
2023-05-25 09:39:04.050 +05:30 [INF] Executed action IdentityManagement.Controllers.HomeController.Index (IdentityManagement) in 781.8504ms
2023-05-25 09:39:04.050 +05:30 [INF] Executed endpoint 'IdentityManagement.Controllers.HomeController.Index (IdentityManagement)'
2023-05-25 09:39:04.196 +05:30 [INF] Request finished HTTP/1.1 GET http://localhost:5211/ - - - 200 - text/html;+charset=utf-8 1791.4579ms
2023-05-25 09:39:12.008 +05:30 [INF] Request starting HTTP/1.1 GET http://localhost:5211/css/site.css?v=Co-b9f_lC6MlOt8YKl9vlMC8BL46-QfWYk3wQlp5jyo - -
2023-05-25 09:39:12.019 +05:30 [INF] Request starting HTTP/1.1 GET http://localhost:5211/IdentityManagement.styles.css?v=7OALh_86zQPsUQSc3aQW8ib0NKjDOOfp7P_JrIaXr28 - -
2023-05-25 09:39:12.068 +05:30 [INF] The file /css/site.css was not modified
2023-05-25 09:39:12.068 +05:30 [INF] The file /IdentityManagement.styles.css was not modified
2023-05-25 09:39:12.089 +05:30 [INF] Request finished HTTP/1.1 GET http://localhost:5211/css/site.css?v=Co-b9f_lC6MlOt8YKl9vlMC8BL46-QfWYk3wQlp5jyo - - - 304 - text/css 80.3866ms
2023-05-25 09:39:12.097 +05:30 [INF] Request finished HTTP/1.1 GET http://localhost:5211/IdentityManagement.styles.css?v=7OALh_86zQPsUQSc3aQW8ib0NKjDOOfp7P_JrIaXr28 - - - 304 - text/css 77.8642ms
2023-05-25 09:39:12.254 +05:30 [INF] Request starting HTTP/1.1 GET http://localhost:5211/_framework/aspnetcore-browser-refresh.js - -
2023-05-25 09:39:12.258 +05:30 [INF] Request finished HTTP/1.1 GET http://localhost:5211/_framework/aspnetcore-browser-refresh.js - - - 200 11963 application/javascript;+charset=utf-8 4.4591ms
2023-05-25 22:12:42.181 +05:30 [INF] User profile is available. Using 'C:\Users\sargu\AppData\Local\ASP.NET\DataProtection-Keys' as key repository and Windows DPAPI to encrypt keys at rest.
2023-05-25 22:12:42.743 +05:30 [INF] Now listening on: http://localhost:5211
2023-05-25 22:12:42.846 +05:30 [INF] Application started. Press Ctrl+C to shut down.
2023-05-25 22:12:42.847 +05:30 [INF] Hosting environment: Development
2023-05-25 22:12:42.847 +05:30 [INF] Content root path: C:\Users\sargu\Desktop\FinalProject\IdentityManagement
2023-05-25 22:12:46.652 +05:30 [INF] Request starting HTTP/1.1 GET http://localhost:5211/ - -
2023-05-25 22:12:47.403 +05:30 [WRN] Failed to determine the https port for redirect.
2023-05-25 22:12:48.591 +05:30 [INF] Executing endpoint 'IdentityManagement.Controllers.HomeController.Index (IdentityManagement)'
2023-05-25 22:12:48.745 +05:30 [INF] Route matched with {action = "Index", controller = "Home"}. Executing controller action with signature Microsoft.AspNetCore.Mvc.IActionResult Index() on controller IdentityManagement.Controllers.HomeController (IdentityManagement).
2023-05-25 22:12:48.931 +05:30 [INF] Executing ViewResult, running view Index.
2023-05-25 22:12:50.575 +05:30 [INF] Executed ViewResult - view Index executed in 1763.4886ms.
2023-05-25 22:12:50.581 +05:30 [INF] Executed action IdentityManagement.Controllers.HomeController.Index (IdentityManagement) in 1834.8196ms
2023-05-25 22:12:50.582 +05:30 [INF] Executed endpoint 'IdentityManagement.Controllers.HomeController.Index (IdentityManagement)'
2023-05-25 22:12:50.816 +05:30 [INF] Request finished HTTP/1.1 GET http://localhost:5211/ - - - 200 - text/html;+charset=utf-8 4178.7798ms
2023-05-25 22:12:51.448 +05:30 [INF] Request starting HTTP/1.1 GET http://localhost:5211/_framework/aspnetcore-browser-refresh.js - -
2023-05-25 22:12:51.453 +05:30 [INF] Request finished HTTP/1.1 GET http://localhost:5211/_framework/aspnetcore-browser-refresh.js - - - 200 11963 application/javascript;+charset=utf-8 5.3536ms
2023-05-25 22:12:57.243 +05:30 [INF] Request starting HTTP/1.1 GET http://localhost:5211/Employee/EmployeeLogin - -
2023-05-25 22:12:57.256 +05:30 [INF] Executing endpoint 'IdentityManagement.Controllers.EmployeeController.EmployeeLogin (IdentityManagement)'
2023-05-25 22:12:57.260 +05:30 [INF] Route matched with {action = "EmployeeLogin", controller = "Employee"}. Executing controller action with signature Microsoft.AspNetCore.Mvc.IActionResult EmployeeLogin() on controller IdentityManagement.Controllers.EmployeeController (IdentityManagement).
2023-05-25 22:12:57.272 +05:30 [INF] Executing ViewResult, running view EmployeeLogin.
2023-05-25 22:12:57.709 +05:30 [INF] Executed ViewResult - view EmployeeLogin executed in 439.0631ms.
2023-05-25 22:12:57.773 +05:30 [INF] Executed action IdentityManagement.Controllers.EmployeeController.EmployeeLogin (IdentityManagement) in 513.1382ms
2023-05-25 22:12:57.774 +05:30 [INF] Executed endpoint 'IdentityManagement.Controllers.EmployeeController.EmployeeLogin (IdentityManagement)'
2023-05-25 22:12:57.916 +05:30 [INF] Request finished HTTP/1.1 GET http://localhost:5211/Employee/EmployeeLogin - - - 200 - text/html;+charset=utf-8 672.8892ms
2023-05-25 22:12:58.088 +05:30 [INF] Request starting HTTP/1.1 GET http://localhost:5211/_framework/aspnetcore-browser-refresh.js - -
2023-05-25 22:12:58.089 +05:30 [INF] Request finished HTTP/1.1 GET http://localhost:5211/_framework/aspnetcore-browser-refresh.js - - - 200 11963 application/javascript;+charset=utf-8 0.6431ms
2023-05-25 22:12:58.317 +05:30 [INF] Request starting HTTP/1.1 GET http://localhost:5211/css/login.css?v=i6jE1K6FOEzzUP9vY7KX9e73WrgSAVVmNoBqIp33Ul8 - -
2023-05-25 22:12:58.317 +05:30 [INF] Request starting HTTP/1.1 GET http://localhost:5211/Employee/slide navbar style.css - -
2023-05-25 22:12:58.342 +05:30 [INF] Request finished HTTP/1.1 GET http://localhost:5211/Employee/slide navbar style.css - - - 404 0 - 24.8570ms
2023-05-25 22:12:58.510 +05:30 [INF] The file /css/login.css was not modified
2023-05-25 22:12:58.511 +05:30 [INF] Request finished HTTP/1.1 GET http://localhost:5211/css/login.css?v=i6jE1K6FOEzzUP9vY7KX9e73WrgSAVVmNoBqIp33Ul8 - - - 304 - text/css 194.1989ms
2023-05-25 22:13:03.291 +05:30 [INF] Request starting HTTP/1.1 POST http://localhost:5211/Employee/EmployeeLogin application/x-www-form-urlencoded 239
2023-05-25 22:13:03.311 +05:30 [INF] Executing endpoint 'IdentityManagement.Controllers.EmployeeController.EmployeeLoginAsync (IdentityManagement)'
2023-05-25 22:13:03.503 +05:30 [INF] Route matched with {action = "EmployeeLogin", controller = "Employee"}. Executing controller action with signature System.Threading.Tasks.Task`1[Microsoft.AspNetCore.Mvc.IActionResult] EmployeeLoginAsync(User, IdentityManagement.Models.Database) on controller IdentityManagement.Controllers.EmployeeController (IdentityManagement).
2023-05-25 22:13:06.087 +05:30 [INF] AuthenticationScheme: Cookies signed in.
2023-05-25 22:13:06.095 +05:30 [INF] Executing RedirectResult, redirecting to /EmployeeData/Profile?EmailId=sargunanarc@gmail.com&userPassword=Pdss@2002&keepLoggedIn=False.
2023-05-25 22:13:06.095 +05:30 [INF] Executed action IdentityManagement.Controllers.EmployeeController.EmployeeLoginAsync (IdentityManagement) in 2588.8897ms
2023-05-25 22:13:06.096 +05:30 [INF] Executed endpoint 'IdentityManagement.Controllers.EmployeeController.EmployeeLoginAsync (IdentityManagement)'
2023-05-25 22:13:06.138 +05:30 [INF] Session started; Key:fca1712e-d9ea-217c-d46f-a1c19e540a7e, Id:942cbc48-15e0-e986-43d5-415538427caf
2023-05-25 22:13:06.139 +05:30 [INF] Request finished HTTP/1.1 POST http://localhost:5211/Employee/EmployeeLogin application/x-www-form-urlencoded 239 - 302 0 - 2847.3208ms
2023-05-25 22:13:06.163 +05:30 [INF] Request starting HTTP/1.1 GET http://localhost:5211/EmployeeData/Profile?EmailId=sargunanarc@gmail.com&userPassword=Pdss@2002&keepLoggedIn=False - -
2023-05-25 22:13:06.180 +05:30 [INF] Executing endpoint 'EmployeeDataController.Controllers.EmployeeDataController.Profile (IdentityManagement)'
2023-05-25 22:13:06.193 +05:30 [INF] Route matched with {action = "Profile", controller = "EmployeeData"}. Executing controller action with signature System.Threading.Tasks.Task`1[Microsoft.AspNetCore.Mvc.IActionResult] Profile() on controller EmployeeDataController.Controllers.EmployeeDataController (IdentityManagement).
2023-05-25 22:13:13.594 +05:30 [INF] Executed DbCommand (539ms) [Parameters=[@__mail_0='?' (Size = 4000)], CommandType='"Text"', CommandTimeout='30']
SELECT [e].[ID], [e].[Aadhaar], [e].[Address], [e].[DateofBirth], [e].[EmployeePackage], [e].[Experience], [e].[Gender], [e].[MobileNumber], [e].[Name], [e].[Password], [e].[ProfilePicture], [e].[TeamName], [e].[UserID]
FROM [Employeess] AS [e]
WHERE [e].[UserID] = @__mail_0
2023-05-25 22:13:14.411 +05:30 [INF] Executing ViewResult, running view Profile.
2023-05-25 22:13:14.486 +05:30 [INF] Executed ViewResult - view Profile executed in 76.9054ms.
2023-05-25 22:13:14.488 +05:30 [INF] Executed action EmployeeDataController.Controllers.EmployeeDataController.Profile (IdentityManagement) in 8295.4388ms
2023-05-25 22:13:14.490 +05:30 [INF] Executed endpoint 'EmployeeDataController.Controllers.EmployeeDataController.Profile (IdentityManagement)'
2023-05-25 22:13:14.515 +05:30 [INF] Request finished HTTP/1.1 GET http://localhost:5211/EmployeeData/Profile?EmailId=sargunanarc@gmail.com&userPassword=Pdss@2002&keepLoggedIn=False - - - 200 - text/html;+charset=utf-8 8351.7444ms
2023-05-25 22:13:14.852 +05:30 [INF] Request starting HTTP/1.1 GET http://localhost:5211/_framework/aspnetcore-browser-refresh.js - -
2023-05-25 22:13:14.853 +05:30 [INF] Request finished HTTP/1.1 GET http://localhost:5211/_framework/aspnetcore-browser-refresh.js - - - 200 11963 application/javascript;+charset=utf-8 0.2670ms
2023-05-25 22:13:14.853 +05:30 [INF] Request starting HTTP/1.1 GET http://localhost:5211/css/EmployeeProfile.css?v=w2_QZJHs7IoxQXIx2mut73-6J8UOcj3EScwpzWTPHCg - -
2023-05-25 22:13:14.854 +05:30 [INF] The file /css/EmployeeProfile.css was not modified
2023-05-25 22:13:14.857 +05:30 [INF] Request finished HTTP/1.1 GET http://localhost:5211/css/EmployeeProfile.css?v=w2_QZJHs7IoxQXIx2mut73-6J8UOcj3EScwpzWTPHCg - - - 304 - text/css 3.9438ms
2023-05-25 22:13:14.968 +05:30 [INF] Request starting HTTP/1.1 GET http://localhost:5211/images/75730bf3-8589-45ff-959a-68357f6e8d35 .jpg - -
2023-05-25 22:13:14.999 +05:30 [INF] The file /images/75730bf3-8589-45ff-959a-68357f6e8d35 .jpg was not modified
2023-05-25 22:13:14.999 +05:30 [INF] Request finished HTTP/1.1 GET http://localhost:5211/images/75730bf3-8589-45ff-959a-68357f6e8d35 .jpg - - - 304 - image/jpeg 31.0705ms
2023-05-25 22:13:22.183 +05:30 [INF] Request starting HTTP/1.1 GET http://localhost:5211/Home/logOut - -
2023-05-25 22:13:22.185 +05:30 [INF] Executing endpoint 'IdentityManagement.Controllers.HomeController.logOut (IdentityManagement)'
2023-05-25 22:13:22.226 +05:30 [INF] Route matched with {action = "logOut", controller = "Home"}. Executing controller action with signature System.Threading.Tasks.Task`1[Microsoft.AspNetCore.Mvc.IActionResult] logOut() on controller IdentityManagement.Controllers.HomeController (IdentityManagement).
2023-05-25 22:13:22.269 +05:30 [INF] AuthenticationScheme: Cookies signed out.
2023-05-25 22:13:22.270 +05:30 [INF] Executing RedirectResult, redirecting to /.
2023-05-25 22:13:22.271 +05:30 [INF] Executed action IdentityManagement.Controllers.HomeController.logOut (IdentityManagement) in 44.2142ms
2023-05-25 22:13:22.271 +05:30 [INF] Executed endpoint 'IdentityManagement.Controllers.HomeController.logOut (IdentityManagement)'
2023-05-25 22:13:22.271 +05:30 [INF] Request finished HTTP/1.1 GET http://localhost:5211/Home/logOut - - - 302 0 - 88.1948ms
2023-05-25 22:13:22.301 +05:30 [INF] Request starting HTTP/1.1 GET http://localhost:5211/ - -
2023-05-25 22:13:22.301 +05:30 [INF] Executing endpoint 'IdentityManagement.Controllers.HomeController.Index (IdentityManagement)'
2023-05-25 22:13:22.302 +05:30 [INF] Route matched with {action = "Index", controller = "Home"}. Executing controller action with signature Microsoft.AspNetCore.Mvc.IActionResult Index() on controller IdentityManagement.Controllers.HomeController (IdentityManagement).
2023-05-25 22:13:22.303 +05:30 [INF] Executing ViewResult, running view Index.
2023-05-25 22:13:22.304 +05:30 [INF] Executed ViewResult - view Index executed in 2.0233ms.
2023-05-25 22:13:22.304 +05:30 [INF] Executed action IdentityManagement.Controllers.HomeController.Index (IdentityManagement) in 2.6537ms
2023-05-25 22:13:22.304 +05:30 [INF] Executed endpoint 'IdentityManagement.Controllers.HomeController.Index (IdentityManagement)'
2023-05-25 22:13:22.305 +05:30 [INF] Request finished HTTP/1.1 GET http://localhost:5211/ - - - 200 - text/html;+charset=utf-8 3.9143ms
2023-05-25 22:13:22.685 +05:30 [INF] Request starting HTTP/1.1 GET http://localhost:5211/_framework/aspnetcore-browser-refresh.js - -
2023-05-25 22:13:22.686 +05:30 [INF] Request finished HTTP/1.1 GET http://localhost:5211/_framework/aspnetcore-browser-refresh.js - - - 200 11963 application/javascript;+charset=utf-8 0.2108ms
2023-05-25 22:13:24.999 +05:30 [INF] Request starting HTTP/1.1 GET http://localhost:5211/Admin/AdminLogin - -
2023-05-25 22:13:25.001 +05:30 [INF] Executing endpoint 'IdentityManagement.Controllers.AdminController.AdminLogin (IdentityManagement)'
2023-05-25 22:13:25.002 +05:30 [INF] Route matched with {action = "AdminLogin", controller = "Admin"}. Executing controller action with signature Microsoft.AspNetCore.Mvc.IActionResult AdminLogin() on controller IdentityManagement.Controllers.AdminController (IdentityManagement).
2023-05-25 22:13:25.081 +05:30 [INF] Executing ViewResult, running view AdminLogin.
2023-05-25 22:13:25.135 +05:30 [INF] Executed ViewResult - view AdminLogin executed in 130.7316ms.
2023-05-25 22:13:25.135 +05:30 [INF] Executed action IdentityManagement.Controllers.AdminController.AdminLogin (IdentityManagement) in 132.6279ms
2023-05-25 22:13:25.135 +05:30 [INF] Executed endpoint 'IdentityManagement.Controllers.AdminController.AdminLogin (IdentityManagement)'
2023-05-25 22:13:25.135 +05:30 [INF] Request finished HTTP/1.1 GET http://localhost:5211/Admin/AdminLogin - - - 200 - text/html;+charset=utf-8 135.6747ms
2023-05-25 22:13:25.284 +05:30 [INF] Request starting HTTP/1.1 GET http://localhost:5211/Admin/slide navbar style.css - -
2023-05-25 22:13:25.290 +05:30 [INF] Request finished HTTP/1.1 GET http://localhost:5211/Admin/slide navbar style.css - - - 404 0 - 21.6609ms
2023-05-25 22:13:25.292 +05:30 [INF] Request starting HTTP/1.1 GET http://localhost:5211/Admin/js/jquery.min.js - -
2023-05-25 22:13:25.295 +05:30 [INF] Request starting HTTP/1.1 GET http://localhost:5211/Admin/js/popper.js - -
2023-05-25 22:13:25.296 +05:30 [INF] Request finished HTTP/1.1 GET http://localhost:5211/Admin/js/jquery.min.js - - - 404 0 - 4.0923ms
2023-05-25 22:13:25.296 +05:30 [INF] Request starting HTTP/1.1 GET http://localhost:5211/Admin/js/bootstrap.min.js - -
2023-05-25 22:13:25.296 +05:30 [INF] Request finished HTTP/1.1 GET http://localhost:5211/Admin/js/popper.js - - - 404 0 - 0.8404ms
2023-05-25 22:13:25.297 +05:30 [INF] Request starting HTTP/1.1 GET http://localhost:5211/_framework/aspnetcore-browser-refresh.js - -
2023-05-25 22:13:25.297 +05:30 [INF] Request finished HTTP/1.1 GET http://localhost:5211/_framework/aspnetcore-browser-refresh.js - - - 200 11963 application/javascript;+charset=utf-8 0.1844ms
2023-05-25 22:13:25.297 +05:30 [INF] Request starting HTTP/1.1 GET http://localhost:5211/Admin/js/main.js - -
2023-05-25 22:13:25.297 +05:30 [INF] Request finished HTTP/1.1 GET http://localhost:5211/Admin/js/bootstrap.min.js - - - 404 0 - 0.8680ms
2023-05-25 22:13:25.298 +05:30 [INF] Request finished HTTP/1.1 GET http://localhost:5211/Admin/js/main.js - - - 404 0 - 0.8517ms
2023-05-25 22:13:28.366 +05:30 [INF] Request starting HTTP/1.1 POST http://localhost:5211/Admin/AdminLogin application/x-www-form-urlencoded 239
2023-05-25 22:13:28.366 +05:30 [INF] Executing endpoint 'IdentityManagement.Controllers.AdminController.AdminLoginAsync (IdentityManagement)'
2023-05-25 22:13:28.402 +05:30 [INF] Route matched with {action = "AdminLogin", controller = "Admin"}. Executing controller action with signature System.Threading.Tasks.Task`1[Microsoft.AspNetCore.Mvc.IActionResult] AdminLoginAsync(User, IdentityManagement.Models.Database) on controller IdentityManagement.Controllers.AdminController (IdentityManagement).
2023-05-25 22:13:28.509 +05:30 [INF] AuthenticationScheme: Cookies signed in.
2023-05-25 22:13:28.601 +05:30 [INF] Executing ViewResult, running view Profile.
2023-05-25 22:13:28.627 +05:30 [INF] Executed ViewResult - view Profile executed in 27.2339ms.
2023-05-25 22:13:28.629 +05:30 [INF] Executed action IdentityManagement.Controllers.AdminController.AdminLoginAsync (IdentityManagement) in 226.2014ms
2023-05-25 22:13:28.630 +05:30 [INF] Executed endpoint 'IdentityManagement.Controllers.AdminController.AdminLoginAsync (IdentityManagement)'
2023-05-25 22:13:28.631 +05:30 [INF] Request finished HTTP/1.1 POST http://localhost:5211/Admin/AdminLogin application/x-www-form-urlencoded 239 - 200 - text/html;+charset=utf-8 264.9848ms
2023-05-25 22:13:28.732 +05:30 [INF] Request starting HTTP/1.1 GET http://localhost:5211/_framework/aspnetcore-browser-refresh.js - -
2023-05-25 22:13:28.733 +05:30 [INF] Request finished HTTP/1.1 GET http://localhost:5211/_framework/aspnetcore-browser-refresh.js - - - 200 11963 application/javascript;+charset=utf-8 0.2274ms
2023-05-25 22:13:33.059 +05:30 [INF] Request starting HTTP/1.1 GET http://localhost:5211/Account/Signup - -
2023-05-25 22:13:33.060 +05:30 [INF] Executing endpoint 'AccountController.Signup (IdentityManagement)'
2023-05-25 22:13:33.068 +05:30 [INF] Route matched with {action = "Signup", controller = "Account"}. Executing controller action with signature Microsoft.AspNetCore.Mvc.IActionResult Signup() on controller AccountController (IdentityManagement).
2023-05-25 22:13:33.109 +05:30 [INF] Executing ViewResult, running view Signup.
2023-05-25 22:13:33.217 +05:30 [INF] Executed ViewResult - view Signup executed in 109.5493ms.
2023-05-25 22:13:33.217 +05:30 [INF] Executed action AccountController.Signup (IdentityManagement) in 149.33ms
2023-05-25 22:13:33.217 +05:30 [INF] Executed endpoint 'AccountController.Signup (IdentityManagement)'
2023-05-25 22:13:33.217 +05:30 [INF] Request finished HTTP/1.1 GET http://localhost:5211/Account/Signup - - - 200 - text/html;+charset=utf-8 158.6848ms
2023-05-25 22:13:33.306 +05:30 [INF] Request starting HTTP/1.1 GET http://localhost:5211/_framework/aspnetcore-browser-refresh.js - -
2023-05-25 22:13:33.306 +05:30 [INF] Request finished HTTP/1.1 GET http://localhost:5211/_framework/aspnetcore-browser-refresh.js - - - 200 11963 application/javascript;+charset=utf-8 0.4158ms
2023-05-25 22:13:33.307 +05:30 [INF] Request starting HTTP/1.1 GET http://localhost:5211/css/Index.css?v=iiqcz8g0UQ61X6oWOdzIZxmEdvb8KWMWXKKJIvMubEc - -
2023-05-25 22:13:33.309 +05:30 [INF] The file /css/Index.css was not modified
2023-05-25 22:13:33.309 +05:30 [INF] Request finished HTTP/1.1 GET http://localhost:5211/css/Index.css?v=iiqcz8g0UQ61X6oWOdzIZxmEdvb8KWMWXKKJIvMubEc - - - 304 - text/css 2.2700ms
2023-05-25 22:13:36.663 +05:30 [INF] Request starting HTTP/1.1 POST http://localhost:5211/Account/Signup application/x-www-form-urlencoded 265
2023-05-25 22:13:36.672 +05:30 [INF] Executing endpoint 'AccountController.Signup (IdentityManagement)'
2023-05-25 22:13:36.679 +05:30 [INF] Route matched with {action = "Signup", controller = "Account"}. Executing controller action with signature System.Threading.Tasks.Task`1[Microsoft.AspNetCore.Mvc.IActionResult] Signup(IdentityManagement.Models.SignupViewModel) on controller AccountController (IdentityManagement).
2023-05-25 22:13:36.693 +05:30 [INF] Executing ViewResult, running view Signup.
2023-05-25 22:13:36.696 +05:30 [INF] Executed ViewResult - view Signup executed in 3.3046ms.
2023-05-25 22:13:36.696 +05:30 [INF] Executed action AccountController.Signup (IdentityManagement) in 16.8776ms
2023-05-25 22:13:36.696 +05:30 [INF] Executed endpoint 'AccountController.Signup (IdentityManagement)'
2023-05-25 22:13:36.696 +05:30 [INF] Request finished HTTP/1.1 POST http://localhost:5211/Account/Signup application/x-www-form-urlencoded 265 - 200 - text/html;+charset=utf-8 33.9691ms
2023-05-25 22:13:36.768 +05:30 [INF] Request starting HTTP/1.1 GET http://localhost:5211/_framework/aspnetcore-browser-refresh.js - -
2023-05-25 22:13:36.768 +05:30 [INF] Request finished HTTP/1.1 GET http://localhost:5211/_framework/aspnetcore-browser-refresh.js - - - 200 11963 application/javascript;+charset=utf-8 0.2039ms
2023-05-25 22:13:43.800 +05:30 [INF] Request starting HTTP/1.1 POST http://localhost:5211/Account/Signup application/x-www-form-urlencoded 320
2023-05-25 22:13:43.807 +05:30 [INF] Executing endpoint 'AccountController.Signup (IdentityManagement)'
2023-05-25 22:13:43.807 +05:30 [INF] Route matched with {action = "Signup", controller = "Account"}. Executing controller action with signature System.Threading.Tasks.Task`1[Microsoft.AspNetCore.Mvc.IActionResult] Signup(IdentityManagement.Models.SignupViewModel) on controller AccountController (IdentityManagement).
2023-05-25 22:13:43.843 +05:30 [INF] Start processing HTTP request POST http://localhost:5184/signup
2023-05-25 22:13:43.847 +05:30 [INF] Sending HTTP request POST http://localhost:5184/signup
2023-05-25 22:13:48.306 +05:30 [INF] Executing RedirectResult, redirecting to /Error/WebApi.
2023-05-25 22:13:48.306 +05:30 [INF] Executed action AccountController.Signup (IdentityManagement) in 4496.213ms
2023-05-25 22:13:48.307 +05:30 [INF] Executed endpoint 'AccountController.Signup (IdentityManagement)'
2023-05-25 22:13:48.307 +05:30 [INF] Request finished HTTP/1.1 POST http://localhost:5211/Account/Signup application/x-www-form-urlencoded 320 - 302 0 - 4507.1788ms
2023-05-25 22:13:48.417 +05:30 [INF] Request starting HTTP/1.1 GET http://localhost:5211/Error/WebApi - -
2023-05-25 22:13:48.418 +05:30 [INF] Executing endpoint 'IdentityManagement.Controllers.ErrorController.WebApi (IdentityManagement)'
2023-05-25 22:13:48.422 +05:30 [INF] Route matched with {action = "WebApi", controller = "Error"}. Executing controller action with signature Microsoft.AspNetCore.Mvc.IActionResult WebApi() on controller IdentityManagement.Controllers.ErrorController (IdentityManagement).
2023-05-25 22:13:48.425 +05:30 [INF] Executing ViewResult, running view WebApi.
2023-05-25 22:13:48.439 +05:30 [INF] Executed ViewResult - view WebApi executed in 15.1669ms.
2023-05-25 22:13:48.439 +05:30 [INF] Executed action IdentityManagement.Controllers.ErrorController.WebApi (IdentityManagement) in 16.2803ms
2023-05-25 22:13:48.439 +05:30 [INF] Executed endpoint 'IdentityManagement.Controllers.ErrorController.WebApi (IdentityManagement)'
2023-05-25 22:13:48.439 +05:30 [INF] Request finished HTTP/1.1 GET http://localhost:5211/Error/WebApi - - - 200 - text/html;+charset=utf-8 21.8751ms
2023-05-25 22:13:48.539 +05:30 [INF] Request starting HTTP/1.1 GET http://localhost:5211/_framework/aspnetcore-browser-refresh.js - -
2023-05-25 22:13:48.539 +05:30 [INF] Request finished HTTP/1.1 GET http://localhost:5211/_framework/aspnetcore-browser-refresh.js - - - 200 11963 application/javascript;+charset=utf-8 0.6060ms
2023-05-25 22:14:03.630 +05:30 [INF] Request starting HTTP/1.1 GET http://localhost:5211/Account/Signup - -
2023-05-25 22:14:03.631 +05:30 [INF] Executing endpoint 'AccountController.Signup (IdentityManagement)'
2023-05-25 22:14:03.631 +05:30 [INF] Route matched with {action = "Signup", controller = "Account"}. Executing controller action with signature Microsoft.AspNetCore.Mvc.IActionResult Signup() on controller AccountController (IdentityManagement).
2023-05-25 22:14:03.631 +05:30 [INF] Executing ViewResult, running view Signup.
2023-05-25 22:14:03.636 +05:30 [INF] Executed ViewResult - view Signup executed in 5.0288ms.
2023-05-25 22:14:03.636 +05:30 [INF] Executed action AccountController.Signup (IdentityManagement) in 5.3433ms
2023-05-25 22:14:03.636 +05:30 [INF] Executed endpoint 'AccountController.Signup (IdentityManagement)'
2023-05-25 22:14:03.637 +05:30 [INF] Request finished HTTP/1.1 GET http://localhost:5211/Account/Signup - - - 200 - text/html;+charset=utf-8 6.5804ms
2023-05-25 22:14:04.053 +05:30 [INF] Request starting HTTP/1.1 GET http://localhost:5211/_framework/aspnetcore-browser-refresh.js - -
2023-05-25 22:14:04.054 +05:30 [INF] Request finished HTTP/1.1 GET http://localhost:5211/_framework/aspnetcore-browser-refresh.js - - - 200 11963 application/javascript;+charset=utf-8 0.2635ms
2023-05-25 22:14:08.315 +05:30 [INF] Request starting HTTP/1.1 GET http://localhost:5211/Admin/AdminLogin - -
2023-05-25 22:14:08.316 +05:30 [INF] Executing endpoint 'IdentityManagement.Controllers.AdminController.AdminLogin (IdentityManagement)'
2023-05-25 22:14:08.316 +05:30 [INF] Route matched with {action = "AdminLogin", controller = "Admin"}. Executing controller action with signature Microsoft.AspNetCore.Mvc.IActionResult AdminLogin() on controller IdentityManagement.Controllers.AdminController (IdentityManagement).
2023-05-25 22:14:08.317 +05:30 [INF] Executing RedirectResult, redirecting to /Admin/Profile.
2023-05-25 22:14:08.317 +05:30 [INF] Executed action IdentityManagement.Controllers.AdminController.AdminLogin (IdentityManagement) in 0.2135ms
2023-05-25 22:14:08.317 +05:30 [INF] Executed endpoint 'IdentityManagement.Controllers.AdminController.AdminLogin (IdentityManagement)'
2023-05-25 22:14:08.317 +05:30 [INF] Request finished HTTP/1.1 GET http://localhost:5211/Admin/AdminLogin - - - 302 0 - 1.3651ms
2023-05-25 22:14:08.716 +05:30 [INF] Request starting HTTP/1.1 GET http://localhost:5211/_framework/aspnetcore-browser-refresh.js - -
2023-05-25 22:14:08.716 +05:30 [INF] Request finished HTTP/1.1 GET http://localhost:5211/_framework/aspnetcore-browser-refresh.js - - - 200 11963 application/javascript;+charset=utf-8 0.2179ms
2023-05-25 22:14:20.429 +05:30 [INF] Request starting HTTP/1.1 GET http://localhost:5211/Error/Index - -
2023-05-25 22:14:20.432 +05:30 [INF] Executing endpoint 'IdentityManagement.Controllers.ErrorController.Index (IdentityManagement)'
2023-05-25 22:14:20.439 +05:30 [INF] Route matched with {action = "Index", controller = "Error"}. Executing controller action with signature Microsoft.AspNetCore.Mvc.IActionResult Index() on controller IdentityManagement.Controllers.ErrorController (IdentityManagement).
2023-05-25 22:14:20.442 +05:30 [INF] Executing ViewResult, running view Index.
2023-05-25 22:14:20.446 +05:30 [INF] Executed ViewResult - view Index executed in 6.0088ms.
2023-05-25 22:14:20.446 +05:30 [INF] Executed action IdentityManagement.Controllers.ErrorController.Index (IdentityManagement) in 6.707ms
2023-05-25 22:14:20.446 +05:30 [INF] Executed endpoint 'IdentityManagement.Controllers.ErrorController.Index (IdentityManagement)'
2023-05-25 22:14:20.447 +05:30 [INF] Request finished HTTP/1.1 GET http://localhost:5211/Error/Index - - - 200 - text/html;+charset=utf-8 17.3768ms
2023-05-25 22:14:20.641 +05:30 [INF] Request starting HTTP/1.1 GET http://localhost:5211/_framework/aspnetcore-browser-refresh.js - -
2023-05-25 22:14:20.642 +05:30 [INF] Request finished HTTP/1.1 GET http://localhost:5211/_framework/aspnetcore-browser-refresh.js - - - 200 11963 application/javascript;+charset=utf-8 0.1916ms
2023-05-25 22:21:37.492 +05:30 [INF] Application is shutting down...
