2023-05-18 09:31:13.239 +05:30 [INF] User profile is available. Using 'C:\Users\sargu\AppData\Local\ASP.NET\DataProtection-Keys' as key repository and Windows DPAPI to encrypt keys at rest.
2023-05-18 09:31:13.779 +05:30 [INF] Now listening on: http://localhost:5211
2023-05-18 09:31:13.886 +05:30 [INF] Application started. Press Ctrl+C to shut down.
2023-05-18 09:31:13.891 +05:30 [INF] Hosting environment: Development
2023-05-18 09:31:13.891 +05:30 [INF] Content root path: C:\Users\sargu\Desktop\FinalProject\IdentityManagement
2023-05-18 09:31:18.890 +05:30 [INF] Request starting HTTP/1.1 GET http://localhost:5211/ - -
2023-05-18 09:31:19.120 +05:30 [WRN] Failed to determine the https port for redirect.
2023-05-18 09:31:21.596 +05:30 [INF] Executing endpoint 'IdentityManagement.Controllers.HomeController.Index (IdentityManagement)'
2023-05-18 09:31:21.726 +05:30 [INF] Route matched with {action = "Index", controller = "Home"}. Executing controller action with signature Microsoft.AspNetCore.Mvc.IActionResult Index() on controller IdentityManagement.Controllers.HomeController (IdentityManagement).
2023-05-18 09:31:21.889 +05:30 [INF] Executing ViewResult, running view Index.
2023-05-18 09:31:22.647 +05:30 [INF] Executed ViewResult - view Index executed in 789.6066ms.
2023-05-18 09:31:22.702 +05:30 [INF] Executed action IdentityManagement.Controllers.HomeController.Index (IdentityManagement) in 974.0606ms
2023-05-18 09:31:22.702 +05:30 [INF] Executed endpoint 'IdentityManagement.Controllers.HomeController.Index (IdentityManagement)'
2023-05-18 09:31:22.822 +05:30 [INF] Request finished HTTP/1.1 GET http://localhost:5211/ - - - 200 - text/html;+charset=utf-8 3982.6119ms
2023-05-18 09:31:24.751 +05:30 [INF] Request starting HTTP/1.1 GET http://localhost:5211/css/site.css?v=Co-b9f_lC6MlOt8YKl9vlMC8BL46-QfWYk3wQlp5jyo - -
2023-05-18 09:31:24.840 +05:30 [INF] Request starting HTTP/1.1 GET http://localhost:5211/IdentityManagement.styles.css?v=7OALh_86zQPsUQSc3aQW8ib0NKjDOOfp7P_JrIaXr28 - -
2023-05-18 09:31:24.866 +05:30 [INF] The file /css/site.css was not modified
2023-05-18 09:31:24.867 +05:30 [INF] The file /IdentityManagement.styles.css was not modified
2023-05-18 09:31:24.868 +05:30 [INF] Request finished HTTP/1.1 GET http://localhost:5211/css/site.css?v=Co-b9f_lC6MlOt8YKl9vlMC8BL46-QfWYk3wQlp5jyo - - - 304 - text/css 117.5991ms
2023-05-18 09:31:24.924 +05:30 [INF] Request finished HTTP/1.1 GET http://localhost:5211/IdentityManagement.styles.css?v=7OALh_86zQPsUQSc3aQW8ib0NKjDOOfp7P_JrIaXr28 - - - 304 - text/css 83.6873ms
2023-05-18 09:31:24.927 +05:30 [INF] Request starting HTTP/1.1 GET http://localhost:5211/_framework/aspnetcore-browser-refresh.js - -
2023-05-18 09:31:24.931 +05:30 [INF] Request finished HTTP/1.1 GET http://localhost:5211/_framework/aspnetcore-browser-refresh.js - - - 200 11963 application/javascript;+charset=utf-8 4.1922ms
2023-05-18 21:50:19.837 +05:30 [INF] User profile is available. Using 'C:\Users\sargu\AppData\Local\ASP.NET\DataProtection-Keys' as key repository and Windows DPAPI to encrypt keys at rest.
2023-05-18 21:50:20.420 +05:30 [INF] Now listening on: http://localhost:5211
2023-05-18 21:50:20.524 +05:30 [INF] Application started. Press Ctrl+C to shut down.
2023-05-18 21:50:20.531 +05:30 [INF] Hosting environment: Development
2023-05-18 21:50:20.531 +05:30 [INF] Content root path: C:\Users\sargu\Desktop\shanmugasundaram\IdentityManagement
2023-05-18 21:50:24.684 +05:30 [INF] Request starting HTTP/1.1 GET http://localhost:5211/ - -
2023-05-18 21:50:25.814 +05:30 [WRN] Failed to determine the https port for redirect.
2023-05-18 21:50:27.770 +05:30 [INF] Executing endpoint 'IdentityManagement.Controllers.HomeController.Index (IdentityManagement)'
2023-05-18 21:50:27.915 +05:30 [INF] Route matched with {action = "Index", controller = "Home"}. Executing controller action with signature Microsoft.AspNetCore.Mvc.IActionResult Index() on controller IdentityManagement.Controllers.HomeController (IdentityManagement).
2023-05-18 21:50:28.001 +05:30 [INF] Executing ViewResult, running view Index.
2023-05-18 21:50:29.212 +05:30 [INF] Executed ViewResult - view Index executed in 1184.2309ms.
2023-05-18 21:50:29.217 +05:30 [INF] Executed action IdentityManagement.Controllers.HomeController.Index (IdentityManagement) in 1300.043ms
2023-05-18 21:50:29.217 +05:30 [INF] Executed endpoint 'IdentityManagement.Controllers.HomeController.Index (IdentityManagement)'
2023-05-18 21:50:29.302 +05:30 [INF] Request finished HTTP/1.1 GET http://localhost:5211/ - - - 200 - text/html;+charset=utf-8 5042.7934ms
2023-05-18 21:50:30.006 +05:30 [INF] Request starting HTTP/1.1 GET http://localhost:5211/_framework/aspnetcore-browser-refresh.js - -
2023-05-18 21:50:30.031 +05:30 [INF] Request finished HTTP/1.1 GET http://localhost:5211/_framework/aspnetcore-browser-refresh.js - - - 200 11963 application/javascript;+charset=utf-8 23.5347ms
2023-05-18 21:50:49.393 +05:30 [INF] Request starting HTTP/1.1 GET http://localhost:5211/Employee/EmployeeLogin - -
2023-05-18 21:50:49.413 +05:30 [INF] Executing endpoint 'IdentityManagement.Controllers.EmployeeController.EmployeeLogin (IdentityManagement)'
2023-05-18 21:50:49.425 +05:30 [INF] Route matched with {action = "EmployeeLogin", controller = "Employee"}. Executing controller action with signature Microsoft.AspNetCore.Mvc.IActionResult EmployeeLogin() on controller IdentityManagement.Controllers.EmployeeController (IdentityManagement).
2023-05-18 21:50:49.443 +05:30 [INF] Executing ViewResult, running view EmployeeLogin.
2023-05-18 21:50:49.787 +05:30 [INF] Executed ViewResult - view EmployeeLogin executed in 352.8931ms.
2023-05-18 21:50:49.787 +05:30 [INF] Executed action IdentityManagement.Controllers.EmployeeController.EmployeeLogin (IdentityManagement) in 362.055ms
2023-05-18 21:50:49.787 +05:30 [INF] Executed endpoint 'IdentityManagement.Controllers.EmployeeController.EmployeeLogin (IdentityManagement)'
2023-05-18 21:50:49.788 +05:30 [INF] Request finished HTTP/1.1 GET http://localhost:5211/Employee/EmployeeLogin - - - 200 - text/html;+charset=utf-8 394.6193ms
2023-05-18 21:50:50.103 +05:30 [INF] Request starting HTTP/1.1 GET http://localhost:5211/_framework/aspnetcore-browser-refresh.js - -
2023-05-18 21:50:50.104 +05:30 [INF] Request finished HTTP/1.1 GET http://localhost:5211/_framework/aspnetcore-browser-refresh.js - - - 200 11963 application/javascript;+charset=utf-8 0.9163ms
2023-05-18 21:50:50.137 +05:30 [INF] Request starting HTTP/1.1 GET http://localhost:5211/css/login.css?v=i6jE1K6FOEzzUP9vY7KX9e73WrgSAVVmNoBqIp33Ul8 - -
2023-05-18 21:50:50.189 +05:30 [INF] Request starting HTTP/1.1 GET http://localhost:5211/Employee/slide navbar style.css - -
2023-05-18 21:50:50.240 +05:30 [INF] Request finished HTTP/1.1 GET http://localhost:5211/Employee/slide navbar style.css - - - 404 0 - 50.5770ms
2023-05-18 21:50:50.274 +05:30 [INF] The file /css/login.css was not modified
2023-05-18 21:50:50.275 +05:30 [INF] Request finished HTTP/1.1 GET http://localhost:5211/css/login.css?v=i6jE1K6FOEzzUP9vY7KX9e73WrgSAVVmNoBqIp33Ul8 - - - 304 - text/css 137.8022ms
2023-05-18 21:50:54.912 +05:30 [INF] Request starting HTTP/1.1 POST http://localhost:5211/Employee/EmployeeLogin application/x-www-form-urlencoded 239
2023-05-18 21:50:54.913 +05:30 [INF] Executing endpoint 'IdentityManagement.Controllers.EmployeeController.EmployeeLoginAsync (IdentityManagement)'
2023-05-18 21:50:55.085 +05:30 [INF] Route matched with {action = "EmployeeLogin", controller = "Employee"}. Executing controller action with signature System.Threading.Tasks.Task`1[Microsoft.AspNetCore.Mvc.IActionResult] EmployeeLoginAsync(User, IdentityManagement.Models.Database) on controller IdentityManagement.Controllers.EmployeeController (IdentityManagement).
2023-05-18 21:51:02.084 +05:30 [INF] Executing OkObjectResult, writing value of type '<>f__AnonymousType0`3[[System.String, System.Private.CoreLib, Version=7.0.0.0, Culture=neutral, PublicKeyToken=7cec85d7bea7798e],[System.String, System.Private.CoreLib, Version=7.0.0.0, Culture=neutral, PublicKeyToken=7cec85d7bea7798e],[System.String, System.Private.CoreLib, Version=7.0.0.0, Culture=neutral, PublicKeyToken=7cec85d7bea7798e]]'.
2023-05-18 21:51:02.236 +05:30 [INF] Executed action IdentityManagement.Controllers.EmployeeController.EmployeeLoginAsync (IdentityManagement) in 7150.8043ms
2023-05-18 21:51:02.236 +05:30 [INF] Executed endpoint 'IdentityManagement.Controllers.EmployeeController.EmployeeLoginAsync (IdentityManagement)'
2023-05-18 21:51:02.242 +05:30 [INF] Session started; Key:d6d94a61-7ec7-1130-3e6d-e2d40abfb464, Id:574635f2-4ac1-edcc-b473-1a58cc7ae46a
2023-05-18 21:51:02.243 +05:30 [INF] Request finished HTTP/1.1 POST http://localhost:5211/Employee/EmployeeLogin application/x-www-form-urlencoded 239 - 200 - application/json;+charset=utf-8 7330.8821ms
2023-05-18 21:51:13.433 +05:30 [INF] Request starting HTTP/1.1 GET http://localhost:5211/Employee/EmployeeLogin - -
2023-05-18 21:51:13.435 +05:30 [INF] Executing endpoint 'IdentityManagement.Controllers.EmployeeController.EmployeeLogin (IdentityManagement)'
2023-05-18 21:51:13.436 +05:30 [INF] Route matched with {action = "EmployeeLogin", controller = "Employee"}. Executing controller action with signature Microsoft.AspNetCore.Mvc.IActionResult EmployeeLogin() on controller IdentityManagement.Controllers.EmployeeController (IdentityManagement).
2023-05-18 21:51:13.436 +05:30 [INF] Executing ViewResult, running view EmployeeLogin.
2023-05-18 21:51:13.467 +05:30 [INF] Executed ViewResult - view EmployeeLogin executed in 30.9127ms.
2023-05-18 21:51:13.467 +05:30 [INF] Executed action IdentityManagement.Controllers.EmployeeController.EmployeeLogin (IdentityManagement) in 31.4018ms
2023-05-18 21:51:13.467 +05:30 [INF] Executed endpoint 'IdentityManagement.Controllers.EmployeeController.EmployeeLogin (IdentityManagement)'
2023-05-18 21:51:13.467 +05:30 [INF] Request finished HTTP/1.1 GET http://localhost:5211/Employee/EmployeeLogin - - - 200 - text/html;+charset=utf-8 34.6985ms
2023-05-18 21:51:13.733 +05:30 [INF] Request starting HTTP/1.1 GET http://localhost:5211/_framework/aspnetcore-browser-refresh.js - -
2023-05-18 21:51:13.733 +05:30 [INF] Request finished HTTP/1.1 GET http://localhost:5211/_framework/aspnetcore-browser-refresh.js - - - 200 11963 application/javascript;+charset=utf-8 0.4155ms
2023-05-18 21:51:19.922 +05:30 [INF] Request starting HTTP/1.1 POST http://localhost:5211/Employee/EmployeeLogin application/x-www-form-urlencoded 239
2023-05-18 21:51:19.923 +05:30 [INF] Executing endpoint 'IdentityManagement.Controllers.EmployeeController.EmployeeLoginAsync (IdentityManagement)'
2023-05-18 21:51:19.923 +05:30 [INF] Route matched with {action = "EmployeeLogin", controller = "Employee"}. Executing controller action with signature System.Threading.Tasks.Task`1[Microsoft.AspNetCore.Mvc.IActionResult] EmployeeLoginAsync(User, IdentityManagement.Models.Database) on controller IdentityManagement.Controllers.EmployeeController (IdentityManagement).
2023-05-18 21:51:19.975 +05:30 [INF] Executing OkObjectResult, writing value of type '<>f__AnonymousType0`3[[System.String, System.Private.CoreLib, Version=7.0.0.0, Culture=neutral, PublicKeyToken=7cec85d7bea7798e],[System.String, System.Private.CoreLib, Version=7.0.0.0, Culture=neutral, PublicKeyToken=7cec85d7bea7798e],[System.String, System.Private.CoreLib, Version=7.0.0.0, Culture=neutral, PublicKeyToken=7cec85d7bea7798e]]'.
2023-05-18 21:51:19.977 +05:30 [INF] Executed action IdentityManagement.Controllers.EmployeeController.EmployeeLoginAsync (IdentityManagement) in 53.2125ms
2023-05-18 21:51:19.977 +05:30 [INF] Executed endpoint 'IdentityManagement.Controllers.EmployeeController.EmployeeLoginAsync (IdentityManagement)'
2023-05-18 21:51:19.978 +05:30 [INF] Request finished HTTP/1.1 POST http://localhost:5211/Employee/EmployeeLogin application/x-www-form-urlencoded 239 - 200 - application/json;+charset=utf-8 55.3728ms
2023-05-18 21:52:40.276 +05:30 [INF] Request starting HTTP/1.1 GET http://localhost:5211/EmployeeData/Index - -
2023-05-18 21:52:40.295 +05:30 [INF] Bearer was not authenticated. Failure message: No SecurityTokenValidator available for token.
2023-05-18 21:52:40.295 +05:30 [INF] Executing endpoint 'EmployeeDataController.Controllers.EmployeeDataController.Index (IdentityManagement)'
2023-05-18 21:52:40.310 +05:30 [INF] Route matched with {action = "Index", controller = "EmployeeData"}. Executing controller action with signature System.Threading.Tasks.Task`1[Microsoft.AspNetCore.Mvc.IActionResult] Index(System.String, System.String, System.String, System.Nullable`1[System.Int32]) on controller EmployeeDataController.Controllers.EmployeeDataController (IdentityManagement).
2023-05-18 21:52:48.565 +05:30 [INF] Executed DbCommand (381ms) [Parameters=[], CommandType='"Text"', CommandTimeout='30']
SELECT COUNT(*)
FROM [Employeess] AS [e]
2023-05-18 21:52:49.633 +05:30 [INF] Executed DbCommand (249ms) [Parameters=[@__p_0='?' (DbType = Int32), @__p_1='?' (DbType = Int32)], CommandType='"Text"', CommandTimeout='30']
SELECT [e].[ID], [e].[Aadhaar], [e].[Address], [e].[DateofBirth], [e].[EmployeePackage], [e].[Experience], [e].[Gender], [e].[MobileNumber], [e].[Name], [e].[Password], [e].[ProfilePicture], [e].[TeamName], [e].[UserID]
FROM [Employeess] AS [e]
ORDER BY [e].[DateofBirth]
OFFSET @__p_0 ROWS FETCH NEXT @__p_1 ROWS ONLY
2023-05-18 21:52:49.866 +05:30 [INF] Executing ViewResult, running view Index.
2023-05-18 21:52:50.057 +05:30 [INF] Executed ViewResult - view Index executed in 194.4708ms.
2023-05-18 21:52:50.066 +05:30 [INF] Executed action EmployeeDataController.Controllers.EmployeeDataController.Index (IdentityManagement) in 9756.6204ms
2023-05-18 21:52:50.074 +05:30 [INF] Executed endpoint 'EmployeeDataController.Controllers.EmployeeDataController.Index (IdentityManagement)'
2023-05-18 21:52:50.133 +05:30 [INF] Request finished HTTP/1.1 GET http://localhost:5211/EmployeeData/Index - - - 200 - text/html;+charset=utf-8 9856.6290ms
2023-05-18 21:53:08.414 +05:30 [INF] Request starting HTTP/1.1 GET http://localhost:5211/lib/bootstrap/dist/css/bootstrap.min.css - -
2023-05-18 21:53:08.414 +05:30 [INF] Request starting HTTP/1.1 GET http://localhost:5211/css/Index.css?v=iiqcz8g0UQ61X6oWOdzIZxmEdvb8KWMWXKKJIvMubEc - -
2023-05-18 21:53:08.458 +05:30 [INF] Sending file. Request path: '/css/Index.css'. Physical path: 'C:\Users\sargu\Desktop\shanmugasundaram\IdentityManagement\wwwroot\css\Index.css'
2023-05-18 21:53:08.459 +05:30 [INF] Request finished HTTP/1.1 GET http://localhost:5211/css/Index.css?v=iiqcz8g0UQ61X6oWOdzIZxmEdvb8KWMWXKKJIvMubEc - - - 200 3750 text/css 45.0060ms
2023-05-18 21:53:08.461 +05:30 [INF] Request starting HTTP/1.1 GET http://localhost:5211/IdentityManagement.styles.css?v=7OALh_86zQPsUQSc3aQW8ib0NKjDOOfp7P_JrIaXr28 - -
2023-05-18 21:53:08.463 +05:30 [INF] Request starting HTTP/1.1 GET http://localhost:5211/css/site.css?v=Co-b9f_lC6MlOt8YKl9vlMC8BL46-QfWYk3wQlp5jyo - -
2023-05-18 21:53:08.465 +05:30 [INF] Sending file. Request path: '/css/site.css'. Physical path: 'C:\Users\sargu\Desktop\shanmugasundaram\IdentityManagement\wwwroot\css\site.css'
2023-05-18 21:53:08.465 +05:30 [INF] Request finished HTTP/1.1 GET http://localhost:5211/css/site.css?v=Co-b9f_lC6MlOt8YKl9vlMC8BL46-QfWYk3wQlp5jyo - - - 200 488 text/css 1.9697ms
2023-05-18 21:53:08.466 +05:30 [INF] Sending file. Request path: '/IdentityManagement.styles.css'. Physical path: 'C:\Users\sargu\Desktop\shanmugasundaram\IdentityManagement\obj\Debug\net7.0\scopedcss\bundle\IdentityManagement.styles.css'
2023-05-18 21:53:08.466 +05:30 [INF] Request finished HTTP/1.1 GET http://localhost:5211/IdentityManagement.styles.css?v=7OALh_86zQPsUQSc3aQW8ib0NKjDOOfp7P_JrIaXr28 - - - 200 1143 text/css 4.6424ms
2023-05-18 21:53:08.476 +05:30 [INF] Sending file. Request path: '/lib/bootstrap/dist/css/bootstrap.min.css'. Physical path: 'C:\Users\sargu\Desktop\shanmugasundaram\IdentityManagement\wwwroot\lib\bootstrap\dist\css\bootstrap.min.css'
2023-05-18 21:53:08.476 +05:30 [INF] Request finished HTTP/1.1 GET http://localhost:5211/lib/bootstrap/dist/css/bootstrap.min.css - - - 200 162720 text/css 62.2994ms
2023-05-18 21:53:08.560 +05:30 [INF] Request starting HTTP/1.1 GET http://localhost:5211/lib/jquery/dist/jquery.min.js - -
2023-05-18 21:53:08.570 +05:30 [INF] Request starting HTTP/1.1 GET http://localhost:5211/lib/bootstrap/dist/js/bootstrap.bundle.min.js - -
2023-05-18 21:53:08.843 +05:30 [INF] Request starting HTTP/1.1 GET http://localhost:5211/js/site.js?v=4q1jwFhaPaZgr8WAUSrux6hAuh0XDg9kPS3xIVq36I0 - -
2023-05-18 21:53:08.852 +05:30 [INF] Request starting HTTP/1.1 GET http://localhost:5211/images/8f4a4507-b829-443c-88f7-dce2454c2b9f                              .jpg - -
2023-05-18 21:53:08.856 +05:30 [INF] Request starting HTTP/1.1 GET http://localhost:5211/images/75730bf3-8589-45ff-959a-68357f6e8d35                              .jpg - -
2023-05-18 21:53:08.861 +05:30 [INF] Request finished HTTP/1.1 GET http://localhost:5211/images/8f4a4507-b829-443c-88f7-dce2454c2b9f                              .jpg - - - 404 0 - 8.8819ms
2023-05-18 21:53:08.867 +05:30 [INF] Sending file. Request path: '/js/site.js'. Physical path: 'C:\Users\sargu\Desktop\shanmugasundaram\IdentityManagement\wwwroot\js\site.js'
2023-05-18 21:53:08.868 +05:30 [INF] Request finished HTTP/1.1 GET http://localhost:5211/js/site.js?v=4q1jwFhaPaZgr8WAUSrux6hAuh0XDg9kPS3xIVq36I0 - - - 200 230 text/javascript 23.9283ms
2023-05-18 21:53:08.873 +05:30 [INF] Request finished HTTP/1.1 GET http://localhost:5211/images/75730bf3-8589-45ff-959a-68357f6e8d35                              .jpg - - - 404 0 - 17.4007ms
2023-05-18 21:53:08.873 +05:30 [INF] Sending file. Request path: '/lib/bootstrap/dist/js/bootstrap.bundle.min.js'. Physical path: 'C:\Users\sargu\Desktop\shanmugasundaram\IdentityManagement\wwwroot\lib\bootstrap\dist\js\bootstrap.bundle.min.js'
2023-05-18 21:53:08.874 +05:30 [INF] Request finished HTTP/1.1 GET http://localhost:5211/lib/bootstrap/dist/js/bootstrap.bundle.min.js - - - 200 78468 text/javascript 303.6424ms
2023-05-18 21:53:08.904 +05:30 [INF] Request starting HTTP/1.1 GET http://localhost:5211/images/Elogo.png - -
2023-05-18 21:53:08.920 +05:30 [INF] Sending file. Request path: '/lib/jquery/dist/jquery.min.js'. Physical path: 'C:\Users\sargu\Desktop\shanmugasundaram\IdentityManagement\wwwroot\lib\jquery\dist\jquery.min.js'
2023-05-18 21:53:08.920 +05:30 [INF] Request finished HTTP/1.1 GET http://localhost:5211/lib/jquery/dist/jquery.min.js - - - 200 89501 text/javascript 360.4727ms
2023-05-18 21:53:08.930 +05:30 [INF] Sending file. Request path: '/images/Elogo.png'. Physical path: 'C:\Users\sargu\Desktop\shanmugasundaram\IdentityManagement\wwwroot\images\Elogo.png'
2023-05-18 21:53:08.966 +05:30 [INF] Request finished HTTP/1.1 GET http://localhost:5211/images/Elogo.png - - - 200 4327 image/png 26.5054ms
2023-05-18 21:54:10.249 +05:30 [INF] Request starting HTTP/1.1 GET http://localhost:5211/Employee/EmployeeLogin - -
2023-05-18 21:54:10.250 +05:30 [INF] Executing endpoint 'IdentityManagement.Controllers.EmployeeController.EmployeeLogin (IdentityManagement)'
2023-05-18 21:54:10.250 +05:30 [INF] Route matched with {action = "EmployeeLogin", controller = "Employee"}. Executing controller action with signature Microsoft.AspNetCore.Mvc.IActionResult EmployeeLogin() on controller IdentityManagement.Controllers.EmployeeController (IdentityManagement).
2023-05-18 21:54:10.250 +05:30 [INF] Executing ViewResult, running view EmployeeLogin.
2023-05-18 21:54:10.255 +05:30 [INF] Executed ViewResult - view EmployeeLogin executed in 4.5859ms.
2023-05-18 21:54:10.256 +05:30 [INF] Executed action IdentityManagement.Controllers.EmployeeController.EmployeeLogin (IdentityManagement) in 5.9649ms
2023-05-18 21:54:10.256 +05:30 [INF] Executed endpoint 'IdentityManagement.Controllers.EmployeeController.EmployeeLogin (IdentityManagement)'
2023-05-18 21:54:10.256 +05:30 [INF] Request finished HTTP/1.1 GET http://localhost:5211/Employee/EmployeeLogin - - - 200 - text/html;+charset=utf-8 7.2638ms
2023-05-18 21:54:10.684 +05:30 [INF] Request starting HTTP/1.1 GET http://localhost:5211/_framework/aspnetcore-browser-refresh.js - -
2023-05-18 21:54:10.684 +05:30 [INF] Request finished HTTP/1.1 GET http://localhost:5211/_framework/aspnetcore-browser-refresh.js - - - 200 11963 application/javascript;+charset=utf-8 0.2086ms
2023-05-18 21:54:15.386 +05:30 [INF] Request starting HTTP/1.1 POST http://localhost:5211/Employee/EmployeeLogin application/x-www-form-urlencoded 237
2023-05-18 21:54:15.386 +05:30 [INF] Executing endpoint 'IdentityManagement.Controllers.EmployeeController.EmployeeLoginAsync (IdentityManagement)'
2023-05-18 21:54:15.387 +05:30 [INF] Route matched with {action = "EmployeeLogin", controller = "Employee"}. Executing controller action with signature System.Threading.Tasks.Task`1[Microsoft.AspNetCore.Mvc.IActionResult] EmployeeLoginAsync(User, IdentityManagement.Models.Database) on controller IdentityManagement.Controllers.EmployeeController (IdentityManagement).
2023-05-18 21:54:15.562 +05:30 [INF] Executing ViewResult, running view EmployeeLogin.
2023-05-18 21:54:15.566 +05:30 [INF] Executed ViewResult - view EmployeeLogin executed in 3.7018ms.
2023-05-18 21:54:15.566 +05:30 [INF] Executed action IdentityManagement.Controllers.EmployeeController.EmployeeLoginAsync (IdentityManagement) in 179.0035ms
2023-05-18 21:54:15.566 +05:30 [INF] Executed endpoint 'IdentityManagement.Controllers.EmployeeController.EmployeeLoginAsync (IdentityManagement)'
2023-05-18 21:54:15.566 +05:30 [INF] Request finished HTTP/1.1 POST http://localhost:5211/Employee/EmployeeLogin application/x-www-form-urlencoded 237 - 200 - text/html;+charset=utf-8 180.0035ms
2023-05-18 21:54:15.857 +05:30 [INF] Request starting HTTP/1.1 GET http://localhost:5211/_framework/aspnetcore-browser-refresh.js - -
2023-05-18 21:54:15.862 +05:30 [INF] Request finished HTTP/1.1 GET http://localhost:5211/_framework/aspnetcore-browser-refresh.js - - - 200 11963 application/javascript;+charset=utf-8 5.1733ms
2023-05-18 21:54:15.865 +05:30 [INF] Request starting HTTP/1.1 GET http://localhost:5211/Employee/slide navbar style.css - -
2023-05-18 21:54:15.868 +05:30 [INF] Request finished HTTP/1.1 GET http://localhost:5211/Employee/slide navbar style.css - - - 404 0 - 2.7923ms
2023-05-18 21:57:41.988 +05:30 [INF] Request starting HTTP/1.1 POST http://localhost:5211/Employee/EmployeeLogin application/x-www-form-urlencoded 237
2023-05-18 21:57:41.990 +05:30 [INF] Executing endpoint 'IdentityManagement.Controllers.EmployeeController.EmployeeLoginAsync (IdentityManagement)'
2023-05-18 21:57:42.011 +05:30 [INF] Route matched with {action = "EmployeeLogin", controller = "Employee"}. Executing controller action with signature System.Threading.Tasks.Task`1[Microsoft.AspNetCore.Mvc.IActionResult] EmployeeLoginAsync(User, IdentityManagement.Models.Database) on controller IdentityManagement.Controllers.EmployeeController (IdentityManagement).
2023-05-18 21:57:42.029 +05:30 [INF] Request starting HTTP/1.1 POST http://localhost:5211/Employee/EmployeeLogin application/x-www-form-urlencoded 237
2023-05-18 21:57:42.044 +05:30 [INF] Executing endpoint 'IdentityManagement.Controllers.EmployeeController.EmployeeLoginAsync (IdentityManagement)'
2023-05-18 21:57:42.044 +05:30 [INF] Route matched with {action = "EmployeeLogin", controller = "Employee"}. Executing controller action with signature System.Threading.Tasks.Task`1[Microsoft.AspNetCore.Mvc.IActionResult] EmployeeLoginAsync(User, IdentityManagement.Models.Database) on controller IdentityManagement.Controllers.EmployeeController (IdentityManagement).
2023-05-18 21:57:42.046 +05:30 [INF] Executing ViewResult, running view EmployeeLogin.
2023-05-18 21:57:42.058 +05:30 [INF] Executed ViewResult - view EmployeeLogin executed in 13.3786ms.
2023-05-18 21:57:42.058 +05:30 [INF] Executed action IdentityManagement.Controllers.EmployeeController.EmployeeLoginAsync (IdentityManagement) in 47.1792ms
2023-05-18 21:57:42.058 +05:30 [INF] Executed endpoint 'IdentityManagement.Controllers.EmployeeController.EmployeeLoginAsync (IdentityManagement)'
2023-05-18 21:57:42.059 +05:30 [INF] Request finished HTTP/1.1 POST http://localhost:5211/Employee/EmployeeLogin application/x-www-form-urlencoded 237 - 200 - text/html;+charset=utf-8 71.4801ms
2023-05-18 21:57:42.065 +05:30 [INF] Executed action IdentityManagement.Controllers.EmployeeController.EmployeeLoginAsync (IdentityManagement) in 21.1272ms
2023-05-18 21:57:42.074 +05:30 [INF] Executed endpoint 'IdentityManagement.Controllers.EmployeeController.EmployeeLoginAsync (IdentityManagement)'
2023-05-18 21:57:42.265 +05:30 [ERR] An unhandled exception has occurred while executing the request.
System.InvalidOperationException: The connection was not closed. The connection's current state is open.
   at System.Data.ProviderBase.DbConnectionInternal.TryOpenConnection(DbConnection outerConnection, DbConnectionFactory connectionFactory, TaskCompletionSource`1 retry, DbConnectionOptions userOptions)
   at System.Data.SqlClient.SqlConnection.TryOpen(TaskCompletionSource`1 retry)
   at System.Data.SqlClient.SqlConnection.Open()
   at IdentityManagement.Models.Database.EmployeeLogin(User user)
   at IdentityManagement.Controllers.EmployeeController.EmployeeLoginAsync(User user, Database database)
   at Microsoft.AspNetCore.Mvc.Infrastructure.ActionMethodExecutor.TaskOfIActionResultExecutor.Execute(ActionContext actionContext, IActionResultTypeMapper mapper, ObjectMethodExecutor executor, Object controller, Object[] arguments)
   at Microsoft.AspNetCore.Mvc.Infrastructure.ControllerActionInvoker.<InvokeActionMethodAsync>g__Awaited|12_0(ControllerActionInvoker invoker, ValueTask`1 actionResultValueTask)
   at Microsoft.AspNetCore.Mvc.Infrastructure.ControllerActionInvoker.<InvokeNextActionFilterAsync>g__Awaited|10_0(ControllerActionInvoker invoker, Task lastTask, State next, Scope scope, Object state, Boolean isCompleted)
   at Microsoft.AspNetCore.Mvc.Infrastructure.ControllerActionInvoker.Rethrow(ActionExecutedContextSealed context)
   at Microsoft.AspNetCore.Mvc.Infrastructure.ControllerActionInvoker.Next(State& next, Scope& scope, Object& state, Boolean& isCompleted)
   at Microsoft.AspNetCore.Mvc.Infrastructure.ControllerActionInvoker.InvokeInnerFilterAsync()
--- End of stack trace from previous location ---
   at Microsoft.AspNetCore.Mvc.Infrastructure.ResourceInvoker.<InvokeNextResourceFilter>g__Awaited|25_0(ResourceInvoker invoker, Task lastTask, State next, Scope scope, Object state, Boolean isCompleted)
   at Microsoft.AspNetCore.Mvc.Infrastructure.ResourceInvoker.Rethrow(ResourceExecutedContextSealed context)
   at Microsoft.AspNetCore.Mvc.Infrastructure.ResourceInvoker.Next(State& next, Scope& scope, Object& state, Boolean& isCompleted)
   at Microsoft.AspNetCore.Mvc.Infrastructure.ResourceInvoker.InvokeFilterPipelineAsync()
--- End of stack trace from previous location ---
   at Microsoft.AspNetCore.Mvc.Infrastructure.ResourceInvoker.<InvokeAsync>g__Logged|17_1(ResourceInvoker invoker)
   at Microsoft.AspNetCore.Mvc.Infrastructure.ResourceInvoker.<InvokeAsync>g__Logged|17_1(ResourceInvoker invoker)
   at Microsoft.AspNetCore.Routing.EndpointMiddleware.<Invoke>g__AwaitRequestTask|6_0(Endpoint endpoint, Task requestTask, ILogger logger)
   at Swashbuckle.AspNetCore.SwaggerUI.SwaggerUIMiddleware.Invoke(HttpContext httpContext)
   at Swashbuckle.AspNetCore.Swagger.SwaggerMiddleware.Invoke(HttpContext httpContext, ISwaggerProvider swaggerProvider)
   at Microsoft.AspNetCore.Authorization.AuthorizationMiddleware.Invoke(HttpContext context)
   at Microsoft.AspNetCore.Session.SessionMiddleware.Invoke(HttpContext context)
   at Microsoft.AspNetCore.Session.SessionMiddleware.Invoke(HttpContext context)
   at Microsoft.AspNetCore.Authentication.AuthenticationMiddleware.Invoke(HttpContext context)
   at Microsoft.AspNetCore.Diagnostics.DeveloperExceptionPageMiddlewareImpl.Invoke(HttpContext context)
2023-05-18 21:57:42.354 +05:30 [INF] Request finished HTTP/1.1 POST http://localhost:5211/Employee/EmployeeLogin application/x-www-form-urlencoded 237 - 500 - text/html;+charset=utf-8 324.1895ms
2023-05-18 21:57:51.342 +05:30 [INF] Request starting HTTP/1.1 GET http://localhost:5211/_framework/aspnetcore-browser-refresh.js - -
2023-05-18 21:57:51.343 +05:30 [INF] Request finished HTTP/1.1 GET http://localhost:5211/_framework/aspnetcore-browser-refresh.js - - - 200 11963 application/javascript;+charset=utf-8 0.9993ms
2023-05-18 22:09:20.924 +05:30 [INF] Request starting HTTP/1.1 GET http://localhost:5211/EmployeeData/Index - -
2023-05-18 22:09:20.937 +05:30 [INF] Executing endpoint 'EmployeeDataController.Controllers.EmployeeDataController.Index (IdentityManagement)'
2023-05-18 22:09:20.967 +05:30 [INF] Route matched with {action = "Index", controller = "EmployeeData"}. Executing controller action with signature System.Threading.Tasks.Task`1[Microsoft.AspNetCore.Mvc.IActionResult] Index(System.String, System.String, System.String, System.Nullable`1[System.Int32]) on controller EmployeeDataController.Controllers.EmployeeDataController (IdentityManagement).
2023-05-18 22:09:21.285 +05:30 [INF] Executed DbCommand (12ms) [Parameters=[], CommandType='"Text"', CommandTimeout='30']
SELECT COUNT(*)
FROM [Employeess] AS [e]
2023-05-18 22:09:21.459 +05:30 [INF] Executed DbCommand (161ms) [Parameters=[@__p_0='?' (DbType = Int32), @__p_1='?' (DbType = Int32)], CommandType='"Text"', CommandTimeout='30']
SELECT [e].[ID], [e].[Aadhaar], [e].[Address], [e].[DateofBirth], [e].[EmployeePackage], [e].[Experience], [e].[Gender], [e].[MobileNumber], [e].[Name], [e].[Password], [e].[ProfilePicture], [e].[TeamName], [e].[UserID]
FROM [Employeess] AS [e]
ORDER BY [e].[DateofBirth]
OFFSET @__p_0 ROWS FETCH NEXT @__p_1 ROWS ONLY
2023-05-18 22:09:21.461 +05:30 [INF] Executing ViewResult, running view Index.
2023-05-18 22:09:21.473 +05:30 [INF] Executed ViewResult - view Index executed in 13.6312ms.
2023-05-18 22:09:21.473 +05:30 [INF] Executed action EmployeeDataController.Controllers.EmployeeDataController.Index (IdentityManagement) in 505.8037ms
2023-05-18 22:09:21.473 +05:30 [INF] Executed endpoint 'EmployeeDataController.Controllers.EmployeeDataController.Index (IdentityManagement)'
2023-05-18 22:09:21.474 +05:30 [INF] Request finished HTTP/1.1 GET http://localhost:5211/EmployeeData/Index - - - 200 - text/html;+charset=utf-8 550.6480ms
2023-05-18 22:09:22.371 +05:30 [INF] Request starting HTTP/1.1 GET http://localhost:5211/images/8f4a4507-b829-443c-88f7-dce2454c2b9f                              .jpg - -
2023-05-18 22:09:22.373 +05:30 [INF] Request finished HTTP/1.1 GET http://localhost:5211/images/8f4a4507-b829-443c-88f7-dce2454c2b9f                              .jpg - - - 404 0 - 1.6319ms
2023-05-18 22:09:22.374 +05:30 [INF] Request starting HTTP/1.1 GET http://localhost:5211/images/75730bf3-8589-45ff-959a-68357f6e8d35                              .jpg - -
2023-05-18 22:09:22.375 +05:30 [INF] Request finished HTTP/1.1 GET http://localhost:5211/images/75730bf3-8589-45ff-959a-68357f6e8d35                              .jpg - - - 404 0 - 1.2185ms
2023-05-18 22:09:51.938 +05:30 [INF] Request starting HTTP/1.1 GET http://localhost:5211/Employee/EmployeeLogin - -
2023-05-18 22:09:51.939 +05:30 [INF] Executing endpoint 'IdentityManagement.Controllers.EmployeeController.EmployeeLogin (IdentityManagement)'
2023-05-18 22:09:51.941 +05:30 [INF] Route matched with {action = "EmployeeLogin", controller = "Employee"}. Executing controller action with signature Microsoft.AspNetCore.Mvc.IActionResult EmployeeLogin() on controller IdentityManagement.Controllers.EmployeeController (IdentityManagement).
2023-05-18 22:09:51.941 +05:30 [INF] Executing ViewResult, running view EmployeeLogin.
2023-05-18 22:09:51.964 +05:30 [INF] Executed ViewResult - view EmployeeLogin executed in 23.4228ms.
2023-05-18 22:09:51.965 +05:30 [INF] Executed action IdentityManagement.Controllers.EmployeeController.EmployeeLogin (IdentityManagement) in 24.0387ms
2023-05-18 22:09:51.965 +05:30 [INF] Executed endpoint 'IdentityManagement.Controllers.EmployeeController.EmployeeLogin (IdentityManagement)'
2023-05-18 22:09:51.965 +05:30 [INF] Request finished HTTP/1.1 GET http://localhost:5211/Employee/EmployeeLogin - - - 200 - text/html;+charset=utf-8 27.2111ms
2023-05-18 22:09:52.409 +05:30 [INF] Request starting HTTP/1.1 GET http://localhost:5211/Employee/slide navbar style.css - -
2023-05-18 22:09:52.411 +05:30 [INF] Request finished HTTP/1.1 GET http://localhost:5211/Employee/slide navbar style.css - - - 404 0 - 2.3951ms
2023-05-18 22:09:52.418 +05:30 [INF] Request starting HTTP/1.1 GET http://localhost:5211/css/login.css?v=i6jE1K6FOEzzUP9vY7KX9e73WrgSAVVmNoBqIp33Ul8 - -
2023-05-18 22:09:52.432 +05:30 [INF] Sending file. Request path: '/css/login.css'. Physical path: 'C:\Users\sargu\Desktop\shanmugasundaram\IdentityManagement\wwwroot\css\login.css'
2023-05-18 22:09:52.432 +05:30 [INF] Request finished HTTP/1.1 GET http://localhost:5211/css/login.css?v=i6jE1K6FOEzzUP9vY7KX9e73WrgSAVVmNoBqIp33Ul8 - - - 200 2009 text/css 14.5622ms
2023-05-18 22:10:12.860 +05:30 [INF] Request starting HTTP/1.1 GET http://localhost:5211/EmployeeData/Index - -
2023-05-18 22:10:12.867 +05:30 [INF] Executing endpoint 'EmployeeDataController.Controllers.EmployeeDataController.Index (IdentityManagement)'
2023-05-18 22:10:12.867 +05:30 [INF] Route matched with {action = "Index", controller = "EmployeeData"}. Executing controller action with signature System.Threading.Tasks.Task`1[Microsoft.AspNetCore.Mvc.IActionResult] Index(System.String, System.String, System.String, System.Nullable`1[System.Int32]) on controller EmployeeDataController.Controllers.EmployeeDataController (IdentityManagement).
2023-05-18 22:10:13.109 +05:30 [INF] Executed DbCommand (2ms) [Parameters=[], CommandType='"Text"', CommandTimeout='30']
SELECT COUNT(*)
FROM [Employeess] AS [e]
2023-05-18 22:10:13.199 +05:30 [INF] Executed DbCommand (65ms) [Parameters=[@__p_0='?' (DbType = Int32), @__p_1='?' (DbType = Int32)], CommandType='"Text"', CommandTimeout='30']
SELECT [e].[ID], [e].[Aadhaar], [e].[Address], [e].[DateofBirth], [e].[EmployeePackage], [e].[Experience], [e].[Gender], [e].[MobileNumber], [e].[Name], [e].[Password], [e].[ProfilePicture], [e].[TeamName], [e].[UserID]
FROM [Employeess] AS [e]
ORDER BY [e].[DateofBirth]
OFFSET @__p_0 ROWS FETCH NEXT @__p_1 ROWS ONLY
2023-05-18 22:10:13.200 +05:30 [INF] Executing ViewResult, running view Index.
2023-05-18 22:10:13.207 +05:30 [INF] Executed ViewResult - view Index executed in 6.6474ms.
2023-05-18 22:10:13.207 +05:30 [INF] Executed action EmployeeDataController.Controllers.EmployeeDataController.Index (IdentityManagement) in 339.7445ms
2023-05-18 22:10:13.207 +05:30 [INF] Executed endpoint 'EmployeeDataController.Controllers.EmployeeDataController.Index (IdentityManagement)'
2023-05-18 22:10:13.207 +05:30 [INF] Request finished HTTP/1.1 GET http://localhost:5211/EmployeeData/Index - - - 200 - text/html;+charset=utf-8 346.7597ms
2023-05-18 22:10:13.706 +05:30 [INF] Request starting HTTP/1.1 GET http://localhost:5211/images/8f4a4507-b829-443c-88f7-dce2454c2b9f                              .jpg - -
2023-05-18 22:10:13.707 +05:30 [INF] Request finished HTTP/1.1 GET http://localhost:5211/images/8f4a4507-b829-443c-88f7-dce2454c2b9f                              .jpg - - - 404 0 - 1.0358ms
2023-05-18 22:10:13.724 +05:30 [INF] Request starting HTTP/1.1 GET http://localhost:5211/images/75730bf3-8589-45ff-959a-68357f6e8d35                              .jpg - -
2023-05-18 22:10:13.725 +05:30 [INF] Request finished HTTP/1.1 GET http://localhost:5211/images/75730bf3-8589-45ff-959a-68357f6e8d35                              .jpg - - - 404 0 - 0.9379ms
2023-05-18 22:10:40.693 +05:30 [INF] Request starting HTTP/1.1 POST http://localhost:5211/Employee/EmployeeLogin application/x-www-form-urlencoded 237
2023-05-18 22:10:40.694 +05:30 [INF] Executing endpoint 'IdentityManagement.Controllers.EmployeeController.EmployeeLoginAsync (IdentityManagement)'
2023-05-18 22:10:40.757 +05:30 [INF] Route matched with {action = "EmployeeLogin", controller = "Employee"}. Executing controller action with signature System.Threading.Tasks.Task`1[Microsoft.AspNetCore.Mvc.IActionResult] EmployeeLoginAsync(User, IdentityManagement.Models.Database) on controller IdentityManagement.Controllers.EmployeeController (IdentityManagement).
2023-05-18 22:10:41.404 +05:30 [INF] Executing ViewResult, running view EmployeeLogin.
2023-05-18 22:10:41.418 +05:30 [INF] Executed ViewResult - view EmployeeLogin executed in 15.5181ms.
2023-05-18 22:10:41.418 +05:30 [INF] Executed action IdentityManagement.Controllers.EmployeeController.EmployeeLoginAsync (IdentityManagement) in 661.3679ms
2023-05-18 22:10:41.418 +05:30 [INF] Executed endpoint 'IdentityManagement.Controllers.EmployeeController.EmployeeLoginAsync (IdentityManagement)'
2023-05-18 22:10:41.419 +05:30 [INF] Request finished HTTP/1.1 POST http://localhost:5211/Employee/EmployeeLogin application/x-www-form-urlencoded 237 - 200 - text/html;+charset=utf-8 725.8518ms
2023-05-18 22:10:41.970 +05:30 [INF] Request starting HTTP/1.1 GET http://localhost:5211/Employee/slide navbar style.css - -
2023-05-18 22:10:41.980 +05:30 [INF] Request finished HTTP/1.1 GET http://localhost:5211/Employee/slide navbar style.css - - - 404 0 - 9.5280ms
2023-05-18 22:10:42.095 +05:30 [INF] Request starting HTTP/1.1 GET http://localhost:5211/_framework/aspnetcore-browser-refresh.js - -
2023-05-18 22:10:42.095 +05:30 [INF] Request finished HTTP/1.1 GET http://localhost:5211/_framework/aspnetcore-browser-refresh.js - - - 200 11963 application/javascript;+charset=utf-8 0.2738ms
2023-05-18 22:11:11.718 +05:30 [INF] Request starting HTTP/1.1 POST http://localhost:5211/Employee/EmployeeLogin application/x-www-form-urlencoded 237
2023-05-18 22:11:11.720 +05:30 [INF] Executing endpoint 'IdentityManagement.Controllers.EmployeeController.EmployeeLoginAsync (IdentityManagement)'
2023-05-18 22:11:11.738 +05:30 [INF] Route matched with {action = "EmployeeLogin", controller = "Employee"}. Executing controller action with signature System.Threading.Tasks.Task`1[Microsoft.AspNetCore.Mvc.IActionResult] EmployeeLoginAsync(User, IdentityManagement.Models.Database) on controller IdentityManagement.Controllers.EmployeeController (IdentityManagement).
2023-05-18 22:11:11.778 +05:30 [INF] Executing ViewResult, running view EmployeeLogin.
2023-05-18 22:11:11.801 +05:30 [INF] Executed ViewResult - view EmployeeLogin executed in 33.779ms.
2023-05-18 22:11:11.801 +05:30 [INF] Executed action IdentityManagement.Controllers.EmployeeController.EmployeeLoginAsync (IdentityManagement) in 62.7787ms
2023-05-18 22:11:11.801 +05:30 [INF] Executed endpoint 'IdentityManagement.Controllers.EmployeeController.EmployeeLoginAsync (IdentityManagement)'
2023-05-18 22:11:11.801 +05:30 [INF] Request finished HTTP/1.1 POST http://localhost:5211/Employee/EmployeeLogin application/x-www-form-urlencoded 237 - 200 - text/html;+charset=utf-8 83.5643ms
2023-05-18 22:11:11.963 +05:30 [INF] Request starting HTTP/1.1 GET http://localhost:5211/Employee/slide navbar style.css - -
2023-05-18 22:11:11.985 +05:30 [INF] Request starting HTTP/1.1 GET http://localhost:5211/_framework/aspnetcore-browser-refresh.js - -
2023-05-18 22:11:11.985 +05:30 [INF] Request finished HTTP/1.1 GET http://localhost:5211/_framework/aspnetcore-browser-refresh.js - - - 200 11963 application/javascript;+charset=utf-8 0.2144ms
2023-05-18 22:11:12.000 +05:30 [INF] Request finished HTTP/1.1 GET http://localhost:5211/Employee/slide navbar style.css - - - 404 0 - 37.5277ms
2023-05-18 22:11:23.248 +05:30 [INF] Request starting HTTP/1.1 POST http://localhost:5211/Employee/EmployeeLogin application/x-www-form-urlencoded 237
2023-05-18 22:11:23.248 +05:30 [INF] Executing endpoint 'IdentityManagement.Controllers.EmployeeController.EmployeeLoginAsync (IdentityManagement)'
2023-05-18 22:11:23.249 +05:30 [INF] Route matched with {action = "EmployeeLogin", controller = "Employee"}. Executing controller action with signature System.Threading.Tasks.Task`1[Microsoft.AspNetCore.Mvc.IActionResult] EmployeeLoginAsync(User, IdentityManagement.Models.Database) on controller IdentityManagement.Controllers.EmployeeController (IdentityManagement).
2023-05-18 22:11:23.266 +05:30 [INF] Executing ViewResult, running view EmployeeLogin.
2023-05-18 22:11:23.269 +05:30 [INF] Executed ViewResult - view EmployeeLogin executed in 3.4338ms.
2023-05-18 22:11:23.270 +05:30 [INF] Executed action IdentityManagement.Controllers.EmployeeController.EmployeeLoginAsync (IdentityManagement) in 20.8142ms
2023-05-18 22:11:23.270 +05:30 [INF] Executed endpoint 'IdentityManagement.Controllers.EmployeeController.EmployeeLoginAsync (IdentityManagement)'
2023-05-18 22:11:23.270 +05:30 [INF] Request finished HTTP/1.1 POST http://localhost:5211/Employee/EmployeeLogin application/x-www-form-urlencoded 237 - 200 - text/html;+charset=utf-8 22.3247ms
2023-05-18 22:11:23.459 +05:30 [INF] Request starting HTTP/1.1 GET http://localhost:5211/Employee/slide navbar style.css - -
2023-05-18 22:11:23.460 +05:30 [INF] Request finished HTTP/1.1 GET http://localhost:5211/Employee/slide navbar style.css - - - 404 0 - 0.7809ms
2023-05-18 22:11:23.494 +05:30 [INF] Request starting HTTP/1.1 GET http://localhost:5211/_framework/aspnetcore-browser-refresh.js - -
2023-05-18 22:11:23.495 +05:30 [INF] Request finished HTTP/1.1 GET http://localhost:5211/_framework/aspnetcore-browser-refresh.js - - - 200 11963 application/javascript;+charset=utf-8 0.2650ms
2023-05-18 22:11:33.920 +05:30 [INF] Request starting HTTP/1.1 POST http://localhost:5211/Employee/EmployeeLogin application/x-www-form-urlencoded 234
2023-05-18 22:11:33.921 +05:30 [INF] Executing endpoint 'IdentityManagement.Controllers.EmployeeController.EmployeeLoginAsync (IdentityManagement)'
2023-05-18 22:11:33.921 +05:30 [INF] Route matched with {action = "EmployeeLogin", controller = "Employee"}. Executing controller action with signature System.Threading.Tasks.Task`1[Microsoft.AspNetCore.Mvc.IActionResult] EmployeeLoginAsync(User, IdentityManagement.Models.Database) on controller IdentityManagement.Controllers.EmployeeController (IdentityManagement).
2023-05-18 22:11:33.966 +05:30 [INF] Executing ViewResult, running view EmployeeLogin.
2023-05-18 22:11:33.968 +05:30 [INF] Executed ViewResult - view EmployeeLogin executed in 1.5133ms.
2023-05-18 22:11:33.968 +05:30 [INF] Executed action IdentityManagement.Controllers.EmployeeController.EmployeeLoginAsync (IdentityManagement) in 47.0581ms
2023-05-18 22:11:33.968 +05:30 [INF] Executed endpoint 'IdentityManagement.Controllers.EmployeeController.EmployeeLoginAsync (IdentityManagement)'
2023-05-18 22:11:33.968 +05:30 [INF] Request finished HTTP/1.1 POST http://localhost:5211/Employee/EmployeeLogin application/x-www-form-urlencoded 234 - 200 - text/html;+charset=utf-8 48.1806ms
2023-05-18 22:11:34.080 +05:30 [INF] Request starting HTTP/1.1 GET http://localhost:5211/_framework/aspnetcore-browser-refresh.js - -
2023-05-18 22:11:34.080 +05:30 [INF] Request finished HTTP/1.1 GET http://localhost:5211/_framework/aspnetcore-browser-refresh.js - - - 200 11963 application/javascript;+charset=utf-8 0.2018ms
2023-05-18 22:11:34.120 +05:30 [INF] Request starting HTTP/1.1 GET http://localhost:5211/Employee/slide navbar style.css - -
2023-05-18 22:11:34.121 +05:30 [INF] Request finished HTTP/1.1 GET http://localhost:5211/Employee/slide navbar style.css - - - 404 0 - 0.8760ms
2023-05-18 22:11:42.440 +05:30 [INF] Request starting HTTP/1.1 POST http://localhost:5211/Employee/EmployeeLogin application/x-www-form-urlencoded 239
2023-05-18 22:11:42.441 +05:30 [INF] Executing endpoint 'IdentityManagement.Controllers.EmployeeController.EmployeeLoginAsync (IdentityManagement)'
2023-05-18 22:11:42.445 +05:30 [INF] Route matched with {action = "EmployeeLogin", controller = "Employee"}. Executing controller action with signature System.Threading.Tasks.Task`1[Microsoft.AspNetCore.Mvc.IActionResult] EmployeeLoginAsync(User, IdentityManagement.Models.Database) on controller IdentityManagement.Controllers.EmployeeController (IdentityManagement).
2023-05-18 22:11:42.527 +05:30 [INF] Executing OkObjectResult, writing value of type '<>f__AnonymousType0`3[[System.String, System.Private.CoreLib, Version=7.0.0.0, Culture=neutral, PublicKeyToken=7cec85d7bea7798e],[System.String, System.Private.CoreLib, Version=7.0.0.0, Culture=neutral, PublicKeyToken=7cec85d7bea7798e],[System.String, System.Private.CoreLib, Version=7.0.0.0, Culture=neutral, PublicKeyToken=7cec85d7bea7798e]]'.
2023-05-18 22:11:42.578 +05:30 [INF] Executed action IdentityManagement.Controllers.EmployeeController.EmployeeLoginAsync (IdentityManagement) in 132.628ms
2023-05-18 22:11:42.578 +05:30 [INF] Executed endpoint 'IdentityManagement.Controllers.EmployeeController.EmployeeLoginAsync (IdentityManagement)'
2023-05-18 22:11:42.583 +05:30 [INF] Request finished HTTP/1.1 POST http://localhost:5211/Employee/EmployeeLogin application/x-www-form-urlencoded 239 - 200 - application/json;+charset=utf-8 142.7348ms
2023-05-18 22:12:06.578 +05:30 [INF] Request starting HTTP/1.1 GET http://localhost:5211/Employee/EmployeeLogin - -
2023-05-18 22:12:06.581 +05:30 [INF] Executing endpoint 'IdentityManagement.Controllers.EmployeeController.EmployeeLogin (IdentityManagement)'
2023-05-18 22:12:06.584 +05:30 [INF] Route matched with {action = "EmployeeLogin", controller = "Employee"}. Executing controller action with signature Microsoft.AspNetCore.Mvc.IActionResult EmployeeLogin() on controller IdentityManagement.Controllers.EmployeeController (IdentityManagement).
2023-05-18 22:12:06.584 +05:30 [INF] Executing ViewResult, running view EmployeeLogin.
2023-05-18 22:12:06.588 +05:30 [INF] Executed ViewResult - view EmployeeLogin executed in 3.8228ms.
2023-05-18 22:12:06.588 +05:30 [INF] Executed action IdentityManagement.Controllers.EmployeeController.EmployeeLogin (IdentityManagement) in 4.1208ms
2023-05-18 22:12:06.588 +05:30 [INF] Executed endpoint 'IdentityManagement.Controllers.EmployeeController.EmployeeLogin (IdentityManagement)'
2023-05-18 22:12:06.589 +05:30 [INF] Request finished HTTP/1.1 GET http://localhost:5211/Employee/EmployeeLogin - - - 200 - text/html;+charset=utf-8 10.1339ms
2023-05-18 22:12:06.915 +05:30 [INF] Request starting HTTP/1.1 GET http://localhost:5211/Employee/slide navbar style.css - -
2023-05-18 22:12:06.916 +05:30 [INF] Request finished HTTP/1.1 GET http://localhost:5211/Employee/slide navbar style.css - - - 404 0 - 0.8137ms
2023-05-18 22:12:21.192 +05:30 [INF] Request starting HTTP/1.1 GET http://localhost:5211/EmployeeData/Index - -
2023-05-18 22:12:21.231 +05:30 [INF] Authorization failed. These requirements were not met:
DenyAnonymousAuthorizationRequirement: Requires an authenticated user.
2023-05-18 22:12:21.242 +05:30 [INF] AuthenticationScheme: Bearer was challenged.
2023-05-18 22:12:21.242 +05:30 [INF] Request finished HTTP/1.1 GET http://localhost:5211/EmployeeData/Index - - - 401 0 - 49.9103ms
2023-05-18 22:47:34.784 +05:30 [INF] Request starting HTTP/1.1 GET http://localhost:5211/EmployeeData/Profile - -
2023-05-18 22:47:35.584 +05:30 [INF] Executing endpoint 'EmployeeDataController.Controllers.EmployeeDataController.Profile (IdentityManagement)'
2023-05-18 22:47:35.669 +05:30 [INF] Route matched with {action = "Profile", controller = "EmployeeData"}. Executing controller action with signature System.Threading.Tasks.Task`1[Microsoft.AspNetCore.Mvc.IActionResult] Profile() on controller EmployeeDataController.Controllers.EmployeeDataController (IdentityManagement).
2023-05-18 22:47:36.515 +05:30 [INF] Executed DbCommand (57ms) [Parameters=[@__mail_0='?' (Size = 4000)], CommandType='"Text"', CommandTimeout='30']
SELECT [e].[ID], [e].[Aadhaar], [e].[Address], [e].[DateofBirth], [e].[EmployeePackage], [e].[Experience], [e].[Gender], [e].[MobileNumber], [e].[Name], [e].[Password], [e].[ProfilePicture], [e].[TeamName], [e].[UserID]
FROM [Employeess] AS [e]
WHERE [e].[UserID] = @__mail_0
2023-05-18 22:47:37.243 +05:30 [INF] Executing ViewResult, running view Profile.
2023-05-18 22:47:37.853 +05:30 [INF] Executed ViewResult - view Profile executed in 653.6075ms.
2023-05-18 22:47:37.853 +05:30 [INF] Executed action EmployeeDataController.Controllers.EmployeeDataController.Profile (IdentityManagement) in 2184.3197ms
2023-05-18 22:47:37.853 +05:30 [INF] Executed endpoint 'EmployeeDataController.Controllers.EmployeeDataController.Profile (IdentityManagement)'
2023-05-18 22:47:37.854 +05:30 [INF] Request finished HTTP/1.1 GET http://localhost:5211/EmployeeData/Profile - - - 200 - text/html;+charset=utf-8 3076.1236ms
2023-05-18 22:47:38.414 +05:30 [INF] Request starting HTTP/1.1 GET http://localhost:5211/css/EmployeeProfile.css?v=w2_QZJHs7IoxQXIx2mut73-6J8UOcj3EScwpzWTPHCg - -
2023-05-18 22:47:38.466 +05:30 [INF] Sending file. Request path: '/css/EmployeeProfile.css'. Physical path: 'C:\Users\sargu\Desktop\shanmugasundaram\IdentityManagement\wwwroot\css\EmployeeProfile.css'
2023-05-18 22:47:38.466 +05:30 [INF] Request finished HTTP/1.1 GET http://localhost:5211/css/EmployeeProfile.css?v=w2_QZJHs7IoxQXIx2mut73-6J8UOcj3EScwpzWTPHCg - - - 200 1682 text/css 51.6631ms
2023-05-18 22:47:38.547 +05:30 [INF] Request starting HTTP/1.1 GET http://localhost:5211/images/75730bf3-8589-45ff-959a-68357f6e8d35                            .jpg - -
2023-05-18 22:47:38.548 +05:30 [INF] Request finished HTTP/1.1 GET http://localhost:5211/images/75730bf3-8589-45ff-959a-68357f6e8d35                            .jpg - - - 404 0 - 1.6655ms
2023-05-18 22:47:54.612 +05:30 [INF] Request starting HTTP/1.1 GET http://localhost:5211/EmployeeData/Indexes - -
2023-05-18 22:47:54.625 +05:30 [INF] Authorization failed. These requirements were not met:
DenyAnonymousAuthorizationRequirement: Requires an authenticated user.
2023-05-18 22:47:54.645 +05:30 [INF] AuthenticationScheme: Bearer was challenged.
2023-05-18 22:47:54.645 +05:30 [INF] Request finished HTTP/1.1 GET http://localhost:5211/EmployeeData/Indexes - - - 401 0 - 33.5298ms
2023-05-18 22:48:05.475 +05:30 [INF] Request starting HTTP/1.1 GET http://localhost:5211/EmployeeData/Profile - -
2023-05-18 22:48:05.477 +05:30 [INF] Executing endpoint 'EmployeeDataController.Controllers.EmployeeDataController.Profile (IdentityManagement)'
2023-05-18 22:48:05.478 +05:30 [INF] Route matched with {action = "Profile", controller = "EmployeeData"}. Executing controller action with signature System.Threading.Tasks.Task`1[Microsoft.AspNetCore.Mvc.IActionResult] Profile() on controller EmployeeDataController.Controllers.EmployeeDataController (IdentityManagement).
2023-05-18 22:48:05.526 +05:30 [INF] Executed DbCommand (22ms) [Parameters=[@__mail_0='?' (Size = 4000)], CommandType='"Text"', CommandTimeout='30']
SELECT [e].[ID], [e].[Aadhaar], [e].[Address], [e].[DateofBirth], [e].[EmployeePackage], [e].[Experience], [e].[Gender], [e].[MobileNumber], [e].[Name], [e].[Password], [e].[ProfilePicture], [e].[TeamName], [e].[UserID]
FROM [Employeess] AS [e]
WHERE [e].[UserID] = @__mail_0
2023-05-18 22:48:05.542 +05:30 [INF] Executing ViewResult, running view Profile.
2023-05-18 22:48:05.545 +05:30 [INF] Executed ViewResult - view Profile executed in 3.1786ms.
2023-05-18 22:48:05.545 +05:30 [INF] Executed action EmployeeDataController.Controllers.EmployeeDataController.Profile (IdentityManagement) in 66.3635ms
2023-05-18 22:48:05.545 +05:30 [INF] Executed endpoint 'EmployeeDataController.Controllers.EmployeeDataController.Profile (IdentityManagement)'
2023-05-18 22:48:05.545 +05:30 [INF] Request finished HTTP/1.1 GET http://localhost:5211/EmployeeData/Profile - - - 200 - text/html;+charset=utf-8 70.2411ms
2023-05-18 22:48:06.136 +05:30 [INF] Request starting HTTP/1.1 GET http://localhost:5211/images/75730bf3-8589-45ff-959a-68357f6e8d35                            .jpg - -
2023-05-18 22:48:06.137 +05:30 [INF] Request finished HTTP/1.1 GET http://localhost:5211/images/75730bf3-8589-45ff-959a-68357f6e8d35                            .jpg - - - 404 0 - 1.0167ms
2023-05-18 22:51:07.206 +05:30 [INF] Request starting HTTP/1.1 GET http://localhost:5211/EmployeeData/request - -
2023-05-18 22:51:07.208 +05:30 [INF] Request finished HTTP/1.1 GET http://localhost:5211/EmployeeData/request - - - 404 0 - 1.4463ms
2023-05-18 22:51:14.329 +05:30 [INF] Request starting HTTP/1.1 GET http://localhost:5211/EmployeeData/Request - -
2023-05-18 22:51:14.330 +05:30 [INF] Request finished HTTP/1.1 GET http://localhost:5211/EmployeeData/Request - - - 404 0 - 1.1018ms
2023-05-18 22:52:33.036 +05:30 [INF] Request starting HTTP/1.1 GET http://localhost:5211/EmployeeData/Index - -
2023-05-18 22:52:33.044 +05:30 [INF] Executing endpoint 'EmployeeDataController.Controllers.EmployeeDataController.Index (IdentityManagement)'
2023-05-18 22:52:33.066 +05:30 [INF] Route matched with {action = "Index", controller = "EmployeeData"}. Executing controller action with signature System.Threading.Tasks.Task`1[Microsoft.AspNetCore.Mvc.IActionResult] Index(System.String, System.String, System.String, System.Nullable`1[System.Int32]) on controller EmployeeDataController.Controllers.EmployeeDataController (IdentityManagement).
2023-05-18 22:52:33.118 +05:30 [INF] Executed DbCommand (6ms) [Parameters=[], CommandType='"Text"', CommandTimeout='30']
SELECT COUNT(*)
FROM [Employeess] AS [e]
2023-05-18 22:52:33.218 +05:30 [INF] Executed DbCommand (90ms) [Parameters=[@__p_0='?' (DbType = Int32), @__p_1='?' (DbType = Int32)], CommandType='"Text"', CommandTimeout='30']
SELECT [e].[ID], [e].[Aadhaar], [e].[Address], [e].[DateofBirth], [e].[EmployeePackage], [e].[Experience], [e].[Gender], [e].[MobileNumber], [e].[Name], [e].[Password], [e].[ProfilePicture], [e].[TeamName], [e].[UserID]
FROM [Employeess] AS [e]
ORDER BY [e].[DateofBirth]
OFFSET @__p_0 ROWS FETCH NEXT @__p_1 ROWS ONLY
2023-05-18 22:52:33.236 +05:30 [INF] Executing ViewResult, running view Index.
2023-05-18 22:52:33.250 +05:30 [INF] Executed ViewResult - view Index executed in 16.3903ms.
2023-05-18 22:52:33.250 +05:30 [INF] Executed action EmployeeDataController.Controllers.EmployeeDataController.Index (IdentityManagement) in 183.8756ms
2023-05-18 22:52:33.250 +05:30 [INF] Executed endpoint 'EmployeeDataController.Controllers.EmployeeDataController.Index (IdentityManagement)'
2023-05-18 22:52:33.251 +05:30 [INF] Request finished HTTP/1.1 GET http://localhost:5211/EmployeeData/Index - - - 200 - text/html;+charset=utf-8 214.4663ms
2023-05-18 22:52:33.825 +05:30 [INF] Request starting HTTP/1.1 GET http://localhost:5211/images/8f4a4507-b829-443c-88f7-dce2454c2b9f                              .jpg - -
2023-05-18 22:52:33.826 +05:30 [INF] Request finished HTTP/1.1 GET http://localhost:5211/images/8f4a4507-b829-443c-88f7-dce2454c2b9f                              .jpg - - - 404 0 - 0.8190ms
2023-05-18 22:52:33.828 +05:30 [INF] Request starting HTTP/1.1 GET http://localhost:5211/images/75730bf3-8589-45ff-959a-68357f6e8d35                              .jpg - -
2023-05-18 22:52:33.829 +05:30 [INF] Request finished HTTP/1.1 GET http://localhost:5211/images/75730bf3-8589-45ff-959a-68357f6e8d35                              .jpg - - - 404 0 - 0.6693ms
2023-05-18 22:54:10.292 +05:30 [INF] Application is shutting down...
