2023-05-29 09:29:04.243 +05:30 [INF] User profile is available. Using 'C:\Users\sargu\AppData\Local\ASP.NET\DataProtection-Keys' as key repository and Windows DPAPI to encrypt keys at rest.
2023-05-29 09:29:04.861 +05:30 [INF] Now listening on: http://localhost:5211
2023-05-29 09:29:04.894 +05:30 [INF] Application started. Press Ctrl+C to shut down.
2023-05-29 09:29:04.894 +05:30 [INF] Hosting environment: Development
2023-05-29 09:29:04.894 +05:30 [INF] Content root path: C:\Users\sargu\Desktop\FinalProject\IdentityManagement
2023-05-29 09:29:10.792 +05:30 [INF] Request starting HTTP/1.1 GET http://localhost:5211/ - -
2023-05-29 09:29:12.334 +05:30 [WRN] Failed to determine the https port for redirect.
2023-05-29 09:29:13.389 +05:30 [INF] Executing endpoint 'IdentityManagement.Controllers.HomeController.Index (IdentityManagement)'
2023-05-29 09:29:13.624 +05:30 [INF] Route matched with {action = "Index", controller = "Home"}. Executing controller action with signature Microsoft.AspNetCore.Mvc.IActionResult Index() on controller IdentityManagement.Controllers.HomeController (IdentityManagement).
2023-05-29 09:29:13.774 +05:30 [INF] Executing ViewResult, running view Index.
2023-05-29 09:29:15.768 +05:30 [INF] Executed ViewResult - view Index executed in 2001.3228ms.
2023-05-29 09:29:15.771 +05:30 [INF] Executed action IdentityManagement.Controllers.HomeController.Index (IdentityManagement) in 2145.8021ms
2023-05-29 09:29:15.772 +05:30 [INF] Executed endpoint 'IdentityManagement.Controllers.HomeController.Index (IdentityManagement)'
2023-05-29 09:29:16.648 +05:30 [INF] Request finished HTTP/1.1 GET http://localhost:5211/ - - - 200 - text/html;+charset=utf-8 5900.4593ms
2023-05-29 09:29:17.933 +05:30 [INF] Request starting HTTP/1.1 GET http://localhost:5211/_framework/aspnetcore-browser-refresh.js - -
2023-05-29 09:29:17.938 +05:30 [INF] Request finished HTTP/1.1 GET http://localhost:5211/_framework/aspnetcore-browser-refresh.js - - - 200 11963 application/javascript;+charset=utf-8 4.6605ms
2023-05-29 11:08:37.986 +05:30 [INF] Application is shutting down...
2023-05-29 21:02:53.613 +05:30 [INF] User profile is available. Using 'C:\Users\sargu\AppData\Local\ASP.NET\DataProtection-Keys' as key repository and Windows DPAPI to encrypt keys at rest.
2023-05-29 21:02:54.156 +05:30 [INF] Now listening on: http://localhost:5211
2023-05-29 21:02:54.187 +05:30 [INF] Application started. Press Ctrl+C to shut down.
2023-05-29 21:02:54.187 +05:30 [INF] Hosting environment: Development
2023-05-29 21:02:54.187 +05:30 [INF] Content root path: C:\Users\sargu\Desktop\FinalProject\IdentityManagement
2023-05-29 21:02:57.338 +05:30 [INF] Request starting HTTP/1.1 GET http://localhost:5211/ - -
2023-05-29 21:02:57.820 +05:30 [WRN] Failed to determine the https port for redirect.
2023-05-29 21:02:58.770 +05:30 [INF] Executing endpoint 'IdentityManagement.Controllers.HomeController.Index (IdentityManagement)'
2023-05-29 21:02:59.115 +05:30 [INF] Route matched with {action = "Index", controller = "Home"}. Executing controller action with signature Microsoft.AspNetCore.Mvc.IActionResult Index() on controller IdentityManagement.Controllers.HomeController (IdentityManagement).
2023-05-29 21:02:59.413 +05:30 [INF] Executing ViewResult, running view Index.
2023-05-29 21:03:00.262 +05:30 [INF] Executed ViewResult - view Index executed in 1027.2122ms.
2023-05-29 21:03:00.266 +05:30 [INF] Executed action IdentityManagement.Controllers.HomeController.Index (IdentityManagement) in 1145.3693ms
2023-05-29 21:03:00.266 +05:30 [INF] Executed endpoint 'IdentityManagement.Controllers.HomeController.Index (IdentityManagement)'
2023-05-29 21:03:00.519 +05:30 [INF] Request finished HTTP/1.1 GET http://localhost:5211/ - - - 200 - text/html;+charset=utf-8 3469.6259ms
2023-05-29 21:03:00.922 +05:30 [INF] Request starting HTTP/1.1 GET http://localhost:5211/_framework/aspnetcore-browser-refresh.js - -
2023-05-29 21:03:00.934 +05:30 [INF] Request finished HTTP/1.1 GET http://localhost:5211/_framework/aspnetcore-browser-refresh.js - - - 200 11963 application/javascript;+charset=utf-8 12.4583ms
2023-05-29 21:03:06.818 +05:30 [INF] Request starting HTTP/1.1 GET http://localhost:5211/Admin/AdminLogin - -
2023-05-29 21:03:06.828 +05:30 [INF] Executing endpoint 'IdentityManagement.Controllers.AdminController.AdminLogin (IdentityManagement)'
2023-05-29 21:03:06.833 +05:30 [INF] Route matched with {action = "AdminLogin", controller = "Admin"}. Executing controller action with signature Microsoft.AspNetCore.Mvc.IActionResult AdminLogin() on controller IdentityManagement.Controllers.AdminController (IdentityManagement).
2023-05-29 21:03:06.840 +05:30 [INF] Executing ViewResult, running view AdminLogin.
2023-05-29 21:03:07.319 +05:30 [INF] Executed ViewResult - view AdminLogin executed in 481.4538ms.
2023-05-29 21:03:07.320 +05:30 [INF] Executed action IdentityManagement.Controllers.AdminController.AdminLogin (IdentityManagement) in 487.0054ms
2023-05-29 21:03:07.320 +05:30 [INF] Executed endpoint 'IdentityManagement.Controllers.AdminController.AdminLogin (IdentityManagement)'
2023-05-29 21:03:07.320 +05:30 [INF] Request finished HTTP/1.1 GET http://localhost:5211/Admin/AdminLogin - - - 200 - text/html;+charset=utf-8 502.1471ms
2023-05-29 21:03:07.526 +05:30 [INF] Request starting HTTP/1.1 GET http://localhost:5211/css/login.css?v=i6jE1K6FOEzzUP9vY7KX9e73WrgSAVVmNoBqIp33Ul8 - -
2023-05-29 21:03:07.532 +05:30 [INF] Request starting HTTP/1.1 GET http://localhost:5211/Admin/slide navbar style.css - -
2023-05-29 21:03:07.672 +05:30 [INF] The file /css/login.css was not modified
2023-05-29 21:03:07.674 +05:30 [INF] Request finished HTTP/1.1 GET http://localhost:5211/css/login.css?v=i6jE1K6FOEzzUP9vY7KX9e73WrgSAVVmNoBqIp33Ul8 - - - 304 - text/css 147.9452ms
2023-05-29 21:03:07.683 +05:30 [INF] Request finished HTTP/1.1 GET http://localhost:5211/Admin/slide navbar style.css - - - 404 0 - 151.2927ms
2023-05-29 21:03:07.799 +05:30 [INF] Request starting HTTP/1.1 GET http://localhost:5211/Admin/js/popper.js - -
2023-05-29 21:03:07.801 +05:30 [INF] Request finished HTTP/1.1 GET http://localhost:5211/Admin/js/popper.js - - - 404 0 - 1.7547ms
2023-05-29 21:03:07.802 +05:30 [INF] Request starting HTTP/1.1 GET http://localhost:5211/Admin/js/main.js - -
2023-05-29 21:03:07.803 +05:30 [INF] Request finished HTTP/1.1 GET http://localhost:5211/Admin/js/main.js - - - 404 0 - 1.0486ms
2023-05-29 21:03:07.803 +05:30 [INF] Request starting HTTP/1.1 GET http://localhost:5211/_framework/aspnetcore-browser-refresh.js - -
2023-05-29 21:03:07.804 +05:30 [INF] Request finished HTTP/1.1 GET http://localhost:5211/_framework/aspnetcore-browser-refresh.js - - - 200 11963 application/javascript;+charset=utf-8 0.6414ms
2023-05-29 21:03:07.804 +05:30 [INF] Request starting HTTP/1.1 GET http://localhost:5211/Admin/js/jquery.min.js - -
2023-05-29 21:03:07.805 +05:30 [INF] Request finished HTTP/1.1 GET http://localhost:5211/Admin/js/jquery.min.js - - - 404 0 - 0.9995ms
2023-05-29 21:03:07.806 +05:30 [INF] Request starting HTTP/1.1 GET http://localhost:5211/Admin/js/bootstrap.min.js - -
2023-05-29 21:03:07.807 +05:30 [INF] Request finished HTTP/1.1 GET http://localhost:5211/Admin/js/bootstrap.min.js - - - 404 0 - 1.1271ms
2023-05-29 21:03:11.290 +05:30 [INF] Request starting HTTP/1.1 POST http://localhost:5211/Admin/AdminLogin application/x-www-form-urlencoded 239
2023-05-29 21:03:11.291 +05:30 [INF] Executing endpoint 'IdentityManagement.Controllers.AdminController.AdminLoginAsync (IdentityManagement)'
2023-05-29 21:03:11.365 +05:30 [INF] Route matched with {action = "AdminLogin", controller = "Admin"}. Executing controller action with signature System.Threading.Tasks.Task`1[Microsoft.AspNetCore.Mvc.IActionResult] AdminLoginAsync(User, IdentityManagement.Models.Database) on controller IdentityManagement.Controllers.AdminController (IdentityManagement).
2023-05-29 21:03:15.241 +05:30 [INF] AuthenticationScheme: Cookies signed in.
2023-05-29 21:03:15.362 +05:30 [INF] Executing ViewResult, running view Profile.
2023-05-29 21:03:15.400 +05:30 [INF] Executed ViewResult - view Profile executed in 39.086ms.
2023-05-29 21:03:15.400 +05:30 [INF] Executed action IdentityManagement.Controllers.AdminController.AdminLoginAsync (IdentityManagement) in 4035.3964ms
2023-05-29 21:03:15.400 +05:30 [INF] Executed endpoint 'IdentityManagement.Controllers.AdminController.AdminLoginAsync (IdentityManagement)'
2023-05-29 21:03:15.433 +05:30 [INF] Session started; Key:bee06ecf-bedf-b850-cdf5-28bfb794badd, Id:41858f04-035c-ef4b-9230-52b19ff03953
2023-05-29 21:03:15.434 +05:30 [INF] Request finished HTTP/1.1 POST http://localhost:5211/Admin/AdminLogin application/x-www-form-urlencoded 239 - 200 - text/html;+charset=utf-8 4144.2265ms
2023-05-29 21:03:15.525 +05:30 [INF] Request starting HTTP/1.1 GET http://localhost:5211/_framework/aspnetcore-browser-refresh.js - -
2023-05-29 21:03:15.525 +05:30 [INF] Request finished HTTP/1.1 GET http://localhost:5211/_framework/aspnetcore-browser-refresh.js - - - 200 11963 application/javascript;+charset=utf-8 0.3855ms
2023-05-29 21:03:18.260 +05:30 [INF] Request starting HTTP/1.1 GET http://localhost:5211/EmployeeData - -
2023-05-29 21:03:18.279 +05:30 [INF] Executing endpoint 'EmployeeDataController.Controllers.EmployeeDataController.Index (IdentityManagement)'
2023-05-29 21:03:18.291 +05:30 [INF] Route matched with {action = "Index", controller = "EmployeeData"}. Executing controller action with signature System.Threading.Tasks.Task`1[Microsoft.AspNetCore.Mvc.IActionResult] Index(System.String, System.String, System.String, System.Nullable`1[System.Int32]) on controller EmployeeDataController.Controllers.EmployeeDataController (IdentityManagement).
2023-05-29 21:03:25.913 +05:30 [INF] Executed DbCommand (272ms) [Parameters=[], CommandType='"Text"', CommandTimeout='30']
SELECT COUNT(*)
FROM [Employeess] AS [e]
2023-05-29 21:03:27.177 +05:30 [INF] Executed DbCommand (708ms) [Parameters=[@__p_0='?' (DbType = Int32), @__p_1='?' (DbType = Int32)], CommandType='"Text"', CommandTimeout='30']
SELECT [e].[ID], [e].[Aadhaar], [e].[Address], [e].[DateofBirth], [e].[EmployeePackage], [e].[Experience], [e].[Gender], [e].[MobileNumber], [e].[Name], [e].[Password], [e].[ProfilePicture], [e].[TeamName], [e].[UserID]
FROM [Employeess] AS [e]
ORDER BY [e].[DateofBirth]
OFFSET @__p_0 ROWS FETCH NEXT @__p_1 ROWS ONLY
2023-05-29 21:03:27.292 +05:30 [INF] Executing ViewResult, running view Index.
2023-05-29 21:03:27.562 +05:30 [INF] Executed ViewResult - view Index executed in 278.0219ms.
2023-05-29 21:03:27.565 +05:30 [INF] Executed action EmployeeDataController.Controllers.EmployeeDataController.Index (IdentityManagement) in 9273.0778ms
2023-05-29 21:03:27.565 +05:30 [INF] Executed endpoint 'EmployeeDataController.Controllers.EmployeeDataController.Index (IdentityManagement)'
2023-05-29 21:03:27.631 +05:30 [INF] Request finished HTTP/1.1 GET http://localhost:5211/EmployeeData - - - 200 - text/html;+charset=utf-8 9370.8133ms
2023-05-29 21:03:27.963 +05:30 [INF] Request starting HTTP/1.1 GET http://localhost:5211/css/Index.css?v=iiqcz8g0UQ61X6oWOdzIZxmEdvb8KWMWXKKJIvMubEc - -
2023-05-29 21:03:27.964 +05:30 [INF] The file /css/Index.css was not modified
2023-05-29 21:03:27.964 +05:30 [INF] Request starting HTTP/1.1 GET http://localhost:5211/images/75ec4ff5-c8fd-4f5d-a812-32c0ae4d70b5 .jpg - -
2023-05-29 21:03:27.964 +05:30 [INF] Request finished HTTP/1.1 GET http://localhost:5211/css/Index.css?v=iiqcz8g0UQ61X6oWOdzIZxmEdvb8KWMWXKKJIvMubEc - - - 304 - text/css 1.5456ms
2023-05-29 21:03:27.964 +05:30 [INF] Request starting HTTP/1.1 GET http://localhost:5211/images/4883f677-a3da-40bf-9988-a0593032f463 .jpg - -
2023-05-29 21:03:27.965 +05:30 [INF] Request starting HTTP/1.1 GET http://localhost:5211/_framework/aspnetcore-browser-refresh.js - -
2023-05-29 21:03:27.965 +05:30 [INF] Request finished HTTP/1.1 GET http://localhost:5211/_framework/aspnetcore-browser-refresh.js - - - 200 11963 application/javascript;+charset=utf-8 0.1872ms
2023-05-29 21:03:27.976 +05:30 [INF] The file /images/4883f677-a3da-40bf-9988-a0593032f463 .jpg was not modified
2023-05-29 21:03:27.978 +05:30 [INF] Request finished HTTP/1.1 GET http://localhost:5211/images/4883f677-a3da-40bf-9988-a0593032f463 .jpg - - - 304 - image/jpeg 13.3004ms
2023-05-29 21:03:27.980 +05:30 [INF] The file /images/75ec4ff5-c8fd-4f5d-a812-32c0ae4d70b5 .jpg was not modified
2023-05-29 21:03:27.980 +05:30 [INF] Request finished HTTP/1.1 GET http://localhost:5211/images/75ec4ff5-c8fd-4f5d-a812-32c0ae4d70b5 .jpg - - - 304 - image/jpeg 16.4655ms
2023-05-29 21:03:28.086 +05:30 [INF] Request starting HTTP/1.1 GET http://localhost:5211/images/8f4a4507-b829-443c-88f7-dce2454c2b9f .jpg - -
2023-05-29 21:03:28.089 +05:30 [INF] The file /images/8f4a4507-b829-443c-88f7-dce2454c2b9f .jpg was not modified
2023-05-29 21:03:28.089 +05:30 [INF] Request finished HTTP/1.1 GET http://localhost:5211/images/8f4a4507-b829-443c-88f7-dce2454c2b9f .jpg - - - 304 - image/jpeg 3.3654ms
2023-05-29 21:04:33.542 +05:30 [INF] User profile is available. Using 'C:\Users\sargu\AppData\Local\ASP.NET\DataProtection-Keys' as key repository and Windows DPAPI to encrypt keys at rest.
2023-05-29 21:04:34.022 +05:30 [INF] Now listening on: http://localhost:5211
2023-05-29 21:04:34.036 +05:30 [INF] Application started. Press Ctrl+C to shut down.
2023-05-29 21:04:34.036 +05:30 [INF] Hosting environment: Development
2023-05-29 21:04:34.036 +05:30 [INF] Content root path: C:\Users\sargu\Desktop\FinalProject\IdentityManagement
2023-05-29 21:04:36.786 +05:30 [INF] Request starting HTTP/1.1 GET http://localhost:5211/EmployeeData - -
2023-05-29 21:04:36.916 +05:30 [WRN] Failed to determine the https port for redirect.
2023-05-29 21:04:37.316 +05:30 [INF] Executing endpoint 'EmployeeDataController.Controllers.EmployeeDataController.Index (IdentityManagement)'
2023-05-29 21:04:37.430 +05:30 [INF] Route matched with {action = "Index", controller = "EmployeeData"}. Executing controller action with signature System.Threading.Tasks.Task`1[Microsoft.AspNetCore.Mvc.IActionResult] Index(System.String, System.String, System.String, System.Nullable`1[System.Int32]) on controller EmployeeDataController.Controllers.EmployeeDataController (IdentityManagement).
2023-05-29 21:04:43.385 +05:30 [INF] Executed DbCommand (128ms) [Parameters=[], CommandType='"Text"', CommandTimeout='30']
SELECT COUNT(*)
FROM [Employeess] AS [e]
2023-05-29 21:04:44.079 +05:30 [INF] Executed DbCommand (136ms) [Parameters=[@__p_0='?' (DbType = Int32), @__p_1='?' (DbType = Int32)], CommandType='"Text"', CommandTimeout='30']
SELECT [e].[ID], [e].[Aadhaar], [e].[Address], [e].[DateofBirth], [e].[EmployeePackage], [e].[Experience], [e].[Gender], [e].[MobileNumber], [e].[Name], [e].[Password], [e].[ProfilePicture], [e].[TeamName], [e].[UserID]
FROM [Employeess] AS [e]
ORDER BY [e].[DateofBirth]
OFFSET @__p_0 ROWS FETCH NEXT @__p_1 ROWS ONLY
2023-05-29 21:04:44.223 +05:30 [INF] Executing OkObjectResult, writing value of type 'IdentityManagement.Models.PaginatedList`1[[IdentityManagement.Models.EmployeeData, IdentityManagement, Version=1.0.0.0, Culture=neutral, PublicKeyToken=null]]'.
2023-05-29 21:04:44.390 +05:30 [INF] Executed action EmployeeDataController.Controllers.EmployeeDataController.Index (IdentityManagement) in 6932.5134ms
2023-05-29 21:04:44.393 +05:30 [INF] Executed endpoint 'EmployeeDataController.Controllers.EmployeeDataController.Index (IdentityManagement)'
2023-05-29 21:04:44.420 +05:30 [INF] Request finished HTTP/1.1 GET http://localhost:5211/EmployeeData - - - 200 - application/json;+charset=utf-8 7653.4086ms
